{"/home/runner/work/EasyCart/EasyCart/frontend/src/App.js": {"path":"/home/runner/work/EasyCart/EasyCart/frontend/src/App.js","statementMap":{"0":{"start":{"line":30,"column":2},"end":{"line":30,"column":19}},"1":{"start":{"line":32,"column":2},"end":{"line":34,"column":9}},"2":{"start":{"line":33,"column":4},"end":{"line":33,"column":33}},"3":{"start":{"line":36,"column":2},"end":{"line":84,"column":4}}},"fnMap":{"0":{"name":"App","decl":{"start":{"line":29,"column":9},"end":{"line":29,"column":12}},"loc":{"start":{"line":29,"column":15},"end":{"line":85,"column":1}},"line":29},"1":{"name":"(anonymous_1)","decl":{"start":{"line":32,"column":12},"end":{"line":32,"column":13}},"loc":{"start":{"line":32,"column":18},"end":{"line":34,"column":3}},"line":32}},"branchMap":{},"s":{"0":0,"1":0,"2":0,"3":0},"f":{"0":0,"1":0},"b":{}}
,"/home/runner/work/EasyCart/EasyCart/frontend/src/index.js": {"path":"/home/runner/work/EasyCart/EasyCart/frontend/src/index.js","statementMap":{"0":{"start":{"line":8,"column":13},"end":{"line":8,"column":65}},"1":{"start":{"line":9,"column":0},"end":{"line":15,"column":2}}},"fnMap":{},"branchMap":{},"s":{"0":0,"1":0},"f":{},"b":{}}
,"/home/runner/work/EasyCart/EasyCart/frontend/src/components/BannerCarousel.js": {"path":"/home/runner/work/EasyCart/EasyCart/frontend/src/components/BannerCarousel.js","statementMap":{"0":{"start":{"line":3,"column":16},"end":{"line":24,"column":1}},"1":{"start":{"line":26,"column":23},"end":{"line":60,"column":1}},"2":{"start":{"line":27,"column":32},"end":{"line":27,"column":49}},"3":{"start":{"line":28,"column":2},"end":{"line":31,"column":9}},"4":{"start":{"line":29,"column":18},"end":{"line":29,"column":86}},"5":{"start":{"line":29,"column":36},"end":{"line":29,"column":79}},"6":{"start":{"line":29,"column":54},"end":{"line":29,"column":78}},"7":{"start":{"line":30,"column":4},"end":{"line":30,"column":38}},"8":{"start":{"line":30,"column":17},"end":{"line":30,"column":37}},"9":{"start":{"line":32,"column":2},"end":{"line":59,"column":4}},"10":{"start":{"line":35,"column":8},"end":{"line":46,"column":12}},"11":{"start":{"line":50,"column":10},"end":{"line":55,"column":12}},"12":{"start":{"line":53,"column":27},"end":{"line":53,"column":42}}},"fnMap":{"0":{"name":"(anonymous_0)","decl":{"start":{"line":26,"column":23},"end":{"line":26,"column":24}},"loc":{"start":{"line":26,"column":29},"end":{"line":60,"column":1}},"line":26},"1":{"name":"(anonymous_1)","decl":{"start":{"line":28,"column":18},"end":{"line":28,"column":19}},"loc":{"start":{"line":28,"column":24},"end":{"line":31,"column":3}},"line":28},"2":{"name":"(anonymous_2)","decl":{"start":{"line":29,"column":30},"end":{"line":29,"column":31}},"loc":{"start":{"line":29,"column":36},"end":{"line":29,"column":79}},"line":29},"3":{"name":"(anonymous_3)","decl":{"start":{"line":29,"column":47},"end":{"line":29,"column":48}},"loc":{"start":{"line":29,"column":54},"end":{"line":29,"column":78}},"line":29},"4":{"name":"(anonymous_4)","decl":{"start":{"line":30,"column":11},"end":{"line":30,"column":12}},"loc":{"start":{"line":30,"column":17},"end":{"line":30,"column":37}},"line":30},"5":{"name":"(anonymous_5)","decl":{"start":{"line":34,"column":19},"end":{"line":34,"column":20}},"loc":{"start":{"line":35,"column":8},"end":{"line":46,"column":12}},"line":35},"6":{"name":"(anonymous_6)","decl":{"start":{"line":49,"column":21},"end":{"line":49,"column":22}},"loc":{"start":{"line":50,"column":10},"end":{"line":55,"column":12}},"line":50},"7":{"name":"(anonymous_7)","decl":{"start":{"line":53,"column":21},"end":{"line":53,"column":22}},"loc":{"start":{"line":53,"column":27},"end":{"line":53,"column":42}},"line":53}},"branchMap":{"0":{"loc":{"start":{"line":38,"column":73},"end":{"line":38,"column":127}},"type":"cond-expr","locations":[{"start":{"line":38,"column":91},"end":{"line":38,"column":109}},{"start":{"line":38,"column":112},"end":{"line":38,"column":127}}],"line":38},"1":{"loc":{"start":{"line":52,"column":51},"end":{"line":52,"column":116}},"type":"cond-expr","locations":[{"start":{"line":52,"column":69},"end":{"line":52,"column":81}},{"start":{"line":52,"column":84},"end":{"line":52,"column":116}}],"line":52}},"s":{"0":0,"1":0,"2":0,"3":0,"4":0,"5":0,"6":0,"7":0,"8":0,"9":0,"10":0,"11":0,"12":0},"f":{"0":0,"1":0,"2":0,"3":0,"4":0,"5":0,"6":0,"7":0},"b":{"0":[0,0],"1":[0,0]}}
,"/home/runner/work/EasyCart/EasyCart/frontend/src/components/CategoryNav.js": {"path":"/home/runner/work/EasyCart/EasyCart/frontend/src/components/CategoryNav.js","statementMap":{"0":{"start":{"line":3,"column":19},"end":{"line":19,"column":1}},"1":{"start":{"line":21,"column":20},"end":{"line":36,"column":1}},"2":{"start":{"line":22,"column":2},"end":{"line":35,"column":8}},"3":{"start":{"line":25,"column":8},"end":{"line":32,"column":13}},"4":{"start":{"line":28,"column":27},"end":{"line":28,"column":48}}},"fnMap":{"0":{"name":"(anonymous_0)","decl":{"start":{"line":21,"column":20},"end":{"line":21,"column":21}},"loc":{"start":{"line":22,"column":2},"end":{"line":35,"column":8}},"line":22},"1":{"name":"(anonymous_1)","decl":{"start":{"line":24,"column":22},"end":{"line":24,"column":23}},"loc":{"start":{"line":25,"column":8},"end":{"line":32,"column":13}},"line":25},"2":{"name":"(anonymous_2)","decl":{"start":{"line":28,"column":21},"end":{"line":28,"column":22}},"loc":{"start":{"line":28,"column":27},"end":{"line":28,"column":48}},"line":28}},"branchMap":{"0":{"loc":{"start":{"line":27,"column":80},"end":{"line":27,"column":180}},"type":"cond-expr","locations":[{"start":{"line":27,"column":107},"end":{"line":27,"column":130}},{"start":{"line":27,"column":133},"end":{"line":27,"column":180}}],"line":27}},"s":{"0":0,"1":0,"2":0,"3":0,"4":0},"f":{"0":0,"1":0,"2":0},"b":{"0":[0,0]}}
,"/home/runner/work/EasyCart/EasyCart/frontend/src/components/ErrorBoundary.js": {"path":"/home/runner/work/EasyCart/EasyCart/frontend/src/components/ErrorBoundary.js","statementMap":{"0":{"start":{"line":5,"column":4},"end":{"line":5,"column":17}},"1":{"start":{"line":6,"column":4},"end":{"line":6,"column":50}},"2":{"start":{"line":10,"column":4},"end":{"line":10,"column":37}},"3":{"start":{"line":14,"column":4},"end":{"line":14,"column":65}},"4":{"start":{"line":18,"column":4},"end":{"line":45,"column":5}},"5":{"start":{"line":19,"column":6},"end":{"line":44,"column":8}},"6":{"start":{"line":31,"column":27},"end":{"line":31,"column":74}},"7":{"start":{"line":47,"column":4},"end":{"line":47,"column":31}}},"fnMap":{"0":{"name":"(anonymous_0)","decl":{"start":{"line":4,"column":2},"end":{"line":4,"column":3}},"loc":{"start":{"line":4,"column":21},"end":{"line":7,"column":3}},"line":4},"1":{"name":"(anonymous_1)","decl":{"start":{"line":9,"column":2},"end":{"line":9,"column":3}},"loc":{"start":{"line":9,"column":41},"end":{"line":11,"column":3}},"line":9},"2":{"name":"(anonymous_2)","decl":{"start":{"line":13,"column":2},"end":{"line":13,"column":3}},"loc":{"start":{"line":13,"column":38},"end":{"line":15,"column":3}},"line":13},"3":{"name":"(anonymous_3)","decl":{"start":{"line":17,"column":2},"end":{"line":17,"column":3}},"loc":{"start":{"line":17,"column":11},"end":{"line":48,"column":3}},"line":17},"4":{"name":"(anonymous_4)","decl":{"start":{"line":31,"column":21},"end":{"line":31,"column":22}},"loc":{"start":{"line":31,"column":27},"end":{"line":31,"column":74}},"line":31}},"branchMap":{"0":{"loc":{"start":{"line":18,"column":4},"end":{"line":45,"column":5}},"type":"if","locations":[{"start":{"line":18,"column":4},"end":{"line":45,"column":5}},{"start":{},"end":{}}],"line":18}},"s":{"0":0,"1":0,"2":0,"3":0,"4":0,"5":0,"6":0,"7":0},"f":{"0":0,"1":0,"2":0,"3":0,"4":0},"b":{"0":[0,0]}}
,"/home/runner/work/EasyCart/EasyCart/frontend/src/components/Footer.js": {"path":"/home/runner/work/EasyCart/EasyCart/frontend/src/components/Footer.js","statementMap":{"0":{"start":{"line":3,"column":15},"end":{"line":43,"column":1}},"1":{"start":{"line":4,"column":2},"end":{"line":42,"column":11}}},"fnMap":{"0":{"name":"(anonymous_0)","decl":{"start":{"line":3,"column":15},"end":{"line":3,"column":16}},"loc":{"start":{"line":4,"column":2},"end":{"line":42,"column":11}},"line":4}},"branchMap":{},"s":{"0":0,"1":0},"f":{"0":0},"b":{}}
,"/home/runner/work/EasyCart/EasyCart/frontend/src/components/Homepage.js": {"path":"/home/runner/work/EasyCart/EasyCart/frontend/src/components/Homepage.js","statementMap":{"0":{"start":{"line":10,"column":19},"end":{"line":16,"column":1}},"1":{"start":{"line":11,"column":39},"end":{"line":11,"column":54}},"2":{"start":{"line":12,"column":46},"end":{"line":12,"column":72}},"3":{"start":{"line":13,"column":36},"end":{"line":13,"column":76}},"4":{"start":{"line":14,"column":39},"end":{"line":14,"column":82}},"5":{"start":{"line":15,"column":41},"end":{"line":15,"column":80}},"6":{"start":{"line":18,"column":17},"end":{"line":182,"column":1}},"7":{"start":{"line":19,"column":34},"end":{"line":19,"column":46}},"8":{"start":{"line":20,"column":50},"end":{"line":20,"column":64}},"9":{"start":{"line":21,"column":32},"end":{"line":21,"column":46}},"10":{"start":{"line":24,"column":24},"end":{"line":32,"column":3}},"11":{"start":{"line":25,"column":4},"end":{"line":25,"column":21}},"12":{"start":{"line":26,"column":4},"end":{"line":31,"column":5}},"13":{"start":{"line":27,"column":18},"end":{"line":27,"column":49}},"14":{"start":{"line":28,"column":6},"end":{"line":28,"column":54}},"15":{"start":{"line":30,"column":6},"end":{"line":30,"column":24}},"16":{"start":{"line":34,"column":2},"end":{"line":36,"column":9}},"17":{"start":{"line":35,"column":4},"end":{"line":35,"column":20}},"18":{"start":{"line":39,"column":2},"end":{"line":39,"column":70}},"19":{"start":{"line":41,"column":26},"end":{"line":44,"column":3}},"20":{"start":{"line":43,"column":4},"end":{"line":43,"column":44}},"21":{"start":{"line":46,"column":24},"end":{"line":72,"column":3}},"22":{"start":{"line":47,"column":21},"end":{"line":47,"column":52}},"23":{"start":{"line":48,"column":4},"end":{"line":61,"column":5}},"24":{"start":{"line":49,"column":6},"end":{"line":60,"column":8}},"25":{"start":{"line":56,"column":14},"end":{"line":56,"column":91}},"26":{"start":{"line":62,"column":4},"end":{"line":62,"column":38}},"27":{"start":{"line":62,"column":26},"end":{"line":62,"column":38}},"28":{"start":{"line":63,"column":4},"end":{"line":71,"column":6}},"29":{"start":{"line":75,"column":27},"end":{"line":81,"column":3}},"30":{"start":{"line":83,"column":2},"end":{"line":87,"column":25}},"31":{"start":{"line":84,"column":4},"end":{"line":86,"column":5}},"32":{"start":{"line":85,"column":6},"end":{"line":85,"column":123}},"33":{"start":{"line":89,"column":2},"end":{"line":181,"column":4}},"34":{"start":{"line":137,"column":52},"end":{"line":137,"column":67}},"35":{"start":{"line":142,"column":119},"end":{"line":142,"column":123}},"36":{"start":{"line":147,"column":52},"end":{"line":147,"column":67}},"37":{"start":{"line":152,"column":52},"end":{"line":152,"column":104}},"38":{"start":{"line":158,"column":102},"end":{"line":158,"column":106}}},"fnMap":{"0":{"name":"(anonymous_0)","decl":{"start":{"line":11,"column":34},"end":{"line":11,"column":35}},"loc":{"start":{"line":11,"column":39},"end":{"line":11,"column":54}},"line":11},"1":{"name":"(anonymous_1)","decl":{"start":{"line":12,"column":41},"end":{"line":12,"column":42}},"loc":{"start":{"line":12,"column":46},"end":{"line":12,"column":72}},"line":12},"2":{"name":"(anonymous_2)","decl":{"start":{"line":13,"column":31},"end":{"line":13,"column":32}},"loc":{"start":{"line":13,"column":36},"end":{"line":13,"column":76}},"line":13},"3":{"name":"(anonymous_3)","decl":{"start":{"line":14,"column":34},"end":{"line":14,"column":35}},"loc":{"start":{"line":14,"column":39},"end":{"line":14,"column":82}},"line":14},"4":{"name":"(anonymous_4)","decl":{"start":{"line":15,"column":36},"end":{"line":15,"column":37}},"loc":{"start":{"line":15,"column":41},"end":{"line":15,"column":80}},"line":15},"5":{"name":"(anonymous_5)","decl":{"start":{"line":18,"column":17},"end":{"line":18,"column":18}},"loc":{"start":{"line":18,"column":23},"end":{"line":182,"column":1}},"line":18},"6":{"name":"(anonymous_6)","decl":{"start":{"line":24,"column":24},"end":{"line":24,"column":25}},"loc":{"start":{"line":24,"column":36},"end":{"line":32,"column":3}},"line":24},"7":{"name":"(anonymous_7)","decl":{"start":{"line":34,"column":12},"end":{"line":34,"column":13}},"loc":{"start":{"line":34,"column":18},"end":{"line":36,"column":3}},"line":34},"8":{"name":"(anonymous_8)","decl":{"start":{"line":41,"column":26},"end":{"line":41,"column":27}},"loc":{"start":{"line":41,"column":39},"end":{"line":44,"column":3}},"line":41},"9":{"name":"(anonymous_9)","decl":{"start":{"line":46,"column":24},"end":{"line":46,"column":25}},"loc":{"start":{"line":46,"column":37},"end":{"line":72,"column":3}},"line":46},"10":{"name":"(anonymous_10)","decl":{"start":{"line":55,"column":43},"end":{"line":55,"column":44}},"loc":{"start":{"line":56,"column":14},"end":{"line":56,"column":91}},"line":56},"11":{"name":"(anonymous_11)","decl":{"start":{"line":83,"column":12},"end":{"line":83,"column":13}},"loc":{"start":{"line":83,"column":18},"end":{"line":87,"column":3}},"line":83},"12":{"name":"(anonymous_12)","decl":{"start":{"line":137,"column":47},"end":{"line":137,"column":48}},"loc":{"start":{"line":137,"column":52},"end":{"line":137,"column":67}},"line":137},"13":{"name":"(anonymous_13)","decl":{"start":{"line":142,"column":113},"end":{"line":142,"column":114}},"loc":{"start":{"line":142,"column":119},"end":{"line":142,"column":123}},"line":142},"14":{"name":"(anonymous_14)","decl":{"start":{"line":147,"column":47},"end":{"line":147,"column":48}},"loc":{"start":{"line":147,"column":52},"end":{"line":147,"column":67}},"line":147},"15":{"name":"(anonymous_15)","decl":{"start":{"line":152,"column":47},"end":{"line":152,"column":48}},"loc":{"start":{"line":152,"column":52},"end":{"line":152,"column":104}},"line":152},"16":{"name":"(anonymous_16)","decl":{"start":{"line":158,"column":96},"end":{"line":158,"column":97}},"loc":{"start":{"line":158,"column":102},"end":{"line":158,"column":106}},"line":158}},"branchMap":{"0":{"loc":{"start":{"line":28,"column":18},"end":{"line":28,"column":52}},"type":"binary-expr","locations":[{"start":{"line":28,"column":18},"end":{"line":28,"column":34}},{"start":{"line":28,"column":38},"end":{"line":28,"column":46}},{"start":{"line":28,"column":50},"end":{"line":28,"column":52}}],"line":28},"1":{"loc":{"start":{"line":48,"column":4},"end":{"line":61,"column":5}},"type":"if","locations":[{"start":{"line":48,"column":4},"end":{"line":61,"column":5}},{"start":{},"end":{}}],"line":48},"2":{"loc":{"start":{"line":62,"column":4},"end":{"line":62,"column":38}},"type":"if","locations":[{"start":{"line":62,"column":4},"end":{"line":62,"column":38}},{"start":{},"end":{}}],"line":62},"3":{"loc":{"start":{"line":84,"column":4},"end":{"line":86,"column":5}},"type":"if","locations":[{"start":{"line":84,"column":4},"end":{"line":86,"column":5}},{"start":{},"end":{}}],"line":84},"4":{"loc":{"start":{"line":84,"column":8},"end":{"line":84,"column":89}},"type":"binary-expr","locations":[{"start":{"line":84,"column":8},"end":{"line":84,"column":24}},{"start":{"line":84,"column":28},"end":{"line":84,"column":89}}],"line":84},"5":{"loc":{"start":{"line":142,"column":31},"end":{"line":142,"column":136}},"type":"cond-expr","locations":[{"start":{"line":142,"column":50},"end":{"line":142,"column":125}},{"start":{"line":142,"column":128},"end":{"line":142,"column":136}}],"line":142},"6":{"loc":{"start":{"line":142,"column":66},"end":{"line":142,"column":124}},"type":"binary-expr","locations":[{"start":{"line":142,"column":66},"end":{"line":142,"column":108}},{"start":{"line":142,"column":113},"end":{"line":142,"column":123}}],"line":142},"7":{"loc":{"start":{"line":155,"column":7},"end":{"line":160,"column":7}},"type":"binary-expr","locations":[{"start":{"line":155,"column":7},"end":{"line":155,"column":23}},{"start":{"line":156,"column":8},"end":{"line":159,"column":18}}],"line":155},"8":{"loc":{"start":{"line":158,"column":49},"end":{"line":158,"column":107}},"type":"binary-expr","locations":[{"start":{"line":158,"column":49},"end":{"line":158,"column":91}},{"start":{"line":158,"column":96},"end":{"line":158,"column":106}}],"line":158}},"s":{"0":0,"1":0,"2":0,"3":0,"4":0,"5":0,"6":0,"7":0,"8":0,"9":0,"10":0,"11":0,"12":0,"13":0,"14":0,"15":0,"16":0,"17":0,"18":0,"19":0,"20":0,"21":0,"22":0,"23":0,"24":0,"25":0,"26":0,"27":0,"28":0,"29":0,"30":0,"31":0,"32":0,"33":0,"34":0,"35":0,"36":0,"37":0,"38":0},"f":{"0":0,"1":0,"2":0,"3":0,"4":0,"5":0,"6":0,"7":0,"8":0,"9":0,"10":0,"11":0,"12":0,"13":0,"14":0,"15":0,"16":0},"b":{"0":[0,0,0],"1":[0,0],"2":[0,0],"3":[0,0],"4":[0,0],"5":[0,0],"6":[0,0],"7":[0,0],"8":[0,0]}}
,"/home/runner/work/EasyCart/EasyCart/frontend/src/components/LazyImage.js": {"path":"/home/runner/work/EasyCart/EasyCart/frontend/src/components/LazyImage.js","statementMap":{"0":{"start":{"line":3,"column":18},"end":{"line":55,"column":1}},"1":{"start":{"line":4,"column":34},"end":{"line":4,"column":49}},"2":{"start":{"line":5,"column":34},"end":{"line":5,"column":49}},"3":{"start":{"line":6,"column":34},"end":{"line":6,"column":49}},"4":{"start":{"line":7,"column":17},"end":{"line":7,"column":25}},"5":{"start":{"line":9,"column":2},"end":{"line":25,"column":9}},"6":{"start":{"line":10,"column":21},"end":{"line":18,"column":5}},"7":{"start":{"line":12,"column":8},"end":{"line":15,"column":9}},"8":{"start":{"line":13,"column":10},"end":{"line":13,"column":28}},"9":{"start":{"line":14,"column":10},"end":{"line":14,"column":32}},"10":{"start":{"line":20,"column":4},"end":{"line":22,"column":5}},"11":{"start":{"line":21,"column":6},"end":{"line":21,"column":39}},"12":{"start":{"line":24,"column":4},"end":{"line":24,"column":39}},"13":{"start":{"line":24,"column":17},"end":{"line":24,"column":38}},"14":{"start":{"line":27,"column":21},"end":{"line":27,"column":44}},"15":{"start":{"line":27,"column":27},"end":{"line":27,"column":44}},"16":{"start":{"line":28,"column":22},"end":{"line":28,"column":45}},"17":{"start":{"line":28,"column":28},"end":{"line":28,"column":45}},"18":{"start":{"line":30,"column":2},"end":{"line":54,"column":4}}},"fnMap":{"0":{"name":"(anonymous_0)","decl":{"start":{"line":3,"column":18},"end":{"line":3,"column":19}},"loc":{"start":{"line":3,"column":74},"end":{"line":55,"column":1}},"line":3},"1":{"name":"(anonymous_1)","decl":{"start":{"line":9,"column":12},"end":{"line":9,"column":13}},"loc":{"start":{"line":9,"column":18},"end":{"line":25,"column":3}},"line":9},"2":{"name":"(anonymous_2)","decl":{"start":{"line":11,"column":6},"end":{"line":11,"column":7}},"loc":{"start":{"line":11,"column":19},"end":{"line":16,"column":7}},"line":11},"3":{"name":"(anonymous_3)","decl":{"start":{"line":24,"column":11},"end":{"line":24,"column":12}},"loc":{"start":{"line":24,"column":17},"end":{"line":24,"column":38}},"line":24},"4":{"name":"(anonymous_4)","decl":{"start":{"line":27,"column":21},"end":{"line":27,"column":22}},"loc":{"start":{"line":27,"column":27},"end":{"line":27,"column":44}},"line":27},"5":{"name":"(anonymous_5)","decl":{"start":{"line":28,"column":22},"end":{"line":28,"column":23}},"loc":{"start":{"line":28,"column":28},"end":{"line":28,"column":45}},"line":28}},"branchMap":{"0":{"loc":{"start":{"line":3,"column":49},"end":{"line":3,"column":67}},"type":"default-arg","locations":[{"start":{"line":3,"column":63},"end":{"line":3,"column":67}}],"line":3},"1":{"loc":{"start":{"line":12,"column":8},"end":{"line":15,"column":9}},"type":"if","locations":[{"start":{"line":12,"column":8},"end":{"line":15,"column":9}},{"start":{},"end":{}}],"line":12},"2":{"loc":{"start":{"line":20,"column":4},"end":{"line":22,"column":5}},"type":"if","locations":[{"start":{"line":20,"column":4},"end":{"line":22,"column":5}},{"start":{},"end":{}}],"line":20},"3":{"loc":{"start":{"line":32,"column":7},"end":{"line":43,"column":7}},"type":"binary-expr","locations":[{"start":{"line":32,"column":7},"end":{"line":32,"column":15}},{"start":{"line":32,"column":19},"end":{"line":32,"column":28}},{"start":{"line":33,"column":8},"end":{"line":42,"column":10}}],"line":32},"4":{"loc":{"start":{"line":40,"column":49},"end":{"line":40,"column":67}},"type":"cond-expr","locations":[{"start":{"line":40,"column":60},"end":{"line":40,"column":61}},{"start":{"line":40,"column":64},"end":{"line":40,"column":67}}],"line":40},"5":{"loc":{"start":{"line":44,"column":7},"end":{"line":52,"column":7}},"type":"binary-expr","locations":[{"start":{"line":44,"column":8},"end":{"line":44,"column":17}},{"start":{"line":44,"column":21},"end":{"line":44,"column":29}},{"start":{"line":44,"column":33},"end":{"line":44,"column":42}},{"start":{"line":45,"column":8},"end":{"line":51,"column":14}}],"line":44}},"s":{"0":0,"1":0,"2":0,"3":0,"4":0,"5":0,"6":0,"7":0,"8":0,"9":0,"10":0,"11":0,"12":0,"13":0,"14":0,"15":0,"16":0,"17":0,"18":0},"f":{"0":0,"1":0,"2":0,"3":0,"4":0,"5":0},"b":{"0":[0],"1":[0,0],"2":[0,0],"3":[0,0,0],"4":[0,0],"5":[0,0,0,0]}}
,"/home/runner/work/EasyCart/EasyCart/frontend/src/components/Navbar.js": {"path":"/home/runner/work/EasyCart/EasyCart/frontend/src/components/Navbar.js","statementMap":{"0":{"start":{"line":10,"column":15},"end":{"line":156,"column":1}},"1":{"start":{"line":11,"column":44},"end":{"line":11,"column":53}},"2":{"start":{"line":12,"column":41},"end":{"line":12,"column":50}},"3":{"start":{"line":13,"column":16},"end":{"line":13,"column":32}},"4":{"start":{"line":14,"column":38},"end":{"line":14,"column":53}},"5":{"start":{"line":15,"column":38},"end":{"line":15,"column":48}},"6":{"start":{"line":17,"column":23},"end":{"line":19,"column":3}},"7":{"start":{"line":18,"column":4},"end":{"line":18,"column":37}},"8":{"start":{"line":18,"column":17},"end":{"line":18,"column":35}},"9":{"start":{"line":21,"column":2},"end":{"line":155,"column":4}},"10":{"start":{"line":91,"column":27},"end":{"line":91,"column":53}}},"fnMap":{"0":{"name":"(anonymous_0)","decl":{"start":{"line":10,"column":15},"end":{"line":10,"column":16}},"loc":{"start":{"line":10,"column":21},"end":{"line":156,"column":1}},"line":10},"1":{"name":"(anonymous_1)","decl":{"start":{"line":17,"column":23},"end":{"line":17,"column":24}},"loc":{"start":{"line":17,"column":29},"end":{"line":19,"column":3}},"line":17},"2":{"name":"(anonymous_2)","decl":{"start":{"line":18,"column":11},"end":{"line":18,"column":12}},"loc":{"start":{"line":18,"column":17},"end":{"line":18,"column":35}},"line":18},"3":{"name":"(anonymous_3)","decl":{"start":{"line":91,"column":21},"end":{"line":91,"column":22}},"loc":{"start":{"line":91,"column":27},"end":{"line":91,"column":53}},"line":91}},"branchMap":{"0":{"loc":{"start":{"line":43,"column":13},"end":{"line":78,"column":13}},"type":"cond-expr","locations":[{"start":{"line":44,"column":14},"end":{"line":68,"column":20}},{"start":{"line":70,"column":14},"end":{"line":77,"column":20}}],"line":43},"1":{"loc":{"start":{"line":55,"column":17},"end":{"line":59,"column":17}},"type":"binary-expr","locations":[{"start":{"line":55,"column":17},"end":{"line":55,"column":31}},{"start":{"line":56,"column":18},"end":{"line":58,"column":25}}],"line":55},"2":{"loc":{"start":{"line":85,"column":15},"end":{"line":85,"column":39}},"type":"cond-expr","locations":[{"start":{"line":85,"column":28},"end":{"line":85,"column":32}},{"start":{"line":85,"column":35},"end":{"line":85,"column":39}}],"line":85},"3":{"loc":{"start":{"line":102,"column":9},"end":{"line":152,"column":9}},"type":"binary-expr","locations":[{"start":{"line":102,"column":9},"end":{"line":102,"column":19}},{"start":{"line":103,"column":10},"end":{"line":151,"column":16}}],"line":102},"4":{"loc":{"start":{"line":111,"column":15},"end":{"line":141,"column":15}},"type":"cond-expr","locations":[{"start":{"line":112,"column":16},"end":{"line":131,"column":19}},{"start":{"line":133,"column":16},"end":{"line":140,"column":22}}],"line":111},"5":{"loc":{"start":{"line":123,"column":19},"end":{"line":127,"column":19}},"type":"binary-expr","locations":[{"start":{"line":123,"column":19},"end":{"line":123,"column":33}},{"start":{"line":124,"column":20},"end":{"line":126,"column":27}}],"line":123},"6":{"loc":{"start":{"line":148,"column":17},"end":{"line":148,"column":41}},"type":"cond-expr","locations":[{"start":{"line":148,"column":30},"end":{"line":148,"column":34}},{"start":{"line":148,"column":37},"end":{"line":148,"column":41}}],"line":148}},"s":{"0":0,"1":0,"2":0,"3":0,"4":0,"5":0,"6":0,"7":0,"8":0,"9":0,"10":0},"f":{"0":0,"1":0,"2":0,"3":0},"b":{"0":[0,0],"1":[0,0],"2":[0,0],"3":[0,0],"4":[0,0],"5":[0,0],"6":[0,0]}}
,"/home/runner/work/EasyCart/EasyCart/frontend/src/components/PaymentModal.js": {"path":"/home/runner/work/EasyCart/EasyCart/frontend/src/components/PaymentModal.js","statementMap":{"0":{"start":{"line":4,"column":21},"end":{"line":185,"column":1}},"1":{"start":{"line":5,"column":55},"end":{"line":5,"column":60}},"2":{"start":{"line":6,"column":44},"end":{"line":6,"column":61}},"3":{"start":{"line":7,"column":40},"end":{"line":7,"column":52}},"4":{"start":{"line":8,"column":32},"end":{"line":8,"column":47}},"5":{"start":{"line":9,"column":28},"end":{"line":9,"column":40}},"6":{"start":{"line":11,"column":24},"end":{"line":54,"column":3}},"7":{"start":{"line":12,"column":4},"end":{"line":12,"column":23}},"8":{"start":{"line":13,"column":4},"end":{"line":13,"column":21}},"9":{"start":{"line":14,"column":4},"end":{"line":14,"column":17}},"10":{"start":{"line":16,"column":4},"end":{"line":20,"column":5}},"11":{"start":{"line":17,"column":6},"end":{"line":17,"column":69}},"12":{"start":{"line":18,"column":6},"end":{"line":18,"column":24}},"13":{"start":{"line":19,"column":6},"end":{"line":19,"column":13}},"14":{"start":{"line":22,"column":4},"end":{"line":26,"column":5}},"15":{"start":{"line":23,"column":6},"end":{"line":23,"column":52}},"16":{"start":{"line":24,"column":6},"end":{"line":24,"column":24}},"17":{"start":{"line":25,"column":6},"end":{"line":25,"column":13}},"18":{"start":{"line":28,"column":4},"end":{"line":53,"column":5}},"19":{"start":{"line":29,"column":23},"end":{"line":33,"column":8}},"20":{"start":{"line":35,"column":6},"end":{"line":47,"column":7}},"21":{"start":{"line":36,"column":8},"end":{"line":42,"column":9}},"22":{"start":{"line":37,"column":10},"end":{"line":37,"column":59}},"23":{"start":{"line":38,"column":15},"end":{"line":42,"column":9}},"24":{"start":{"line":39,"column":10},"end":{"line":39,"column":58}},"25":{"start":{"line":41,"column":10},"end":{"line":41,"column":82}},"26":{"start":{"line":43,"column":8},"end":{"line":43,"column":27}},"27":{"start":{"line":44,"column":8},"end":{"line":44,"column":18}},"28":{"start":{"line":46,"column":8},"end":{"line":46,"column":60}},"29":{"start":{"line":49,"column":23},"end":{"line":49,"column":91}},"30":{"start":{"line":50,"column":6},"end":{"line":50,"column":25}},"31":{"start":{"line":52,"column":6},"end":{"line":52,"column":24}},"32":{"start":{"line":56,"column":2},"end":{"line":56,"column":27}},"33":{"start":{"line":56,"column":15},"end":{"line":56,"column":27}},"34":{"start":{"line":58,"column":2},"end":{"line":184,"column":4}},"35":{"start":{"line":106,"column":31},"end":{"line":106,"column":63}},"36":{"start":{"line":131,"column":33},"end":{"line":131,"column":63}}},"fnMap":{"0":{"name":"(anonymous_0)","decl":{"start":{"line":4,"column":21},"end":{"line":4,"column":22}},"loc":{"start":{"line":4,"column":32},"end":{"line":185,"column":1}},"line":4},"1":{"name":"(anonymous_1)","decl":{"start":{"line":11,"column":24},"end":{"line":11,"column":25}},"loc":{"start":{"line":11,"column":37},"end":{"line":54,"column":3}},"line":11},"2":{"name":"(anonymous_2)","decl":{"start":{"line":106,"column":24},"end":{"line":106,"column":25}},"loc":{"start":{"line":106,"column":31},"end":{"line":106,"column":63}},"line":106},"3":{"name":"(anonymous_3)","decl":{"start":{"line":131,"column":26},"end":{"line":131,"column":27}},"loc":{"start":{"line":131,"column":33},"end":{"line":131,"column":63}},"line":131}},"branchMap":{"0":{"loc":{"start":{"line":16,"column":4},"end":{"line":20,"column":5}},"type":"if","locations":[{"start":{"line":16,"column":4},"end":{"line":20,"column":5}},{"start":{},"end":{}}],"line":16},"1":{"loc":{"start":{"line":16,"column":8},"end":{"line":16,"column":88}},"type":"binary-expr","locations":[{"start":{"line":16,"column":9},"end":{"line":16,"column":34}},{"start":{"line":16,"column":38},"end":{"line":16,"column":64}},{"start":{"line":16,"column":69},"end":{"line":16,"column":88}}],"line":16},"2":{"loc":{"start":{"line":22,"column":4},"end":{"line":26,"column":5}},"type":"if","locations":[{"start":{"line":22,"column":4},"end":{"line":26,"column":5}},{"start":{},"end":{}}],"line":22},"3":{"loc":{"start":{"line":22,"column":8},"end":{"line":22,"column":69}},"type":"binary-expr","locations":[{"start":{"line":22,"column":8},"end":{"line":22,"column":19}},{"start":{"line":22,"column":23},"end":{"line":22,"column":69}}],"line":22},"4":{"loc":{"start":{"line":35,"column":6},"end":{"line":47,"column":7}},"type":"if","locations":[{"start":{"line":35,"column":6},"end":{"line":47,"column":7}},{"start":{"line":45,"column":13},"end":{"line":47,"column":7}}],"line":35},"5":{"loc":{"start":{"line":36,"column":8},"end":{"line":42,"column":9}},"type":"if","locations":[{"start":{"line":36,"column":8},"end":{"line":42,"column":9}},{"start":{"line":38,"column":15},"end":{"line":42,"column":9}}],"line":36},"6":{"loc":{"start":{"line":36,"column":12},"end":{"line":36,"column":65}},"type":"binary-expr","locations":[{"start":{"line":36,"column":12},"end":{"line":36,"column":36}},{"start":{"line":36,"column":40},"end":{"line":36,"column":65}}],"line":36},"7":{"loc":{"start":{"line":38,"column":15},"end":{"line":42,"column":9}},"type":"if","locations":[{"start":{"line":38,"column":15},"end":{"line":42,"column":9}},{"start":{"line":40,"column":15},"end":{"line":42,"column":9}}],"line":38},"8":{"loc":{"start":{"line":46,"column":17},"end":{"line":46,"column":58}},"type":"binary-expr","locations":[{"start":{"line":46,"column":17},"end":{"line":46,"column":38}},{"start":{"line":46,"column":42},"end":{"line":46,"column":58}}],"line":46},"9":{"loc":{"start":{"line":49,"column":23},"end":{"line":49,"column":91}},"type":"binary-expr","locations":[{"start":{"line":49,"column":23},"end":{"line":49,"column":52}},{"start":{"line":49,"column":56},"end":{"line":49,"column":91}}],"line":49},"10":{"loc":{"start":{"line":56,"column":2},"end":{"line":56,"column":27}},"type":"if","locations":[{"start":{"line":56,"column":2},"end":{"line":56,"column":27}},{"start":{},"end":{}}],"line":56},"11":{"loc":{"start":{"line":81,"column":37},"end":{"line":81,"column":70}},"type":"binary-expr","locations":[{"start":{"line":81,"column":37},"end":{"line":81,"column":48}},{"start":{"line":81,"column":52},"end":{"line":81,"column":70}}],"line":81},"12":{"loc":{"start":{"line":96,"column":22},"end":{"line":96,"column":60}},"type":"binary-expr","locations":[{"start":{"line":96,"column":22},"end":{"line":96,"column":43}},{"start":{"line":96,"column":47},"end":{"line":96,"column":60}}],"line":96},"13":{"loc":{"start":{"line":102,"column":15},"end":{"line":102,"column":59}},"type":"binary-expr","locations":[{"start":{"line":102,"column":15},"end":{"line":102,"column":39}},{"start":{"line":102,"column":43},"end":{"line":102,"column":59}}],"line":102},"14":{"loc":{"start":{"line":123,"column":11},"end":{"line":143,"column":11}},"type":"binary-expr","locations":[{"start":{"line":123,"column":12},"end":{"line":123,"column":37}},{"start":{"line":123,"column":41},"end":{"line":123,"column":67}},{"start":{"line":124,"column":12},"end":{"line":142,"column":18}}],"line":123},"15":{"loc":{"start":{"line":126,"column":17},"end":{"line":126,"column":57}},"type":"binary-expr","locations":[{"start":{"line":126,"column":17},"end":{"line":126,"column":39}},{"start":{"line":126,"column":43},"end":{"line":126,"column":57}}],"line":126},"16":{"loc":{"start":{"line":145,"column":11},"end":{"line":155,"column":11}},"type":"binary-expr","locations":[{"start":{"line":145,"column":11},"end":{"line":145,"column":16}},{"start":{"line":146,"column":12},"end":{"line":154,"column":18}}],"line":145},"17":{"loc":{"start":{"line":170,"column":15},"end":{"line":170,"column":44}},"type":"binary-expr","locations":[{"start":{"line":170,"column":15},"end":{"line":170,"column":32}},{"start":{"line":170,"column":36},"end":{"line":170,"column":44}}],"line":170},"18":{"loc":{"start":{"line":178,"column":15},"end":{"line":178,"column":102}},"type":"cond-expr","locations":[{"start":{"line":178,"column":26},"end":{"line":178,"column":66}},{"start":{"line":178,"column":71},"end":{"line":178,"column":101}}],"line":178},"19":{"loc":{"start":{"line":178,"column":26},"end":{"line":178,"column":66}},"type":"binary-expr","locations":[{"start":{"line":178,"column":26},"end":{"line":178,"column":47}},{"start":{"line":178,"column":51},"end":{"line":178,"column":66}}],"line":178},"20":{"loc":{"start":{"line":178,"column":71},"end":{"line":178,"column":101}},"type":"binary-expr","locations":[{"start":{"line":178,"column":71},"end":{"line":178,"column":88}},{"start":{"line":178,"column":92},"end":{"line":178,"column":101}}],"line":178}},"s":{"0":0,"1":0,"2":0,"3":0,"4":0,"5":0,"6":0,"7":0,"8":0,"9":0,"10":0,"11":0,"12":0,"13":0,"14":0,"15":0,"16":0,"17":0,"18":0,"19":0,"20":0,"21":0,"22":0,"23":0,"24":0,"25":0,"26":0,"27":0,"28":0,"29":0,"30":0,"31":0,"32":0,"33":0,"34":0,"35":0,"36":0},"f":{"0":0,"1":0,"2":0,"3":0},"b":{"0":[0,0],"1":[0,0,0],"2":[0,0],"3":[0,0],"4":[0,0],"5":[0,0],"6":[0,0],"7":[0,0],"8":[0,0],"9":[0,0],"10":[0,0],"11":[0,0],"12":[0,0],"13":[0,0],"14":[0,0,0],"15":[0,0],"16":[0,0],"17":[0,0],"18":[0,0],"19":[0,0],"20":[0,0]}}
,"/home/runner/work/EasyCart/EasyCart/frontend/src/components/ProductCard.js": {"path":"/home/runner/work/EasyCart/EasyCart/frontend/src/components/ProductCard.js","statementMap":{"0":{"start":{"line":7,"column":20},"end":{"line":70,"column":1}},"1":{"start":{"line":8,"column":16},"end":{"line":8,"column":32}},"2":{"start":{"line":10,"column":2},"end":{"line":16,"column":3}},"3":{"start":{"line":11,"column":4},"end":{"line":15,"column":6}},"4":{"start":{"line":18,"column":2},"end":{"line":69,"column":4}},"5":{"start":{"line":58,"column":27},"end":{"line":58,"column":47}},"6":{"start":{"line":72,"column":0},"end":{"line":83,"column":2}}},"fnMap":{"0":{"name":"(anonymous_0)","decl":{"start":{"line":7,"column":20},"end":{"line":7,"column":21}},"loc":{"start":{"line":7,"column":67},"end":{"line":70,"column":1}},"line":7},"1":{"name":"(anonymous_1)","decl":{"start":{"line":58,"column":21},"end":{"line":58,"column":22}},"loc":{"start":{"line":58,"column":27},"end":{"line":58,"column":47}},"line":58}},"branchMap":{"0":{"loc":{"start":{"line":7,"column":45},"end":{"line":7,"column":60}},"type":"default-arg","locations":[{"start":{"line":7,"column":55},"end":{"line":7,"column":60}}],"line":7},"1":{"loc":{"start":{"line":10,"column":2},"end":{"line":16,"column":3}},"type":"if","locations":[{"start":{"line":10,"column":2},"end":{"line":16,"column":3}},{"start":{},"end":{}}],"line":10},"2":{"loc":{"start":{"line":23,"column":17},"end":{"line":23,"column":60}},"type":"binary-expr","locations":[{"start":{"line":23,"column":17},"end":{"line":23,"column":30}},{"start":{"line":23,"column":34},"end":{"line":23,"column":60}}],"line":23},"3":{"loc":{"start":{"line":46,"column":13},"end":{"line":54,"column":13}},"type":"cond-expr","locations":[{"start":{"line":47,"column":14},"end":{"line":49,"column":21}},{"start":{"line":51,"column":14},"end":{"line":53,"column":21}}],"line":46},"4":{"loc":{"start":{"line":59,"column":22},"end":{"line":59,"column":52}},"type":"binary-expr","locations":[{"start":{"line":59,"column":22},"end":{"line":59,"column":41}},{"start":{"line":59,"column":45},"end":{"line":59,"column":52}}],"line":59}},"s":{"0":0,"1":0,"2":0,"3":0,"4":0,"5":0,"6":0},"f":{"0":0,"1":0},"b":{"0":[0],"1":[0,0],"2":[0,0],"3":[0,0],"4":[0,0]}}
,"/home/runner/work/EasyCart/EasyCart/frontend/src/components/ProductEditModal.js": {"path":"/home/runner/work/EasyCart/EasyCart/frontend/src/components/ProductEditModal.js","statementMap":{"0":{"start":{"line":4,"column":25},"end":{"line":306,"column":1}},"1":{"start":{"line":5,"column":34},"end":{"line":12,"column":4}},"2":{"start":{"line":13,"column":38},"end":{"line":13,"column":50}},"3":{"start":{"line":14,"column":32},"end":{"line":14,"column":47}},"4":{"start":{"line":15,"column":28},"end":{"line":15,"column":40}},"5":{"start":{"line":17,"column":2},"end":{"line":29,"column":16}},"6":{"start":{"line":18,"column":4},"end":{"line":27,"column":5}},"7":{"start":{"line":19,"column":6},"end":{"line":26,"column":9}},"8":{"start":{"line":28,"column":4},"end":{"line":28,"column":22}},"9":{"start":{"line":31,"column":26},"end":{"line":38,"column":3}},"10":{"start":{"line":32,"column":4},"end":{"line":37,"column":5}},"11":{"start":{"line":33,"column":23},"end":{"line":33,"column":56}},"12":{"start":{"line":34,"column":6},"end":{"line":34,"column":35}},"13":{"start":{"line":36,"column":6},"end":{"line":36,"column":57}},"14":{"start":{"line":40,"column":23},"end":{"line":46,"column":3}},"15":{"start":{"line":41,"column":43},"end":{"line":41,"column":51}},"16":{"start":{"line":42,"column":4},"end":{"line":45,"column":8}},"17":{"start":{"line":42,"column":25},"end":{"line":45,"column":5}},"18":{"start":{"line":48,"column":23},"end":{"line":100,"column":3}},"19":{"start":{"line":49,"column":4},"end":{"line":49,"column":23}},"20":{"start":{"line":50,"column":4},"end":{"line":50,"column":21}},"21":{"start":{"line":51,"column":4},"end":{"line":51,"column":17}},"22":{"start":{"line":54,"column":4},"end":{"line":58,"column":5}},"23":{"start":{"line":55,"column":6},"end":{"line":55,"column":43}},"24":{"start":{"line":56,"column":6},"end":{"line":56,"column":24}},"25":{"start":{"line":57,"column":6},"end":{"line":57,"column":13}},"26":{"start":{"line":59,"column":4},"end":{"line":63,"column":5}},"27":{"start":{"line":60,"column":6},"end":{"line":60,"column":42}},"28":{"start":{"line":61,"column":6},"end":{"line":61,"column":24}},"29":{"start":{"line":62,"column":6},"end":{"line":62,"column":13}},"30":{"start":{"line":64,"column":4},"end":{"line":68,"column":5}},"31":{"start":{"line":65,"column":6},"end":{"line":65,"column":51}},"32":{"start":{"line":66,"column":6},"end":{"line":66,"column":24}},"33":{"start":{"line":67,"column":6},"end":{"line":67,"column":13}},"34":{"start":{"line":70,"column":4},"end":{"line":99,"column":5}},"35":{"start":{"line":71,"column":25},"end":{"line":75,"column":7}},"36":{"start":{"line":77,"column":23},"end":{"line":84,"column":8}},"37":{"start":{"line":86,"column":6},"end":{"line":93,"column":7}},"38":{"start":{"line":87,"column":31},"end":{"line":87,"column":52}},"39":{"start":{"line":88,"column":8},"end":{"line":88,"column":33}},"40":{"start":{"line":89,"column":8},"end":{"line":89,"column":18}},"41":{"start":{"line":90,"column":8},"end":{"line":90,"column":49}},"42":{"start":{"line":92,"column":8},"end":{"line":92,"column":52}},"43":{"start":{"line":95,"column":6},"end":{"line":95,"column":43}},"44":{"start":{"line":96,"column":6},"end":{"line":96,"column":54}},"45":{"start":{"line":98,"column":6},"end":{"line":98,"column":24}},"46":{"start":{"line":102,"column":2},"end":{"line":102,"column":27}},"47":{"start":{"line":102,"column":15},"end":{"line":102,"column":27}},"48":{"start":{"line":104,"column":2},"end":{"line":305,"column":4}},"49":{"start":{"line":257,"column":18},"end":{"line":259,"column":27}}},"fnMap":{"0":{"name":"(anonymous_0)","decl":{"start":{"line":4,"column":25},"end":{"line":4,"column":26}},"loc":{"start":{"line":4,"column":69},"end":{"line":306,"column":1}},"line":4},"1":{"name":"(anonymous_1)","decl":{"start":{"line":17,"column":12},"end":{"line":17,"column":13}},"loc":{"start":{"line":17,"column":18},"end":{"line":29,"column":3}},"line":17},"2":{"name":"(anonymous_2)","decl":{"start":{"line":31,"column":26},"end":{"line":31,"column":27}},"loc":{"start":{"line":31,"column":38},"end":{"line":38,"column":3}},"line":31},"3":{"name":"(anonymous_3)","decl":{"start":{"line":40,"column":23},"end":{"line":40,"column":24}},"loc":{"start":{"line":40,"column":30},"end":{"line":46,"column":3}},"line":40},"4":{"name":"(anonymous_4)","decl":{"start":{"line":42,"column":16},"end":{"line":42,"column":17}},"loc":{"start":{"line":42,"column":25},"end":{"line":45,"column":5}},"line":42},"5":{"name":"(anonymous_5)","decl":{"start":{"line":48,"column":23},"end":{"line":48,"column":24}},"loc":{"start":{"line":48,"column":36},"end":{"line":100,"column":3}},"line":48},"6":{"name":"(anonymous_6)","decl":{"start":{"line":256,"column":32},"end":{"line":256,"column":33}},"loc":{"start":{"line":257,"column":18},"end":{"line":259,"column":27}},"line":257}},"branchMap":{"0":{"loc":{"start":{"line":18,"column":4},"end":{"line":27,"column":5}},"type":"if","locations":[{"start":{"line":18,"column":4},"end":{"line":27,"column":5}},{"start":{},"end":{}}],"line":18},"1":{"loc":{"start":{"line":20,"column":14},"end":{"line":20,"column":32}},"type":"binary-expr","locations":[{"start":{"line":20,"column":14},"end":{"line":20,"column":26}},{"start":{"line":20,"column":30},"end":{"line":20,"column":32}}],"line":20},"2":{"loc":{"start":{"line":21,"column":21},"end":{"line":21,"column":46}},"type":"binary-expr","locations":[{"start":{"line":21,"column":21},"end":{"line":21,"column":40}},{"start":{"line":21,"column":44},"end":{"line":21,"column":46}}],"line":21},"3":{"loc":{"start":{"line":22,"column":15},"end":{"line":22,"column":34}},"type":"binary-expr","locations":[{"start":{"line":22,"column":15},"end":{"line":22,"column":28}},{"start":{"line":22,"column":32},"end":{"line":22,"column":34}}],"line":22},"4":{"loc":{"start":{"line":23,"column":18},"end":{"line":23,"column":40}},"type":"binary-expr","locations":[{"start":{"line":23,"column":18},"end":{"line":23,"column":34}},{"start":{"line":23,"column":38},"end":{"line":23,"column":40}}],"line":23},"5":{"loc":{"start":{"line":24,"column":15},"end":{"line":24,"column":34}},"type":"binary-expr","locations":[{"start":{"line":24,"column":15},"end":{"line":24,"column":28}},{"start":{"line":24,"column":32},"end":{"line":24,"column":34}}],"line":24},"6":{"loc":{"start":{"line":25,"column":19},"end":{"line":25,"column":77}},"type":"cond-expr","locations":[{"start":{"line":25,"column":53},"end":{"line":25,"column":70}},{"start":{"line":25,"column":73},"end":{"line":25,"column":77}}],"line":25},"7":{"loc":{"start":{"line":44,"column":14},"end":{"line":44,"column":51}},"type":"cond-expr","locations":[{"start":{"line":44,"column":36},"end":{"line":44,"column":43}},{"start":{"line":44,"column":46},"end":{"line":44,"column":51}}],"line":44},"8":{"loc":{"start":{"line":54,"column":4},"end":{"line":58,"column":5}},"type":"if","locations":[{"start":{"line":54,"column":4},"end":{"line":58,"column":5}},{"start":{},"end":{}}],"line":54},"9":{"loc":{"start":{"line":59,"column":4},"end":{"line":63,"column":5}},"type":"if","locations":[{"start":{"line":59,"column":4},"end":{"line":63,"column":5}},{"start":{},"end":{}}],"line":59},"10":{"loc":{"start":{"line":59,"column":8},"end":{"line":59,"column":58}},"type":"binary-expr","locations":[{"start":{"line":59,"column":8},"end":{"line":59,"column":23}},{"start":{"line":59,"column":27},"end":{"line":59,"column":58}}],"line":59},"11":{"loc":{"start":{"line":64,"column":4},"end":{"line":68,"column":5}},"type":"if","locations":[{"start":{"line":64,"column":4},"end":{"line":68,"column":5}},{"start":{},"end":{}}],"line":64},"12":{"loc":{"start":{"line":64,"column":8},"end":{"line":64,"column":55}},"type":"binary-expr","locations":[{"start":{"line":64,"column":8},"end":{"line":64,"column":23}},{"start":{"line":64,"column":27},"end":{"line":64,"column":55}}],"line":64},"13":{"loc":{"start":{"line":86,"column":6},"end":{"line":93,"column":7}},"type":"if","locations":[{"start":{"line":86,"column":6},"end":{"line":93,"column":7}},{"start":{"line":91,"column":13},"end":{"line":93,"column":7}}],"line":86},"14":{"loc":{"start":{"line":102,"column":2},"end":{"line":102,"column":27}},"type":"if","locations":[{"start":{"line":102,"column":2},"end":{"line":102,"column":27}},{"start":{},"end":{}}],"line":102},"15":{"loc":{"start":{"line":141,"column":11},"end":{"line":152,"column":11}},"type":"binary-expr","locations":[{"start":{"line":141,"column":11},"end":{"line":141,"column":16}},{"start":{"line":142,"column":12},"end":{"line":151,"column":18}}],"line":141},"16":{"loc":{"start":{"line":298,"column":17},"end":{"line":298,"column":59}},"type":"cond-expr","locations":[{"start":{"line":298,"column":27},"end":{"line":298,"column":40}},{"start":{"line":298,"column":43},"end":{"line":298,"column":59}}],"line":298}},"s":{"0":0,"1":0,"2":0,"3":0,"4":0,"5":0,"6":0,"7":0,"8":0,"9":0,"10":0,"11":0,"12":0,"13":0,"14":0,"15":0,"16":0,"17":0,"18":0,"19":0,"20":0,"21":0,"22":0,"23":0,"24":0,"25":0,"26":0,"27":0,"28":0,"29":0,"30":0,"31":0,"32":0,"33":0,"34":0,"35":0,"36":0,"37":0,"38":0,"39":0,"40":0,"41":0,"42":0,"43":0,"44":0,"45":0,"46":0,"47":0,"48":0,"49":0},"f":{"0":0,"1":0,"2":0,"3":0,"4":0,"5":0,"6":0},"b":{"0":[0,0],"1":[0,0],"2":[0,0],"3":[0,0],"4":[0,0],"5":[0,0],"6":[0,0],"7":[0,0],"8":[0,0],"9":[0,0],"10":[0,0],"11":[0,0],"12":[0,0],"13":[0,0],"14":[0,0],"15":[0,0],"16":[0,0]}}
,"/home/runner/work/EasyCart/EasyCart/frontend/src/components/ProductGrid.js": {"path":"/home/runner/work/EasyCart/EasyCart/frontend/src/components/ProductGrid.js","statementMap":{"0":{"start":{"line":6,"column":20},"end":{"line":52,"column":1}},"1":{"start":{"line":7,"column":50},"end":{"line":7,"column":64}},"2":{"start":{"line":8,"column":2},"end":{"line":16,"column":3}},"3":{"start":{"line":9,"column":4},"end":{"line":15,"column":6}},"4":{"start":{"line":12,"column":10},"end":{"line":12,"column":87}},"5":{"start":{"line":18,"column":29},"end":{"line":21,"column":4}},"6":{"start":{"line":19,"column":16},"end":{"line":19,"column":50}},"7":{"start":{"line":20,"column":4},"end":{"line":20,"column":47}},"8":{"start":{"line":22,"column":2},"end":{"line":24,"column":3}},"9":{"start":{"line":23,"column":4},"end":{"line":23,"column":96}},"10":{"start":{"line":25,"column":2},"end":{"line":51,"column":4}},"11":{"start":{"line":34,"column":12},"end":{"line":39,"column":14}},"12":{"start":{"line":38,"column":33},"end":{"line":38,"column":61}},"13":{"start":{"line":45,"column":27},"end":{"line":45,"column":52}}},"fnMap":{"0":{"name":"(anonymous_0)","decl":{"start":{"line":6,"column":20},"end":{"line":6,"column":21}},"loc":{"start":{"line":6,"column":60},"end":{"line":52,"column":1}},"line":6},"1":{"name":"(anonymous_1)","decl":{"start":{"line":11,"column":39},"end":{"line":11,"column":40}},"loc":{"start":{"line":12,"column":10},"end":{"line":12,"column":87}},"line":12},"2":{"name":"(anonymous_2)","decl":{"start":{"line":18,"column":45},"end":{"line":18,"column":46}},"loc":{"start":{"line":18,"column":56},"end":{"line":21,"column":3}},"line":18},"3":{"name":"(anonymous_3)","decl":{"start":{"line":33,"column":34},"end":{"line":33,"column":35}},"loc":{"start":{"line":34,"column":12},"end":{"line":39,"column":14}},"line":34},"4":{"name":"(anonymous_4)","decl":{"start":{"line":38,"column":27},"end":{"line":38,"column":28}},"loc":{"start":{"line":38,"column":33},"end":{"line":38,"column":61}},"line":38},"5":{"name":"(anonymous_5)","decl":{"start":{"line":45,"column":21},"end":{"line":45,"column":22}},"loc":{"start":{"line":45,"column":27},"end":{"line":45,"column":52}},"line":45}},"branchMap":{"0":{"loc":{"start":{"line":8,"column":2},"end":{"line":16,"column":3}},"type":"if","locations":[{"start":{"line":8,"column":2},"end":{"line":16,"column":3}},{"start":{},"end":{}}],"line":8},"1":{"loc":{"start":{"line":19,"column":16},"end":{"line":19,"column":50}},"type":"binary-expr","locations":[{"start":{"line":19,"column":16},"end":{"line":19,"column":33}},{"start":{"line":19,"column":37},"end":{"line":19,"column":50}}],"line":19},"2":{"loc":{"start":{"line":20,"column":11},"end":{"line":20,"column":46}},"type":"binary-expr","locations":[{"start":{"line":20,"column":11},"end":{"line":20,"column":14}},{"start":{"line":20,"column":18},"end":{"line":20,"column":46}}],"line":20},"3":{"loc":{"start":{"line":22,"column":2},"end":{"line":24,"column":3}},"type":"if","locations":[{"start":{"line":22,"column":2},"end":{"line":24,"column":3}},{"start":{},"end":{}}],"line":22},"4":{"loc":{"start":{"line":42,"column":9},"end":{"line":48,"column":9}},"type":"binary-expr","locations":[{"start":{"line":42,"column":9},"end":{"line":42,"column":25}},{"start":{"line":43,"column":10},"end":{"line":47,"column":12}}],"line":42}},"s":{"0":0,"1":0,"2":0,"3":0,"4":0,"5":0,"6":0,"7":0,"8":0,"9":0,"10":0,"11":0,"12":0,"13":0},"f":{"0":0,"1":0,"2":0,"3":0,"4":0,"5":0},"b":{"0":[0,0],"1":[0,0],"2":[0,0],"3":[0,0],"4":[0,0]}}
,"/home/runner/work/EasyCart/EasyCart/frontend/src/components/SEOHead.js": {"path":"/home/runner/work/EasyCart/EasyCart/frontend/src/components/SEOHead.js","statementMap":{"0":{"start":{"line":3,"column":16},"end":{"line":53,"column":1}},"1":{"start":{"line":9,"column":2},"end":{"line":50,"column":44}},"2":{"start":{"line":11,"column":4},"end":{"line":11,"column":27}},"3":{"start":{"line":14,"column":23},"end":{"line":22,"column":5}},"4":{"start":{"line":15,"column":17},"end":{"line":15,"column":63}},"5":{"start":{"line":16,"column":6},"end":{"line":20,"column":7}},"6":{"start":{"line":17,"column":8},"end":{"line":17,"column":46}},"7":{"start":{"line":18,"column":8},"end":{"line":18,"column":25}},"8":{"start":{"line":19,"column":8},"end":{"line":19,"column":40}},"9":{"start":{"line":21,"column":6},"end":{"line":21,"column":29}},"10":{"start":{"line":24,"column":27},"end":{"line":32,"column":5}},"11":{"start":{"line":25,"column":17},"end":{"line":25,"column":71}},"12":{"start":{"line":26,"column":6},"end":{"line":30,"column":7}},"13":{"start":{"line":27,"column":8},"end":{"line":27,"column":46}},"14":{"start":{"line":28,"column":8},"end":{"line":28,"column":48}},"15":{"start":{"line":29,"column":8},"end":{"line":29,"column":40}},"16":{"start":{"line":31,"column":6},"end":{"line":31,"column":29}},"17":{"start":{"line":35,"column":4},"end":{"line":35,"column":43}},"18":{"start":{"line":36,"column":4},"end":{"line":36,"column":37}},"19":{"start":{"line":39,"column":4},"end":{"line":39,"column":38}},"20":{"start":{"line":40,"column":4},"end":{"line":40,"column":50}},"21":{"start":{"line":41,"column":4},"end":{"line":41,"column":38}},"22":{"start":{"line":42,"column":4},"end":{"line":42,"column":41}},"23":{"start":{"line":45,"column":4},"end":{"line":45,"column":54}},"24":{"start":{"line":46,"column":4},"end":{"line":46,"column":39}},"25":{"start":{"line":47,"column":4},"end":{"line":47,"column":51}},"26":{"start":{"line":48,"column":4},"end":{"line":48,"column":39}},"27":{"start":{"line":52,"column":2},"end":{"line":52,"column":14}}},"fnMap":{"0":{"name":"(anonymous_0)","decl":{"start":{"line":3,"column":16},"end":{"line":3,"column":17}},"loc":{"start":{"line":8,"column":6},"end":{"line":53,"column":1}},"line":8},"1":{"name":"(anonymous_1)","decl":{"start":{"line":9,"column":12},"end":{"line":9,"column":13}},"loc":{"start":{"line":9,"column":18},"end":{"line":50,"column":3}},"line":9},"2":{"name":"(anonymous_2)","decl":{"start":{"line":14,"column":23},"end":{"line":14,"column":24}},"loc":{"start":{"line":14,"column":42},"end":{"line":22,"column":5}},"line":14},"3":{"name":"(anonymous_3)","decl":{"start":{"line":24,"column":27},"end":{"line":24,"column":28}},"loc":{"start":{"line":24,"column":50},"end":{"line":32,"column":5}},"line":24}},"branchMap":{"0":{"loc":{"start":{"line":4,"column":2},"end":{"line":4,"column":46}},"type":"default-arg","locations":[{"start":{"line":4,"column":10},"end":{"line":4,"column":46}}],"line":4},"1":{"loc":{"start":{"line":5,"column":2},"end":{"line":5,"column":131}},"type":"default-arg","locations":[{"start":{"line":5,"column":16},"end":{"line":5,"column":131}}],"line":5},"2":{"loc":{"start":{"line":6,"column":2},"end":{"line":6,"column":76}},"type":"default-arg","locations":[{"start":{"line":6,"column":13},"end":{"line":6,"column":76}}],"line":6},"3":{"loc":{"start":{"line":7,"column":2},"end":{"line":7,"column":24}},"type":"default-arg","locations":[{"start":{"line":7,"column":10},"end":{"line":7,"column":24}}],"line":7},"4":{"loc":{"start":{"line":16,"column":6},"end":{"line":20,"column":7}},"type":"if","locations":[{"start":{"line":16,"column":6},"end":{"line":20,"column":7}},{"start":{},"end":{}}],"line":16},"5":{"loc":{"start":{"line":26,"column":6},"end":{"line":30,"column":7}},"type":"if","locations":[{"start":{"line":26,"column":6},"end":{"line":30,"column":7}},{"start":{},"end":{}}],"line":26}},"s":{"0":0,"1":0,"2":0,"3":0,"4":0,"5":0,"6":0,"7":0,"8":0,"9":0,"10":0,"11":0,"12":0,"13":0,"14":0,"15":0,"16":0,"17":0,"18":0,"19":0,"20":0,"21":0,"22":0,"23":0,"24":0,"25":0,"26":0,"27":0},"f":{"0":0,"1":0,"2":0,"3":0},"b":{"0":[0],"1":[0],"2":[0],"3":[0],"4":[0,0],"5":[0,0]}}
,"/home/runner/work/EasyCart/EasyCart/frontend/src/components/WishlistButton.js": {"path":"/home/runner/work/EasyCart/EasyCart/frontend/src/components/WishlistButton.js","statementMap":{"0":{"start":{"line":7,"column":23},"end":{"line":61,"column":1}},"1":{"start":{"line":8,"column":72},"end":{"line":8,"column":85}},"2":{"start":{"line":9,"column":30},"end":{"line":9,"column":39}},"3":{"start":{"line":10,"column":32},"end":{"line":10,"column":47}},"4":{"start":{"line":12,"column":23},"end":{"line":12,"column":72}},"5":{"start":{"line":12,"column":45},"end":{"line":12,"column":71}},"6":{"start":{"line":13,"column":30},"end":{"line":13,"column":53}},"7":{"start":{"line":15,"column":31},"end":{"line":36,"column":3}},"8":{"start":{"line":16,"column":4},"end":{"line":19,"column":5}},"9":{"start":{"line":17,"column":6},"end":{"line":17,"column":58}},"10":{"start":{"line":18,"column":6},"end":{"line":18,"column":13}},"11":{"start":{"line":21,"column":4},"end":{"line":21,"column":21}},"12":{"start":{"line":22,"column":4},"end":{"line":35,"column":5}},"13":{"start":{"line":23,"column":6},"end":{"line":29,"column":7}},"14":{"start":{"line":24,"column":8},"end":{"line":24,"column":50}},"15":{"start":{"line":25,"column":8},"end":{"line":25,"column":47}},"16":{"start":{"line":27,"column":8},"end":{"line":27,"column":39}},"17":{"start":{"line":28,"column":8},"end":{"line":28,"column":43}},"18":{"start":{"line":31,"column":6},"end":{"line":31,"column":55}},"19":{"start":{"line":32,"column":6},"end":{"line":32,"column":64}},"20":{"start":{"line":34,"column":6},"end":{"line":34,"column":24}},"21":{"start":{"line":38,"column":2},"end":{"line":60,"column":4}}},"fnMap":{"0":{"name":"(anonymous_0)","decl":{"start":{"line":7,"column":23},"end":{"line":7,"column":24}},"loc":{"start":{"line":7,"column":92},"end":{"line":61,"column":1}},"line":7},"1":{"name":"(anonymous_1)","decl":{"start":{"line":12,"column":37},"end":{"line":12,"column":38}},"loc":{"start":{"line":12,"column":45},"end":{"line":12,"column":71}},"line":12},"2":{"name":"(anonymous_2)","decl":{"start":{"line":15,"column":31},"end":{"line":15,"column":32}},"loc":{"start":{"line":15,"column":43},"end":{"line":36,"column":3}},"line":15}},"branchMap":{"0":{"loc":{"start":{"line":7,"column":37},"end":{"line":7,"column":48}},"type":"default-arg","locations":[{"start":{"line":7,"column":44},"end":{"line":7,"column":48}}],"line":7},"1":{"loc":{"start":{"line":7,"column":50},"end":{"line":7,"column":69}},"type":"default-arg","locations":[{"start":{"line":7,"column":60},"end":{"line":7,"column":69}}],"line":7},"2":{"loc":{"start":{"line":7,"column":71},"end":{"line":7,"column":85}},"type":"default-arg","locations":[{"start":{"line":7,"column":83},"end":{"line":7,"column":85}}],"line":7},"3":{"loc":{"start":{"line":16,"column":4},"end":{"line":19,"column":5}},"type":"if","locations":[{"start":{"line":16,"column":4},"end":{"line":19,"column":5}},{"start":{},"end":{}}],"line":16},"4":{"loc":{"start":{"line":23,"column":6},"end":{"line":29,"column":7}},"type":"if","locations":[{"start":{"line":23,"column":6},"end":{"line":29,"column":7}},{"start":{"line":26,"column":13},"end":{"line":29,"column":7}}],"line":23},"5":{"loc":{"start":{"line":23,"column":10},"end":{"line":23,"column":45}},"type":"binary-expr","locations":[{"start":{"line":23,"column":10},"end":{"line":23,"column":29}},{"start":{"line":23,"column":33},"end":{"line":23,"column":45}}],"line":23},"6":{"loc":{"start":{"line":32,"column":18},"end":{"line":32,"column":62}},"type":"binary-expr","locations":[{"start":{"line":32,"column":18},"end":{"line":32,"column":31}},{"start":{"line":32,"column":35},"end":{"line":32,"column":62}}],"line":32},"7":{"loc":{"start":{"line":46,"column":13},"end":{"line":46,"column":77}},"type":"cond-expr","locations":[{"start":{"line":46,"column":35},"end":{"line":46,"column":57}},{"start":{"line":46,"column":60},"end":{"line":46,"column":77}}],"line":46},"8":{"loc":{"start":{"line":48,"column":7},"end":{"line":58,"column":7}},"type":"cond-expr","locations":[{"start":{"line":49,"column":8},"end":{"line":52,"column":15}},{"start":{"line":54,"column":8},"end":{"line":57,"column":15}}],"line":48}},"s":{"0":0,"1":0,"2":0,"3":0,"4":0,"5":0,"6":0,"7":0,"8":0,"9":0,"10":0,"11":0,"12":0,"13":0,"14":0,"15":0,"16":0,"17":0,"18":0,"19":0,"20":0,"21":0},"f":{"0":0,"1":0,"2":0},"b":{"0":[0],"1":[0],"2":[0],"3":[0,0],"4":[0,0],"5":[0,0],"6":[0,0],"7":[0,0],"8":[0,0]}}
,"/home/runner/work/EasyCart/EasyCart/frontend/src/components/Admin/AdminAuth.js": {"path":"/home/runner/work/EasyCart/EasyCart/frontend/src/components/Admin/AdminAuth.js","statementMap":{"0":{"start":{"line":4,"column":18},"end":{"line":58,"column":1}},"1":{"start":{"line":5,"column":40},"end":{"line":5,"column":103}},"2":{"start":{"line":6,"column":32},"end":{"line":6,"column":47}},"3":{"start":{"line":8,"column":22},"end":{"line":20,"column":3}},"4":{"start":{"line":9,"column":4},"end":{"line":9,"column":23}},"5":{"start":{"line":10,"column":4},"end":{"line":10,"column":21}},"6":{"start":{"line":11,"column":4},"end":{"line":18,"column":5}},"7":{"start":{"line":12,"column":23},"end":{"line":12,"column":55}},"8":{"start":{"line":13,"column":6},"end":{"line":13,"column":64}},"9":{"start":{"line":14,"column":6},"end":{"line":14,"column":71}},"10":{"start":{"line":15,"column":6},"end":{"line":15,"column":34}},"11":{"start":{"line":17,"column":6},"end":{"line":17,"column":83}},"12":{"start":{"line":19,"column":4},"end":{"line":19,"column":22}},"13":{"start":{"line":22,"column":2},"end":{"line":57,"column":4}},"14":{"start":{"line":30,"column":27},"end":{"line":30,"column":82}},"15":{"start":{"line":37,"column":27},"end":{"line":37,"column":85}}},"fnMap":{"0":{"name":"(anonymous_0)","decl":{"start":{"line":4,"column":18},"end":{"line":4,"column":19}},"loc":{"start":{"line":4,"column":35},"end":{"line":58,"column":1}},"line":4},"1":{"name":"(anonymous_1)","decl":{"start":{"line":8,"column":22},"end":{"line":8,"column":23}},"loc":{"start":{"line":8,"column":35},"end":{"line":20,"column":3}},"line":8},"2":{"name":"(anonymous_2)","decl":{"start":{"line":30,"column":20},"end":{"line":30,"column":21}},"loc":{"start":{"line":30,"column":27},"end":{"line":30,"column":82}},"line":30},"3":{"name":"(anonymous_3)","decl":{"start":{"line":37,"column":20},"end":{"line":37,"column":21}},"loc":{"start":{"line":37,"column":27},"end":{"line":37,"column":85}},"line":37}},"branchMap":{"0":{"loc":{"start":{"line":17,"column":32},"end":{"line":17,"column":80}},"type":"binary-expr","locations":[{"start":{"line":17,"column":32},"end":{"line":17,"column":61}},{"start":{"line":17,"column":65},"end":{"line":17,"column":80}}],"line":17},"1":{"loc":{"start":{"line":50,"column":20},"end":{"line":50,"column":55}},"type":"cond-expr","locations":[{"start":{"line":50,"column":30},"end":{"line":50,"column":43}},{"start":{"line":50,"column":46},"end":{"line":50,"column":55}}],"line":50},"2":{"loc":{"start":{"line":53,"column":11},"end":{"line":53,"column":55}},"type":"cond-expr","locations":[{"start":{"line":53,"column":21},"end":{"line":53,"column":36}},{"start":{"line":53,"column":39},"end":{"line":53,"column":55}}],"line":53}},"s":{"0":0,"1":0,"2":0,"3":0,"4":0,"5":0,"6":0,"7":0,"8":0,"9":0,"10":0,"11":0,"12":0,"13":0,"14":0,"15":0},"f":{"0":0,"1":0,"2":0,"3":0},"b":{"0":[0,0],"1":[0,0],"2":[0,0]}}
,"/home/runner/work/EasyCart/EasyCart/frontend/src/components/Admin/ProductManager.js": {"path":"/home/runner/work/EasyCart/EasyCart/frontend/src/components/Admin/ProductManager.js","statementMap":{"0":{"start":{"line":5,"column":23},"end":{"line":237,"column":1}},"1":{"start":{"line":6,"column":34},"end":{"line":6,"column":46}},"2":{"start":{"line":7,"column":40},"end":{"line":7,"column":55}},"3":{"start":{"line":8,"column":26},"end":{"line":8,"column":40}},"4":{"start":{"line":10,"column":34},"end":{"line":13,"column":4}},"5":{"start":{"line":15,"column":21},"end":{"line":15,"column":136}},"6":{"start":{"line":17,"column":2},"end":{"line":27,"column":9}},"7":{"start":{"line":18,"column":18},"end":{"line":18,"column":54}},"8":{"start":{"line":19,"column":21},"end":{"line":19,"column":49}},"9":{"start":{"line":20,"column":4},"end":{"line":26,"column":5}},"10":{"start":{"line":21,"column":25},"end":{"line":21,"column":45}},"11":{"start":{"line":22,"column":6},"end":{"line":25,"column":7}},"12":{"start":{"line":23,"column":8},"end":{"line":23,"column":28}},"13":{"start":{"line":24,"column":8},"end":{"line":24,"column":24}},"14":{"start":{"line":29,"column":24},"end":{"line":36,"column":3}},"15":{"start":{"line":30,"column":4},"end":{"line":35,"column":5}},"16":{"start":{"line":31,"column":23},"end":{"line":31,"column":54}},"17":{"start":{"line":32,"column":6},"end":{"line":32,"column":47}},"18":{"start":{"line":34,"column":6},"end":{"line":34,"column":56}},"19":{"start":{"line":38,"column":23},"end":{"line":59,"column":3}},"20":{"start":{"line":39,"column":4},"end":{"line":39,"column":23}},"21":{"start":{"line":41,"column":4},"end":{"line":57,"column":5}},"22":{"start":{"line":42,"column":26},"end":{"line":46,"column":7}},"23":{"start":{"line":47,"column":6},"end":{"line":47,"column":51}},"24":{"start":{"line":48,"column":6},"end":{"line":48,"column":28}},"25":{"start":{"line":49,"column":6},"end":{"line":52,"column":9}},"26":{"start":{"line":53,"column":6},"end":{"line":53,"column":28}},"27":{"start":{"line":54,"column":6},"end":{"line":54,"column":43}},"28":{"start":{"line":56,"column":6},"end":{"line":56,"column":92}},"29":{"start":{"line":61,"column":24},"end":{"line":71,"column":3}},"30":{"start":{"line":62,"column":4},"end":{"line":70,"column":5}},"31":{"start":{"line":63,"column":6},"end":{"line":69,"column":7}},"32":{"start":{"line":64,"column":8},"end":{"line":64,"column":44}},"33":{"start":{"line":65,"column":8},"end":{"line":65,"column":30}},"34":{"start":{"line":66,"column":8},"end":{"line":66,"column":47}},"35":{"start":{"line":68,"column":8},"end":{"line":68,"column":42}},"36":{"start":{"line":73,"column":2},"end":{"line":75,"column":3}},"37":{"start":{"line":74,"column":4},"end":{"line":74,"column":43}},"38":{"start":{"line":77,"column":2},"end":{"line":236,"column":4}},"39":{"start":{"line":85,"column":23},"end":{"line":85,"column":43}},"40":{"start":{"line":105,"column":33},"end":{"line":105,"column":81}},"41":{"start":{"line":112,"column":33},"end":{"line":112,"column":82}},"42":{"start":{"line":118,"column":33},"end":{"line":118,"column":85}},"43":{"start":{"line":122,"column":18},"end":{"line":122,"column":62}},"44":{"start":{"line":128,"column":33},"end":{"line":128,"column":82}},"45":{"start":{"line":135,"column":33},"end":{"line":135,"column":82}},"46":{"start":{"line":141,"column":33},"end":{"line":141,"column":83}},"47":{"start":{"line":148,"column":31},"end":{"line":148,"column":86}},"48":{"start":{"line":158,"column":31},"end":{"line":158,"column":80}},"49":{"start":{"line":177,"column":31},"end":{"line":177,"column":52}},"50":{"start":{"line":195,"column":10},"end":{"line":222,"column":16}},"51":{"start":{"line":213,"column":29},"end":{"line":213,"column":55}}},"fnMap":{"0":{"name":"(anonymous_0)","decl":{"start":{"line":5,"column":23},"end":{"line":5,"column":24}},"loc":{"start":{"line":5,"column":29},"end":{"line":237,"column":1}},"line":5},"1":{"name":"(anonymous_1)","decl":{"start":{"line":17,"column":12},"end":{"line":17,"column":13}},"loc":{"start":{"line":17,"column":18},"end":{"line":27,"column":3}},"line":17},"2":{"name":"(anonymous_2)","decl":{"start":{"line":29,"column":24},"end":{"line":29,"column":25}},"loc":{"start":{"line":29,"column":36},"end":{"line":36,"column":3}},"line":29},"3":{"name":"(anonymous_3)","decl":{"start":{"line":38,"column":23},"end":{"line":38,"column":24}},"loc":{"start":{"line":38,"column":36},"end":{"line":59,"column":3}},"line":38},"4":{"name":"(anonymous_4)","decl":{"start":{"line":61,"column":24},"end":{"line":61,"column":25}},"loc":{"start":{"line":61,"column":38},"end":{"line":71,"column":3}},"line":61},"5":{"name":"(anonymous_5)","decl":{"start":{"line":85,"column":17},"end":{"line":85,"column":18}},"loc":{"start":{"line":85,"column":23},"end":{"line":85,"column":43}},"line":85},"6":{"name":"(anonymous_6)","decl":{"start":{"line":105,"column":26},"end":{"line":105,"column":27}},"loc":{"start":{"line":105,"column":33},"end":{"line":105,"column":81}},"line":105},"7":{"name":"(anonymous_7)","decl":{"start":{"line":112,"column":26},"end":{"line":112,"column":27}},"loc":{"start":{"line":112,"column":33},"end":{"line":112,"column":82}},"line":112},"8":{"name":"(anonymous_8)","decl":{"start":{"line":118,"column":26},"end":{"line":118,"column":27}},"loc":{"start":{"line":118,"column":33},"end":{"line":118,"column":85}},"line":118},"9":{"name":"(anonymous_9)","decl":{"start":{"line":121,"column":32},"end":{"line":121,"column":33}},"loc":{"start":{"line":122,"column":18},"end":{"line":122,"column":62}},"line":122},"10":{"name":"(anonymous_10)","decl":{"start":{"line":128,"column":26},"end":{"line":128,"column":27}},"loc":{"start":{"line":128,"column":33},"end":{"line":128,"column":82}},"line":128},"11":{"name":"(anonymous_11)","decl":{"start":{"line":135,"column":26},"end":{"line":135,"column":27}},"loc":{"start":{"line":135,"column":33},"end":{"line":135,"column":82}},"line":135},"12":{"name":"(anonymous_12)","decl":{"start":{"line":141,"column":26},"end":{"line":141,"column":27}},"loc":{"start":{"line":141,"column":33},"end":{"line":141,"column":83}},"line":141},"13":{"name":"(anonymous_13)","decl":{"start":{"line":148,"column":24},"end":{"line":148,"column":25}},"loc":{"start":{"line":148,"column":31},"end":{"line":148,"column":86}},"line":148},"14":{"name":"(anonymous_14)","decl":{"start":{"line":158,"column":24},"end":{"line":158,"column":25}},"loc":{"start":{"line":158,"column":31},"end":{"line":158,"column":80}},"line":158},"15":{"name":"(anonymous_15)","decl":{"start":{"line":177,"column":25},"end":{"line":177,"column":26}},"loc":{"start":{"line":177,"column":31},"end":{"line":177,"column":52}},"line":177},"16":{"name":"(anonymous_16)","decl":{"start":{"line":194,"column":22},"end":{"line":194,"column":23}},"loc":{"start":{"line":195,"column":10},"end":{"line":222,"column":16}},"line":195},"17":{"name":"(anonymous_17)","decl":{"start":{"line":213,"column":23},"end":{"line":213,"column":24}},"loc":{"start":{"line":213,"column":29},"end":{"line":213,"column":55}},"line":213}},"branchMap":{"0":{"loc":{"start":{"line":20,"column":4},"end":{"line":26,"column":5}},"type":"if","locations":[{"start":{"line":20,"column":4},"end":{"line":26,"column":5}},{"start":{},"end":{}}],"line":20},"1":{"loc":{"start":{"line":20,"column":8},"end":{"line":20,"column":25}},"type":"binary-expr","locations":[{"start":{"line":20,"column":8},"end":{"line":20,"column":13}},{"start":{"line":20,"column":17},"end":{"line":20,"column":25}}],"line":20},"2":{"loc":{"start":{"line":22,"column":6},"end":{"line":25,"column":7}},"type":"if","locations":[{"start":{"line":22,"column":6},"end":{"line":25,"column":7}},{"start":{},"end":{}}],"line":22},"3":{"loc":{"start":{"line":32,"column":18},"end":{"line":32,"column":45}},"type":"binary-expr","locations":[{"start":{"line":32,"column":18},"end":{"line":32,"column":39}},{"start":{"line":32,"column":43},"end":{"line":32,"column":45}}],"line":32},"4":{"loc":{"start":{"line":56,"column":41},"end":{"line":56,"column":89}},"type":"binary-expr","locations":[{"start":{"line":56,"column":41},"end":{"line":56,"column":70}},{"start":{"line":56,"column":74},"end":{"line":56,"column":89}}],"line":56},"5":{"loc":{"start":{"line":62,"column":4},"end":{"line":70,"column":5}},"type":"if","locations":[{"start":{"line":62,"column":4},"end":{"line":70,"column":5}},{"start":{},"end":{}}],"line":62},"6":{"loc":{"start":{"line":73,"column":2},"end":{"line":75,"column":3}},"type":"if","locations":[{"start":{"line":73,"column":2},"end":{"line":75,"column":3}},{"start":{},"end":{}}],"line":73},"7":{"loc":{"start":{"line":94,"column":7},"end":{"line":188,"column":7}},"type":"binary-expr","locations":[{"start":{"line":94,"column":7},"end":{"line":94,"column":18}},{"start":{"line":95,"column":8},"end":{"line":187,"column":14}}],"line":94},"8":{"loc":{"start":{"line":226,"column":7},"end":{"line":234,"column":7}},"type":"binary-expr","locations":[{"start":{"line":226,"column":7},"end":{"line":226,"column":28}},{"start":{"line":227,"column":8},"end":{"line":233,"column":14}}],"line":226}},"s":{"0":0,"1":0,"2":0,"3":0,"4":0,"5":0,"6":0,"7":0,"8":0,"9":0,"10":0,"11":0,"12":0,"13":0,"14":0,"15":0,"16":0,"17":0,"18":0,"19":0,"20":0,"21":0,"22":0,"23":0,"24":0,"25":0,"26":0,"27":0,"28":0,"29":0,"30":0,"31":0,"32":0,"33":0,"34":0,"35":0,"36":0,"37":0,"38":0,"39":0,"40":0,"41":0,"42":0,"43":0,"44":0,"45":0,"46":0,"47":0,"48":0,"49":0,"50":0,"51":0},"f":{"0":0,"1":0,"2":0,"3":0,"4":0,"5":0,"6":0,"7":0,"8":0,"9":0,"10":0,"11":0,"12":0,"13":0,"14":0,"15":0,"16":0,"17":0},"b":{"0":[0,0],"1":[0,0],"2":[0,0],"3":[0,0],"4":[0,0],"5":[0,0],"6":[0,0],"7":[0,0],"8":[0,0]}}
,"/home/runner/work/EasyCart/EasyCart/frontend/src/components/Chat/SupportChat.js": {"path":"/home/runner/work/EasyCart/EasyCart/frontend/src/components/Chat/SupportChat.js","statementMap":{"0":{"start":{"line":3,"column":20},"end":{"line":109,"column":1}},"1":{"start":{"line":4,"column":30},"end":{"line":4,"column":45}},"2":{"start":{"line":5,"column":34},"end":{"line":7,"column":4}},"3":{"start":{"line":8,"column":38},"end":{"line":8,"column":50}},"4":{"start":{"line":9,"column":25},"end":{"line":9,"column":37}},"5":{"start":{"line":11,"column":2},"end":{"line":13,"column":17}},"6":{"start":{"line":12,"column":4},"end":{"line":12,"column":67}},"7":{"start":{"line":15,"column":24},"end":{"line":19,"column":3}},"8":{"start":{"line":16,"column":4},"end":{"line":18,"column":24}},"9":{"start":{"line":21,"column":22},"end":{"line":45,"column":3}},"10":{"start":{"line":22,"column":4},"end":{"line":22,"column":23}},"11":{"start":{"line":23,"column":29},"end":{"line":23,"column":54}},"12":{"start":{"line":24,"column":4},"end":{"line":24,"column":34}},"13":{"start":{"line":24,"column":27},"end":{"line":24,"column":34}},"14":{"start":{"line":26,"column":20},"end":{"line":31,"column":5}},"15":{"start":{"line":33,"column":4},"end":{"line":33,"column":44}},"16":{"start":{"line":33,"column":24},"end":{"line":33,"column":42}},"17":{"start":{"line":35,"column":4},"end":{"line":42,"column":13}},"18":{"start":{"line":36,"column":6},"end":{"line":41,"column":10}},"19":{"start":{"line":36,"column":26},"end":{"line":41,"column":8}},"20":{"start":{"line":44,"column":4},"end":{"line":44,"column":22}},"21":{"start":{"line":47,"column":2},"end":{"line":60,"column":3}},"22":{"start":{"line":48,"column":4},"end":{"line":59,"column":6}},"23":{"start":{"line":50,"column":23},"end":{"line":50,"column":38}},"24":{"start":{"line":62,"column":2},"end":{"line":108,"column":4}},"25":{"start":{"line":73,"column":31},"end":{"line":73,"column":47}},"26":{"start":{"line":82,"column":10},"end":{"line":90,"column":16}},"27":{"start":{"line":97,"column":58},"end":{"line":97,"column":87}}},"fnMap":{"0":{"name":"(anonymous_0)","decl":{"start":{"line":3,"column":20},"end":{"line":3,"column":21}},"loc":{"start":{"line":3,"column":26},"end":{"line":109,"column":1}},"line":3},"1":{"name":"(anonymous_1)","decl":{"start":{"line":11,"column":12},"end":{"line":11,"column":13}},"loc":{"start":{"line":11,"column":18},"end":{"line":13,"column":3}},"line":11},"2":{"name":"(anonymous_2)","decl":{"start":{"line":15,"column":24},"end":{"line":15,"column":25}},"loc":{"start":{"line":15,"column":35},"end":{"line":19,"column":3}},"line":15},"3":{"name":"(anonymous_3)","decl":{"start":{"line":21,"column":22},"end":{"line":21,"column":23}},"loc":{"start":{"line":21,"column":29},"end":{"line":45,"column":3}},"line":21},"4":{"name":"(anonymous_4)","decl":{"start":{"line":33,"column":16},"end":{"line":33,"column":17}},"loc":{"start":{"line":33,"column":24},"end":{"line":33,"column":42}},"line":33},"5":{"name":"(anonymous_5)","decl":{"start":{"line":35,"column":15},"end":{"line":35,"column":16}},"loc":{"start":{"line":35,"column":21},"end":{"line":42,"column":5}},"line":35},"6":{"name":"(anonymous_6)","decl":{"start":{"line":36,"column":18},"end":{"line":36,"column":19}},"loc":{"start":{"line":36,"column":26},"end":{"line":41,"column":8}},"line":36},"7":{"name":"(anonymous_7)","decl":{"start":{"line":50,"column":17},"end":{"line":50,"column":18}},"loc":{"start":{"line":50,"column":23},"end":{"line":50,"column":38}},"line":50},"8":{"name":"(anonymous_8)","decl":{"start":{"line":73,"column":25},"end":{"line":73,"column":26}},"loc":{"start":{"line":73,"column":31},"end":{"line":73,"column":47}},"line":73},"9":{"name":"(anonymous_9)","decl":{"start":{"line":81,"column":22},"end":{"line":81,"column":23}},"loc":{"start":{"line":82,"column":10},"end":{"line":90,"column":16}},"line":82},"10":{"name":"(anonymous_10)","decl":{"start":{"line":97,"column":51},"end":{"line":97,"column":52}},"loc":{"start":{"line":97,"column":58},"end":{"line":97,"column":87}},"line":97}},"branchMap":{"0":{"loc":{"start":{"line":24,"column":4},"end":{"line":24,"column":34}},"type":"if","locations":[{"start":{"line":24,"column":4},"end":{"line":24,"column":34}},{"start":{},"end":{}}],"line":24},"1":{"loc":{"start":{"line":47,"column":2},"end":{"line":60,"column":3}},"type":"if","locations":[{"start":{"line":47,"column":2},"end":{"line":60,"column":3}},{"start":{},"end":{}}],"line":47},"2":{"loc":{"start":{"line":82,"column":52},"end":{"line":82,"column":105}},"type":"cond-expr","locations":[{"start":{"line":82,"column":80},"end":{"line":82,"column":90}},{"start":{"line":82,"column":93},"end":{"line":82,"column":105}}],"line":82},"3":{"loc":{"start":{"line":85,"column":31},"end":{"line":85,"column":80}},"type":"cond-expr","locations":[{"start":{"line":85,"column":59},"end":{"line":85,"column":68}},{"start":{"line":85,"column":71},"end":{"line":85,"column":80}}],"line":85},"4":{"loc":{"start":{"line":86,"column":21},"end":{"line":86,"column":66}},"type":"cond-expr","locations":[{"start":{"line":86,"column":49},"end":{"line":86,"column":56}},{"start":{"line":86,"column":59},"end":{"line":86,"column":66}}],"line":86}},"s":{"0":0,"1":0,"2":0,"3":0,"4":0,"5":0,"6":0,"7":0,"8":0,"9":0,"10":0,"11":0,"12":0,"13":0,"14":0,"15":0,"16":0,"17":0,"18":0,"19":0,"20":0,"21":0,"22":0,"23":0,"24":0,"25":0,"26":0,"27":0},"f":{"0":0,"1":0,"2":0,"3":0,"4":0,"5":0,"6":0,"7":0,"8":0,"9":0,"10":0},"b":{"0":[0,0],"1":[0,0],"2":[0,0],"3":[0,0],"4":[0,0]}}
,"/home/runner/work/EasyCart/EasyCart/frontend/src/components/Performance/LazyImage.js": {"path":"/home/runner/work/EasyCart/EasyCart/frontend/src/components/Performance/LazyImage.js","statementMap":{"0":{"start":{"line":3,"column":18},"end":{"line":41,"column":1}},"1":{"start":{"line":4,"column":34},"end":{"line":4,"column":49}},"2":{"start":{"line":5,"column":34},"end":{"line":5,"column":49}},"3":{"start":{"line":6,"column":17},"end":{"line":6,"column":25}},"4":{"start":{"line":8,"column":2},"end":{"line":24,"column":9}},"5":{"start":{"line":9,"column":21},"end":{"line":17,"column":5}},"6":{"start":{"line":11,"column":8},"end":{"line":14,"column":9}},"7":{"start":{"line":12,"column":10},"end":{"line":12,"column":28}},"8":{"start":{"line":13,"column":10},"end":{"line":13,"column":32}},"9":{"start":{"line":19,"column":4},"end":{"line":21,"column":5}},"10":{"start":{"line":20,"column":6},"end":{"line":20,"column":39}},"11":{"start":{"line":23,"column":4},"end":{"line":23,"column":39}},"12":{"start":{"line":23,"column":17},"end":{"line":23,"column":38}},"13":{"start":{"line":26,"column":2},"end":{"line":40,"column":4}},"14":{"start":{"line":32,"column":24},"end":{"line":32,"column":41}}},"fnMap":{"0":{"name":"(anonymous_0)","decl":{"start":{"line":3,"column":18},"end":{"line":3,"column":19}},"loc":{"start":{"line":3,"column":54},"end":{"line":41,"column":1}},"line":3},"1":{"name":"(anonymous_1)","decl":{"start":{"line":8,"column":12},"end":{"line":8,"column":13}},"loc":{"start":{"line":8,"column":18},"end":{"line":24,"column":3}},"line":8},"2":{"name":"(anonymous_2)","decl":{"start":{"line":10,"column":6},"end":{"line":10,"column":7}},"loc":{"start":{"line":10,"column":19},"end":{"line":15,"column":7}},"line":10},"3":{"name":"(anonymous_3)","decl":{"start":{"line":23,"column":11},"end":{"line":23,"column":12}},"loc":{"start":{"line":23,"column":17},"end":{"line":23,"column":38}},"line":23},"4":{"name":"(anonymous_4)","decl":{"start":{"line":32,"column":18},"end":{"line":32,"column":19}},"loc":{"start":{"line":32,"column":24},"end":{"line":32,"column":41}},"line":32}},"branchMap":{"0":{"loc":{"start":{"line":11,"column":8},"end":{"line":14,"column":9}},"type":"if","locations":[{"start":{"line":11,"column":8},"end":{"line":14,"column":9}},{"start":{},"end":{}}],"line":11},"1":{"loc":{"start":{"line":19,"column":4},"end":{"line":21,"column":5}},"type":"if","locations":[{"start":{"line":19,"column":4},"end":{"line":21,"column":5}},{"start":{},"end":{}}],"line":19},"2":{"loc":{"start":{"line":28,"column":7},"end":{"line":38,"column":7}},"type":"binary-expr","locations":[{"start":{"line":28,"column":7},"end":{"line":28,"column":15}},{"start":{"line":29,"column":8},"end":{"line":37,"column":10}}],"line":28},"3":{"loc":{"start":{"line":35,"column":49},"end":{"line":35,"column":67}},"type":"cond-expr","locations":[{"start":{"line":35,"column":60},"end":{"line":35,"column":61}},{"start":{"line":35,"column":64},"end":{"line":35,"column":67}}],"line":35}},"s":{"0":0,"1":0,"2":0,"3":0,"4":0,"5":0,"6":0,"7":0,"8":0,"9":0,"10":0,"11":0,"12":0,"13":0,"14":0},"f":{"0":0,"1":0,"2":0,"3":0,"4":0},"b":{"0":[0,0],"1":[0,0],"2":[0,0],"3":[0,0]}}
[...]
e":39,"column":14}},"loc":{"start":{"line":39,"column":40},"end":{"line":44,"column":4}},"line":39},"5":{"name":"(anonymous_5)","decl":{"start":{"line":46,"column":12},"end":{"line":46,"column":13}},"loc":{"start":{"line":46,"column":23},"end":{"line":50,"column":4}},"line":46},"6":{"name":"(anonymous_6)","decl":{"start":{"line":52,"column":10},"end":{"line":52,"column":11}},"loc":{"start":{"line":52,"column":34},"end":{"line":55,"column":4}},"line":52}},"branchMap":{"0":{"loc":{"start":{"line":4,"column":0},"end":{"line":8,"column":1}},"type":"if","locations":[{"start":{"line":4,"column":0},"end":{"line":8,"column":1}},{"start":{},"end":{}}],"line":4},"1":{"loc":{"start":{"line":5,"column":15},"end":{"line":5,"column":66}},"type":"binary-expr","locations":[{"start":{"line":5,"column":15},"end":{"line":5,"column":48}},{"start":{"line":5,"column":52},"end":{"line":5,"column":66}}],"line":5},"2":{"loc":{"start":{"line":6,"column":14},"end":{"line":6,"column":77}},"type":"binary-expr","locations":[{"start":{"line":6,"column":14},"end":{"line":6,"column":48}},{"start":{"line":6,"column":52},"end":{"line":6,"column":77}}],"line":6},"3":{"loc":{"start":{"line":11,"column":17},"end":{"line":11,"column":32}},"type":"default-arg","locations":[{"start":{"line":11,"column":30},"end":{"line":11,"column":32}}],"line":11},"4":{"loc":{"start":{"line":12,"column":4},"end":{"line":14,"column":5}},"type":"if","locations":[{"start":{"line":12,"column":4},"end":{"line":14,"column":5}},{"start":{},"end":{}}],"line":12},"5":{"loc":{"start":{"line":17,"column":21},"end":{"line":17,"column":32}},"type":"default-arg","locations":[{"start":{"line":17,"column":30},"end":{"line":17,"column":32}}],"line":17},"6":{"loc":{"start":{"line":18,"column":4},"end":{"line":20,"column":5}},"type":"if","locations":[{"start":{"line":18,"column":4},"end":{"line":20,"column":5}},{"start":{},"end":{}}],"line":18},"7":{"loc":{"start":{"line":23,"column":15},"end":{"line":23,"column":30}},"type":"default-arg","locations":[{"start":{"line":23,"column":28},"end":{"line":23,"column":30}}],"line":23},"8":{"loc":{"start":{"line":24,"column":4},"end":{"line":26,"column":5}},"type":"if","locations":[{"start":{"line":24,"column":4},"end":{"line":26,"column":5}},{"start":{},"end":{}}],"line":24},"9":{"loc":{"start":{"line":39,"column":23},"end":{"line":39,"column":35}},"type":"default-arg","locations":[{"start":{"line":39,"column":34},"end":{"line":39,"column":35}}],"line":39},"10":{"loc":{"start":{"line":49,"column":14},"end":{"line":49,"column":38}},"type":"binary-expr","locations":[{"start":{"line":49,"column":14},"end":{"line":49,"column":33}},{"start":{"line":49,"column":37},"end":{"line":49,"column":38}}],"line":49},"11":{"loc":{"start":{"line":52,"column":18},"end":{"line":52,"column":29}},"type":"default-arg","locations":[{"start":{"line":52,"column":28},"end":{"line":52,"column":29}}],"line":52}},"s":{"0":0,"1":0,"2":0,"3":0,"4":0,"5":0,"6":0,"7":0,"8":0,"9":0,"10":0,"11":0,"12":0,"13":0},"f":{"0":0,"1":0,"2":0,"3":0,"4":0,"5":0,"6":0},"b":{"0":[0,0],"1":[0,0],"2":[0,0],"3":[0],"4":[0,0],"5":[0],"6":[0,0],"7":[0],"8":[0,0],"9":[0],"10":[0,0],"11":[0]}}
,"/home/runner/work/EasyCart/EasyCart/frontend/src/services/api.js": {"path":"/home/runner/work/EasyCart/EasyCart/frontend/src/services/api.js","statementMap":{"0":{"start":{"line":4,"column":21},"end":{"line":4,"column":81}},"1":{"start":{"line":5,"column":12},"end":{"line":7,"column":2}},"2":{"start":{"line":21,"column":23},"end":{"line":42,"column":1}},"3":{"start":{"line":23,"column":4},"end":{"line":28,"column":5}},"4":{"start":{"line":24,"column":6},"end":{"line":24,"column":56}},"5":{"start":{"line":26,"column":2},"end":{"line":26,"column":59}},"6":{"start":{"line":27,"column":2},"end":{"line":27,"column":14}},"7":{"start":{"line":31,"column":4},"end":{"line":36,"column":5}},"8":{"start":{"line":32,"column":6},"end":{"line":32,"column":56}},"9":{"start":{"line":34,"column":2},"end":{"line":34,"column":52}},"10":{"start":{"line":35,"column":2},"end":{"line":35,"column":14}},"11":{"start":{"line":38,"column":20},"end":{"line":38,"column":44}},"12":{"start":{"line":39,"column":27},"end":{"line":39,"column":57}},"13":{"start":{"line":40,"column":28},"end":{"line":40,"column":67}},"14":{"start":{"line":41,"column":27},"end":{"line":41,"column":65}},"15":{"start":{"line":44,"column":27},"end":{"line":51,"column":1}},"16":{"start":{"line":45,"column":27},"end":{"line":45,"column":59}},"17":{"start":{"line":46,"column":22},"end":{"line":46,"column":48}},"18":{"start":{"line":47,"column":23},"end":{"line":47,"column":45}},"19":{"start":{"line":48,"column":27},"end":{"line":48,"column":54}},"20":{"start":{"line":49,"column":25},"end":{"line":49,"column":54}},"21":{"start":{"line":50,"column":31},"end":{"line":50,"column":63}},"22":{"start":{"line":53,"column":25},"end":{"line":63,"column":1}},"23":{"start":{"line":54,"column":19},"end":{"line":54,"column":38}},"24":{"start":{"line":55,"column":20},"end":{"line":55,"column":45}},"25":{"start":{"line":56,"column":17},"end":{"line":56,"column":41}},"26":{"start":{"line":57,"column":23},"end":{"line":57,"column":58}},"27":{"start":{"line":58,"column":30},"end":{"line":58,"column":74}},"28":{"start":{"line":59,"column":22},"end":{"line":59,"column":57}},"29":{"start":{"line":60,"column":29},"end":{"line":60,"column":72}},"30":{"start":{"line":61,"column":33},"end":{"line":61,"column":78}},"31":{"start":{"line":62,"column":40},"end":{"line":62,"column":78}},"32":{"start":{"line":65,"column":27},"end":{"line":70,"column":1}},"33":{"start":{"line":66,"column":21},"end":{"line":66,"column":51}},"34":{"start":{"line":67,"column":32},"end":{"line":67,"column":94}},"35":{"start":{"line":68,"column":34},"end":{"line":68,"column":84}},"36":{"start":{"line":69,"column":38},"end":{"line":69,"column":87}},"37":{"start":{"line":72,"column":26},"end":{"line":79,"column":1}},"38":{"start":{"line":73,"column":36},"end":{"line":73,"column":78}},"39":{"start":{"line":74,"column":26},"end":{"line":74,"column":69}},"40":{"start":{"line":75,"column":53},"end":{"line":78,"column":4}},"41":{"start":{"line":81,"column":24},"end":{"line":85,"column":1}},"42":{"start":{"line":82,"column":36},"end":{"line":82,"column":77}},"43":{"start":{"line":83,"column":30},"end":{"line":83,"column":67}},"44":{"start":{"line":84,"column":37},"end":{"line":84,"column":82}}},"fnMap":{"0":{"name":"(anonymous_0)","decl":{"start":{"line":22,"column":12},"end":{"line":22,"column":13}},"loc":{"start":{"line":22,"column":32},"end":{"line":29,"column":3}},"line":22},"1":{"name":"(anonymous_1)","decl":{"start":{"line":30,"column":9},"end":{"line":30,"column":10}},"loc":{"start":{"line":30,"column":32},"end":{"line":37,"column":3}},"line":30},"2":{"name":"(anonymous_2)","decl":{"start":{"line":38,"column":14},"end":{"line":38,"column":15}},"loc":{"start":{"line":38,"column":20},"end":{"line":38,"column":44}},"line":38},"3":{"name":"(anonymous_3)","decl":{"start":{"line":39,"column":17},"end":{"line":39,"column":18}},"loc":{"start":{"line":39,"column":27},"end":{"line":39,"column":57}},"line":39},"4":{"name":"(anonymous_4)","decl":{"start":{"line":40,"column":18},"end":{"line":40,"column":19}},"loc":{"start":{"line":40,"column":28},"end":{"line":40,"column":67}},"line":40},"5":{"name":"(anonymous_5)","decl":{"start":{"line":41,"column":17},"end":{"line":41,"column":18}},"loc":{"start":{"line":41,"column":27},"end":{"line":41,"column":65}},"line":41},"6":{"name":"(anonymous_6)","decl":{"start":{"line":45,"column":15},"end":{"line":45,"column":16}},"loc":{"start":{"line":45,"column":27},"end":{"line":45,"column":59}},"line":45},"7":{"name":"(anonymous_7)","decl":{"start":{"line":46,"column":14},"end":{"line":46,"column":15}},"loc":{"start":{"line":46,"column":22},"end":{"line":46,"column":48}},"line":46},"8":{"name":"(anonymous_8)","decl":{"start":{"line":47,"column":17},"end":{"line":47,"column":18}},"loc":{"start":{"line":47,"column":23},"end":{"line":47,"column":45}},"line":47},"9":{"name":"(anonymous_9)","decl":{"start":{"line":48,"column":17},"end":{"line":48,"column":18}},"loc":{"start":{"line":48,"column":27},"end":{"line":48,"column":54}},"line":48},"10":{"name":"(anonymous_10)","decl":{"start":{"line":49,"column":17},"end":{"line":49,"column":18}},"loc":{"start":{"line":49,"column":25},"end":{"line":49,"column":54}},"line":49},"11":{"name":"(anonymous_11)","decl":{"start":{"line":50,"column":17},"end":{"line":50,"column":18}},"loc":{"start":{"line":50,"column":31},"end":{"line":50,"column":63}},"line":50},"12":{"name":"(anonymous_12)","decl":{"start":{"line":54,"column":13},"end":{"line":54,"column":14}},"loc":{"start":{"line":54,"column":19},"end":{"line":54,"column":38}},"line":54},"13":{"name":"(anonymous_13)","decl":{"start":{"line":55,"column":12},"end":{"line":55,"column":13}},"loc":{"start":{"line":55,"column":20},"end":{"line":55,"column":45}},"line":55},"14":{"name":"(anonymous_14)","decl":{"start":{"line":56,"column":11},"end":{"line":56,"column":12}},"loc":{"start":{"line":56,"column":17},"end":{"line":56,"column":41}},"line":56},"15":{"name":"(anonymous_15)","decl":{"start":{"line":57,"column":13},"end":{"line":57,"column":14}},"loc":{"start":{"line":57,"column":23},"end":{"line":57,"column":58}},"line":57},"16":{"name":"(anonymous_16)","decl":{"start":{"line":58,"column":18},"end":{"line":58,"column":19}},"loc":{"start":{"line":58,"column":30},"end":{"line":58,"column":74}},"line":58},"17":{"name":"(anonymous_17)","decl":{"start":{"line":59,"column":12},"end":{"line":59,"column":13}},"loc":{"start":{"line":59,"column":22},"end":{"line":59,"column":57}},"line":59},"18":{"name":"(anonymous_18)","decl":{"start":{"line":60,"column":19},"end":{"line":60,"column":20}},"loc":{"start":{"line":60,"column":29},"end":{"line":60,"column":72}},"line":60},"19":{"name":"(anonymous_19)","decl":{"start":{"line":61,"column":20},"end":{"line":61,"column":21}},"loc":{"start":{"line":61,"column":33},"end":{"line":61,"column":78}},"line":61},"20":{"name":"(anonymous_20)","decl":{"start":{"line":62,"column":21},"end":{"line":62,"column":22}},"loc":{"start":{"line":62,"column":40},"end":{"line":62,"column":78}},"line":62},"21":{"name":"(anonymous_21)","decl":{"start":{"line":66,"column":15},"end":{"line":66,"column":16}},"loc":{"start":{"line":66,"column":21},"end":{"line":66,"column":51}},"line":66},"22":{"name":"(anonymous_22)","decl":{"start":{"line":67,"column":17},"end":{"line":67,"column":18}},"loc":{"start":{"line":67,"column":32},"end":{"line":67,"column":94}},"line":67},"23":{"name":"(anonymous_23)","decl":{"start":{"line":68,"column":22},"end":{"line":68,"column":23}},"loc":{"start":{"line":68,"column":34},"end":{"line":68,"column":84}},"line":68},"24":{"name":"(anonymous_24)","decl":{"start":{"line":69,"column":23},"end":{"line":69,"column":24}},"loc":{"start":{"line":69,"column":38},"end":{"line":69,"column":87}},"line":69},"25":{"name":"(anonymous_25)","decl":{"start":{"line":73,"column":21},"end":{"line":73,"column":22}},"loc":{"start":{"line":73,"column":36},"end":{"line":73,"column":78}},"line":73},"26":{"name":"(anonymous_26)","decl":{"start":{"line":74,"column":16},"end":{"line":74,"column":17}},"loc":{"start":{"line":74,"column":26},"end":{"line":74,"column":69}},"line":74},"27":{"name":"(anonymous_27)","decl":{"start":{"line":75,"column":21},"end":{"line":75,"column":22}},"loc":{"start":{"line":75,"column":53},"end":{"line":78,"column":4}},"line":75},"28":{"name":"(anonymous_28)","decl":{"start":{"line":82,"column":21},"end":{"line":82,"column":22}},"loc":{"start":{"line":82,"column":36},"end":{"line":82,"column":77}},"line":82},"29":{"name":"(anonymous_29)","decl":{"start":{"line":83,"column":18},"end":{"line":83,"column":19}},"loc":{"start":{"line":83,"column":30},"end":{"line":83,"column":67}},"line":83},"30":{"name":"(anonymous_30)","decl":{"start":{"line":84,"column":21},"end":{"line":84,"column":22}},"loc":{"start":{"line":84,"column":37},"end":{"line":84,"column":82}},"line":84}},"branchMap":{"0":{"loc":{"start":{"line":4,"column":21},"end":{"line":4,"column":81}},"type":"binary-expr","locations":[{"start":{"line":4,"column":21},"end":{"line":4,"column":50}},{"start":{"line":4,"column":54},"end":{"line":4,"column":81}}],"line":4},"1":{"loc":{"start":{"line":75,"column":32},"end":{"line":75,"column":48}},"type":"default-arg","locations":[{"start":{"line":75,"column":44},"end":{"line":75,"column":48}}],"line":75},"2":{"loc":{"start":{"line":82,"column":22},"end":{"line":82,"column":31}},"type":"default-arg","locations":[{"start":{"line":82,"column":29},"end":{"line":82,"column":31}}],"line":82}},"s":{"0":1,"1":1,"2":1,"3":0,"4":0,"5":0,"6":0,"7":0,"8":0,"9":0,"10":0,"11":0,"12":0,"13":0,"14":0,"15":1,"16":0,"17":0,"18":0,"19":0,"20":0,"21":0,"22":1,"23":0,"24":0,"25":0,"26":0,"27":0,"28":0,"29":0,"30":0,"31":0,"32":1,"33":0,"34":0,"35":0,"36":0,"37":1,"38":0,"39":0,"40":0,"41":1,"42":0,"43":0,"44":0},"f":{"0":0,"1":0,"2":0,"3":0,"4":0,"5":0,"6":0,"7":0,"8":0,"9":0,"10":0,"11":0,"12":0,"13":0,"14":0,"15":0,"16":0,"17":0,"18":0,"19":0,"20":0,"21":0,"22":0,"23":0,"24":0,"25":0,"26":0,"27":0,"28":0,"29":0,"30":0},"b":{"0":[1,1],"1":[0],"2":[0]},"_coverageSchema":"1a1c01bbd47fc00a2c39e90264f33305004495a9","hash":"5ddad19b8c53289f0af663a5c9011a239442cb6d"}
,"/home/runner/work/EasyCart/EasyCart/frontend/src/services/firebase.js": {"path":"/home/runner/work/EasyCart/EasyCart/frontend/src/services/firebase.js","statementMap":{"0":{"start":{"line":6,"column":23},"end":{"line":13,"column":1}},"1":{"start":{"line":15,"column":12},"end":{"line":15,"column":41}},"2":{"start":{"line":16,"column":20},"end":{"line":16,"column":32}},"3":{"start":{"line":17,"column":18},"end":{"line":17,"column":35}},"4":{"start":{"line":18,"column":25},"end":{"line":18,"column":81}}},"fnMap":{},"branchMap":{"0":{"loc":{"start":{"line":7,"column":10},"end":{"line":7,"column":62}},"type":"binary-expr","locations":[{"start":{"line":7,"column":10},"end":{"line":7,"column":48}},{"start":{"line":7,"column":52},"end":{"line":7,"column":62}}],"line":7},"1":{"loc":{"start":{"line":8,"column":14},"end":{"line":8,"column":91}},"type":"binary-expr","locations":[{"start":{"line":8,"column":14},"end":{"line":8,"column":56}},{"start":{"line":8,"column":60},"end":{"line":8,"column":91}}],"line":8},"2":{"loc":{"start":{"line":9,"column":13},"end":{"line":9,"column":73}},"type":"binary-expr","locations":[{"start":{"line":9,"column":13},"end":{"line":9,"column":54}},{"start":{"line":9,"column":58},"end":{"line":9,"column":73}}],"line":9},"3":{"loc":{"start":{"line":10,"column":17},"end":{"line":10,"column":93}},"type":"binary-expr","locations":[{"start":{"line":10,"column":17},"end":{"line":10,"column":62}},{"start":{"line":10,"column":66},"end":{"line":10,"column":93}}],"line":10},"4":{"loc":{"start":{"line":11,"column":21},"end":{"line":11,"column":86}},"type":"binary-expr","locations":[{"start":{"line":11,"column":21},"end":{"line":11,"column":71}},{"start":{"line":11,"column":75},"end":{"line":11,"column":86}}],"line":11},"5":{"loc":{"start":{"line":12,"column":9},"end":{"line":12,"column":74}},"type":"binary-expr","locations":[{"start":{"line":12,"column":9},"end":{"line":12,"column":46}},{"start":{"line":12,"column":50},"end":{"line":12,"column":74}}],"line":12},"6":{"loc":{"start":{"line":18,"column":25},"end":{"line":18,"column":81}},"type":"cond-expr","locations":[{"start":{"line":18,"column":57},"end":{"line":18,"column":74}},{"start":{"line":18,"column":77},"end":{"line":18,"column":81}}],"line":18}},"s":{"0":0,"1":0,"2":0,"3":0,"4":0},"f":{},"b":{"0":[0,0],"1":[0,0],"2":[0,0],"3":[0,0],"4":[0,0],"5":[0,0],"6":[0,0]}}
,"/home/runner/work/EasyCart/EasyCart/frontend/src/services/mockData.js": {"path":"/home/runner/work/EasyCart/EasyCart/frontend/src/services/mockData.js","statementMap":{"0":{"start":{"line":2,"column":28},"end":{"line":476,"column":1}},"1":{"start":{"line":478,"column":30},"end":{"line":486,"column":1}}},"fnMap":{},"branchMap":{},"s":{"0":0,"1":0},"f":{},"b":{}}
,"/home/runner/work/EasyCart/EasyCart/frontend/src/utils/validation.js": {"path":"/home/runner/work/EasyCart/EasyCart/frontend/src/utils/validation.js","statementMap":{"0":{"start":{"line":2,"column":29},"end":{"line":5,"column":1}},"1":{"start":{"line":3,"column":21},"end":{"line":3,"column":49}},"2":{"start":{"line":4,"column":2},"end":{"line":4,"column":32}},"3":{"start":{"line":7,"column":32},"end":{"line":9,"column":1}},"4":{"start":{"line":8,"column":2},"end":{"line":8,"column":30}},"5":{"start":{"line":11,"column":29},"end":{"line":14,"column":1}},"6":{"start":{"line":12,"column":21},"end":{"line":12,"column":41}},"7":{"start":{"line":13,"column":2},"end":{"line":13,"column":32}},"8":{"start":{"line":16,"column":29},"end":{"line":24,"column":1}},"9":{"start":{"line":17,"column":2},"end":{"line":17,"column":46}},"10":{"start":{"line":17,"column":33},"end":{"line":17,"column":46}},"11":{"start":{"line":19,"column":2},"end":{"line":23,"column":12}},"12":{"start":{"line":26,"column":32},"end":{"line":28,"column":1}},"13":{"start":{"line":27,"column":2},"end":{"line":27,"column":81}},"14":{"start":{"line":30,"column":31},"end":{"line":32,"column":1}},"15":{"start":{"line":31,"column":2},"end":{"line":31,"column":42}},"16":{"start":{"line":34,"column":29},"end":{"line":37,"column":1}},"17":{"start":{"line":35,"column":19},"end":{"line":35,"column":36}},"18":{"start":{"line":36,"column":2},"end":{"line":36,"column":52}}},"fnMap":{"0":{"name":"(anonymous_0)","decl":{"start":{"line":2,"column":29},"end":{"line":2,"column":30}},"loc":{"start":{"line":2,"column":40},"end":{"line":5,"column":1}},"line":2},"1":{"name":"(anonymous_1)","decl":{"start":{"line":7,"column":32},"end":{"line":7,"column":33}},"loc":{"start":{"line":7,"column":46},"end":{"line":9,"column":1}},"line":7},"2":{"name":"(anonymous_2)","decl":{"start":{"line":11,"column":29},"end":{"line":11,"column":30}},"loc":{"start":{"line":11,"column":40},"end":{"line":14,"column":1}},"line":11},"3":{"name":"(anonymous_3)","decl":{"start":{"line":16,"column":29},"end":{"line":16,"column":30}},"loc":{"start":{"line":16,"column":40},"end":{"line":24,"column":1}},"line":16},"4":{"name":"(anonymous_4)","decl":{"start":{"line":26,"column":32},"end":{"line":26,"column":33}},"loc":{"start":{"line":26,"column":43},"end":{"line":28,"column":1}},"line":26},"5":{"name":"(anonymous_5)","decl":{"start":{"line":30,"column":31},"end":{"line":30,"column":32}},"loc":{"start":{"line":30,"column":42},"end":{"line":32,"column":1}},"line":30},"6":{"name":"(anonymous_6)","decl":{"start":{"line":34,"column":29},"end":{"line":34,"column":30}},"loc":{"start":{"line":34,"column":40},"end":{"line":37,"column":1}},"line":34}},"branchMap":{"0":{"loc":{"start":{"line":17,"column":2},"end":{"line":17,"column":46}},"type":"if","locations":[{"start":{"line":17,"column":2},"end":{"line":17,"column":46}},{"start":{},"end":{}}],"line":17},"1":{"loc":{"start":{"line":27,"column":9},"end":{"line":27,"column":80}},"type":"binary-expr","locations":[{"start":{"line":27,"column":9},"end":{"line":27,"column":23}},{"start":{"line":27,"column":27},"end":{"line":27,"column":46}},{"start":{"line":27,"column":50},"end":{"line":27,"column":80}}],"line":27},"2":{"loc":{"start":{"line":31,"column":9},"end":{"line":31,"column":41}},"type":"binary-expr","locations":[{"start":{"line":31,"column":9},"end":{"line":31,"column":22}},{"start":{"line":31,"column":26},"end":{"line":31,"column":41}}],"line":31},"3":{"loc":{"start":{"line":36,"column":9},"end":{"line":36,"column":51}},"type":"binary-expr","locations":[{"start":{"line":36,"column":9},"end":{"line":36,"column":34}},{"start":{"line":36,"column":38},"end":{"line":36,"column":51}}],"line":36}},"s":{"0":0,"1":0,"2":0,"3":0,"4":0,"5":0,"6":0,"7":0,"8":0,"9":0,"10":0,"11":0,"12":0,"13":0,"14":0,"15":0,"16":0,"17":0,"18":0},"f":{"0":0,"1":0,"2":0,"3":0,"4":0,"5":0,"6":0},"b":{"0":[0,0],"1":[0,0,0],"2":[0,0],"3":[0,0]}}
}
