{"C:\\ecommerce-app\\frontend\\src\\App.js": {"path":"C:\\ecommerce-app\\frontend\\src\\App.js","statementMap":{"0":{"start":{"line":28,"column":2},"end":{"line":28,"column":19}},"1":{"start":{"line":30,"column":2},"end":{"line":32,"column":9}},"2":{"start":{"line":31,"column":4},"end":{"line":31,"column":33}},"3":{"start":{"line":34,"column":2},"end":{"line":79,"column":4}}},"fnMap":{"0":{"name":"App","decl":{"start":{"line":27,"column":9},"end":{"line":27,"column":12}},"loc":{"start":{"line":27,"column":15},"end":{"line":80,"column":1}},"line":27},"1":{"name":"(anonymous_1)","decl":{"start":{"line":30,"column":12},"end":{"line":30,"column":13}},"loc":{"start":{"line":30,"column":18},"end":{"line":32,"column":3}},"line":30}},"branchMap":{},"s":{"0":0,"1":0,"2":0,"3":0},"f":{"0":0,"1":0},"b":{}}
,"C:\\ecommerce-app\\frontend\\src\\index.js": {"path":"C:\\ecommerce-app\\frontend\\src\\index.js","statementMap":{"0":{"start":{"line":7,"column":13},"end":{"line":7,"column":65}},"1":{"start":{"line":8,"column":0},"end":{"line":12,"column":2}}},"fnMap":{},"branchMap":{},"s":{"0":0,"1":0},"f":{},"b":{}}
,"C:\\ecommerce-app\\frontend\\src\\components\\ErrorBoundary.js": {"path":"C:\\ecommerce-app\\frontend\\src\\components\\ErrorBoundary.js","statementMap":{"0":{"start":{"line":5,"column":4},"end":{"line":5,"column":17}},"1":{"start":{"line":6,"column":4},"end":{"line":6,"column":50}},"2":{"start":{"line":10,"column":4},"end":{"line":10,"column":37}},"3":{"start":{"line":14,"column":4},"end":{"line":14,"column":65}},"4":{"start":{"line":18,"column":4},"end":{"line":45,"column":5}},"5":{"start":{"line":19,"column":6},"end":{"line":44,"column":8}},"6":{"start":{"line":31,"column":27},"end":{"line":31,"column":74}},"7":{"start":{"line":47,"column":4},"end":{"line":47,"column":31}}},"fnMap":{"0":{"name":"(anonymous_0)","decl":{"start":{"line":4,"column":2},"end":{"line":4,"column":3}},"loc":{"start":{"line":4,"column":21},"end":{"line":7,"column":3}},"line":4},"1":{"name":"(anonymous_1)","decl":{"start":{"line":9,"column":2},"end":{"line":9,"column":3}},"loc":{"start":{"line":9,"column":41},"end":{"line":11,"column":3}},"line":9},"2":{"name":"(anonymous_2)","decl":{"start":{"line":13,"column":2},"end":{"line":13,"column":3}},"loc":{"start":{"line":13,"column":38},"end":{"line":15,"column":3}},"line":13},"3":{"name":"(anonymous_3)","decl":{"start":{"line":17,"column":2},"end":{"line":17,"column":3}},"loc":{"start":{"line":17,"column":11},"end":{"line":48,"column":3}},"line":17},"4":{"name":"(anonymous_4)","decl":{"start":{"line":31,"column":21},"end":{"line":31,"column":22}},"loc":{"start":{"line":31,"column":27},"end":{"line":31,"column":74}},"line":31}},"branchMap":{"0":{"loc":{"start":{"line":18,"column":4},"end":{"line":45,"column":5}},"type":"if","locations":[{"start":{"line":18,"column":4},"end":{"line":45,"column":5}},{"start":{},"end":{}}],"line":18}},"s":{"0":0,"1":0,"2":0,"3":0,"4":0,"5":0,"6":0,"7":0},"f":{"0":0,"1":0,"2":0,"3":0,"4":0},"b":{"0":[0,0]}}
,"C:\\ecommerce-app\\frontend\\src\\components\\LazyImage.js": {"path":"C:\\ecommerce-app\\frontend\\src\\components\\LazyImage.js","statementMap":{"0":{"start":{"line":3,"column":18},"end":{"line":55,"column":1}},"1":{"start":{"line":4,"column":34},"end":{"line":4,"column":49}},"2":{"start":{"line":5,"column":34},"end":{"line":5,"column":49}},"3":{"start":{"line":6,"column":34},"end":{"line":6,"column":49}},"4":{"start":{"line":7,"column":17},"end":{"line":7,"column":25}},"5":{"start":{"line":9,"column":2},"end":{"line":25,"column":9}},"6":{"start":{"line":10,"column":21},"end":{"line":18,"column":5}},"7":{"start":{"line":12,"column":8},"end":{"line":15,"column":9}},"8":{"start":{"line":13,"column":10},"end":{"line":13,"column":28}},"9":{"start":{"line":14,"column":10},"end":{"line":14,"column":32}},"10":{"start":{"line":20,"column":4},"end":{"line":22,"column":5}},"11":{"start":{"line":21,"column":6},"end":{"line":21,"column":39}},"12":{"start":{"line":24,"column":4},"end":{"line":24,"column":39}},"13":{"start":{"line":24,"column":17},"end":{"line":24,"column":38}},"14":{"start":{"line":27,"column":21},"end":{"line":27,"column":44}},"15":{"start":{"line":27,"column":27},"end":{"line":27,"column":44}},"16":{"start":{"line":28,"column":22},"end":{"line":28,"column":45}},"17":{"start":{"line":28,"column":28},"end":{"line":28,"column":45}},"18":{"start":{"line":30,"column":2},"end":{"line":54,"column":4}}},"fnMap":{"0":{"name":"(anonymous_0)","decl":{"start":{"line":3,"column":18},"end":{"line":3,"column":19}},"loc":{"start":{"line":3,"column":74},"end":{"line":55,"column":1}},"line":3},"1":{"name":"(anonymous_1)","decl":{"start":{"line":9,"column":12},"end":{"line":9,"column":13}},"loc":{"start":{"line":9,"column":18},"end":{"line":25,"column":3}},"line":9},"2":{"name":"(anonymous_2)","decl":{"start":{"line":11,"column":6},"end":{"line":11,"column":7}},"loc":{"start":{"line":11,"column":19},"end":{"line":16,"column":7}},"line":11},"3":{"name":"(anonymous_3)","decl":{"start":{"line":24,"column":11},"end":{"line":24,"column":12}},"loc":{"start":{"line":24,"column":17},"end":{"line":24,"column":38}},"line":24},"4":{"name":"(anonymous_4)","decl":{"start":{"line":27,"column":21},"end":{"line":27,"column":22}},"loc":{"start":{"line":27,"column":27},"end":{"line":27,"column":44}},"line":27},"5":{"name":"(anonymous_5)","decl":{"start":{"line":28,"column":22},"end":{"line":28,"column":23}},"loc":{"start":{"line":28,"column":28},"end":{"line":28,"column":45}},"line":28}},"branchMap":{"0":{"loc":{"start":{"line":3,"column":49},"end":{"line":3,"column":67}},"type":"default-arg","locations":[{"start":{"line":3,"column":63},"end":{"line":3,"column":67}}],"line":3},"1":{"loc":{"start":{"line":12,"column":8},"end":{"line":15,"column":9}},"type":"if","locations":[{"start":{"line":12,"column":8},"end":{"line":15,"column":9}},{"start":{},"end":{}}],"line":12},"2":{"loc":{"start":{"line":20,"column":4},"end":{"line":22,"column":5}},"type":"if","locations":[{"start":{"line":20,"column":4},"end":{"line":22,"column":5}},{"start":{},"end":{}}],"line":20},"3":{"loc":{"start":{"line":32,"column":7},"end":{"line":43,"column":7}},"type":"binary-expr","locations":[{"start":{"line":32,"column":7},"end":{"line":32,"column":15}},{"start":{"line":32,"column":19},"end":{"line":32,"column":28}},{"start":{"line":33,"column":8},"end":{"line":42,"column":10}}],"line":32},"4":{"loc":{"start":{"line":40,"column":49},"end":{"line":40,"column":67}},"type":"cond-expr","locations":[{"start":{"line":40,"column":60},"end":{"line":40,"column":61}},{"start":{"line":40,"column":64},"end":{"line":40,"column":67}}],"line":40},"5":{"loc":{"start":{"line":44,"column":7},"end":{"line":52,"column":7}},"type":"binary-expr","locations":[{"start":{"line":44,"column":8},"end":{"line":44,"column":17}},{"start":{"line":44,"column":21},"end":{"line":44,"column":29}},{"start":{"line":44,"column":33},"end":{"line":44,"column":42}},{"start":{"line":45,"column":8},"end":{"line":51,"column":14}}],"line":44}},"s":{"0":0,"1":0,"2":0,"3":0,"4":0,"5":0,"6":0,"7":0,"8":0,"9":0,"10":0,"11":0,"12":0,"13":0,"14":0,"15":0,"16":0,"17":0,"18":0},"f":{"0":0,"1":0,"2":0,"3":0,"4":0,"5":0},"b":{"0":[0],"1":[0,0],"2":[0,0],"3":[0,0,0],"4":[0,0],"5":[0,0,0,0]}}
,"C:\\ecommerce-app\\frontend\\src\\components\\Navbar.js": {"path":"C:\\ecommerce-app\\frontend\\src\\components\\Navbar.js","statementMap":{"0":{"start":{"line":9,"column":15},"end":{"line":138,"column":1}},"1":{"start":{"line":10,"column":44},"end":{"line":10,"column":53}},"2":{"start":{"line":11,"column":41},"end":{"line":11,"column":50}},"3":{"start":{"line":12,"column":16},"end":{"line":12,"column":32}},"4":{"start":{"line":13,"column":38},"end":{"line":13,"column":53}},"5":{"start":{"line":16,"column":23},"end":{"line":18,"column":3}},"6":{"start":{"line":17,"column":4},"end":{"line":17,"column":37}},"7":{"start":{"line":17,"column":17},"end":{"line":17,"column":35}},"8":{"start":{"line":20,"column":2},"end":{"line":137,"column":4}},"9":{"start":{"line":82,"column":27},"end":{"line":82,"column":53}}},"fnMap":{"0":{"name":"(anonymous_0)","decl":{"start":{"line":9,"column":15},"end":{"line":9,"column":16}},"loc":{"start":{"line":9,"column":21},"end":{"line":138,"column":1}},"line":9},"1":{"name":"(anonymous_1)","decl":{"start":{"line":16,"column":23},"end":{"line":16,"column":24}},"loc":{"start":{"line":16,"column":29},"end":{"line":18,"column":3}},"line":16},"2":{"name":"(anonymous_2)","decl":{"start":{"line":17,"column":11},"end":{"line":17,"column":12}},"loc":{"start":{"line":17,"column":17},"end":{"line":17,"column":35}},"line":17},"3":{"name":"(anonymous_3)","decl":{"start":{"line":82,"column":21},"end":{"line":82,"column":22}},"loc":{"start":{"line":82,"column":27},"end":{"line":82,"column":53}},"line":82}},"branchMap":{"0":{"loc":{"start":{"line":42,"column":13},"end":{"line":77,"column":13}},"type":"cond-expr","locations":[{"start":{"line":43,"column":14},"end":{"line":67,"column":20}},{"start":{"line":69,"column":14},"end":{"line":76,"column":20}}],"line":42},"1":{"loc":{"start":{"line":54,"column":17},"end":{"line":58,"column":17}},"type":"binary-expr","locations":[{"start":{"line":54,"column":17},"end":{"line":54,"column":31}},{"start":{"line":55,"column":18},"end":{"line":57,"column":25}}],"line":54},"2":{"loc":{"start":{"line":92,"column":9},"end":{"line":134,"column":9}},"type":"binary-expr","locations":[{"start":{"line":92,"column":9},"end":{"line":92,"column":19}},{"start":{"line":93,"column":10},"end":{"line":133,"column":16}}],"line":92},"3":{"loc":{"start":{"line":101,"column":15},"end":{"line":131,"column":15}},"type":"cond-expr","locations":[{"start":{"line":102,"column":16},"end":{"line":121,"column":19}},{"start":{"line":123,"column":16},"end":{"line":130,"column":22}}],"line":101},"4":{"loc":{"start":{"line":113,"column":19},"end":{"line":117,"column":19}},"type":"binary-expr","locations":[{"start":{"line":113,"column":19},"end":{"line":113,"column":33}},{"start":{"line":114,"column":20},"end":{"line":116,"column":27}}],"line":113}},"s":{"0":0,"1":0,"2":0,"3":0,"4":0,"5":0,"6":0,"7":0,"8":0,"9":0},"f":{"0":0,"1":0,"2":0,"3":0},"b":{"0":[0,0],"1":[0,0],"2":[0,0],"3":[0,0],"4":[0,0]}}
,"C:\\ecommerce-app\\frontend\\src\\components\\PaymentModal.js": {"path":"C:\\ecommerce-app\\frontend\\src\\components\\PaymentModal.js","statementMap":{"0":{"start":{"line":4,"column":21},"end":{"line":185,"column":1}},"1":{"start":{"line":5,"column":55},"end":{"line":5,"column":60}},"2":{"start":{"line":6,"column":44},"end":{"line":6,"column":61}},"3":{"start":{"line":7,"column":40},"end":{"line":7,"column":52}},"4":{"start":{"line":8,"column":32},"end":{"line":8,"column":47}},"5":{"start":{"line":9,"column":28},"end":{"line":9,"column":40}},"6":{"start":{"line":11,"column":24},"end":{"line":54,"column":3}},"7":{"start":{"line":12,"column":4},"end":{"line":12,"column":23}},"8":{"start":{"line":13,"column":4},"end":{"line":13,"column":21}},"9":{"start":{"line":14,"column":4},"end":{"line":14,"column":17}},"10":{"start":{"line":16,"column":4},"end":{"line":20,"column":5}},"11":{"start":{"line":17,"column":6},"end":{"line":17,"column":69}},"12":{"start":{"line":18,"column":6},"end":{"line":18,"column":24}},"13":{"start":{"line":19,"column":6},"end":{"line":19,"column":13}},"14":{"start":{"line":22,"column":4},"end":{"line":26,"column":5}},"15":{"start":{"line":23,"column":6},"end":{"line":23,"column":52}},"16":{"start":{"line":24,"column":6},"end":{"line":24,"column":24}},"17":{"start":{"line":25,"column":6},"end":{"line":25,"column":13}},"18":{"start":{"line":28,"column":4},"end":{"line":53,"column":5}},"19":{"start":{"line":29,"column":23},"end":{"line":33,"column":8}},"20":{"start":{"line":35,"column":6},"end":{"line":47,"column":7}},"21":{"start":{"line":36,"column":8},"end":{"line":42,"column":9}},"22":{"start":{"line":37,"column":10},"end":{"line":37,"column":59}},"23":{"start":{"line":38,"column":15},"end":{"line":42,"column":9}},"24":{"start":{"line":39,"column":10},"end":{"line":39,"column":58}},"25":{"start":{"line":41,"column":10},"end":{"line":41,"column":82}},"26":{"start":{"line":43,"column":8},"end":{"line":43,"column":27}},"27":{"start":{"line":44,"column":8},"end":{"line":44,"column":18}},"28":{"start":{"line":46,"column":8},"end":{"line":46,"column":60}},"29":{"start":{"line":49,"column":23},"end":{"line":49,"column":91}},"30":{"start":{"line":50,"column":6},"end":{"line":50,"column":25}},"31":{"start":{"line":52,"column":6},"end":{"line":52,"column":24}},"32":{"start":{"line":56,"column":2},"end":{"line":56,"column":27}},"33":{"start":{"line":56,"column":15},"end":{"line":56,"column":27}},"34":{"start":{"line":58,"column":2},"end":{"line":184,"column":4}},"35":{"start":{"line":106,"column":31},"end":{"line":106,"column":63}},"36":{"start":{"line":131,"column":33},"end":{"line":131,"column":63}}},"fnMap":{"0":{"name":"(anonymous_0)","decl":{"start":{"line":4,"column":21},"end":{"line":4,"column":22}},"loc":{"start":{"line":4,"column":32},"end":{"line":185,"column":1}},"line":4},"1":{"name":"(anonymous_1)","decl":{"start":{"line":11,"column":24},"end":{"line":11,"column":25}},"loc":{"start":{"line":11,"column":37},"end":{"line":54,"column":3}},"line":11},"2":{"name":"(anonymous_2)","decl":{"start":{"line":106,"column":24},"end":{"line":106,"column":25}},"loc":{"start":{"line":106,"column":31},"end":{"line":106,"column":63}},"line":106},"3":{"name":"(anonymous_3)","decl":{"start":{"line":131,"column":26},"end":{"line":131,"column":27}},"loc":{"start":{"line":131,"column":33},"end":{"line":131,"column":63}},"line":131}},"branchMap":{"0":{"loc":{"start":{"line":16,"column":4},"end":{"line":20,"column":5}},"type":"if","locations":[{"start":{"line":16,"column":4},"end":{"line":20,"column":5}},{"start":{},"end":{}}],"line":16},"1":{"loc":{"start":{"line":16,"column":8},"end":{"line":16,"column":88}},"type":"binary-expr","locations":[{"start":{"line":16,"column":9},"end":{"line":16,"column":34}},{"start":{"line":16,"column":38},"end":{"line":16,"column":64}},{"start":{"line":16,"column":69},"end":{"line":16,"column":88}}],"line":16},"2":{"loc":{"start":{"line":22,"column":4},"end":{"line":26,"column":5}},"type":"if","locations":[{"start":{"line":22,"column":4},"end":{"line":26,"column":5}},{"start":{},"end":{}}],"line":22},"3":{"loc":{"start":{"line":22,"column":8},"end":{"line":22,"column":69}},"type":"binary-expr","locations":[{"start":{"line":22,"column":8},"end":{"line":22,"column":19}},{"start":{"line":22,"column":23},"end":{"line":22,"column":69}}],"line":22},"4":{"loc":{"start":{"line":35,"column":6},"end":{"line":47,"column":7}},"type":"if","locations":[{"start":{"line":35,"column":6},"end":{"line":47,"column":7}},{"start":{"line":45,"column":13},"end":{"line":47,"column":7}}],"line":35},"5":{"loc":{"start":{"line":36,"column":8},"end":{"line":42,"column":9}},"type":"if","locations":[{"start":{"line":36,"column":8},"end":{"line":42,"column":9}},{"start":{"line":38,"column":15},"end":{"line":42,"column":9}}],"line":36},"6":{"loc":{"start":{"line":36,"column":12},"end":{"line":36,"column":65}},"type":"binary-expr","locations":[{"start":{"line":36,"column":12},"end":{"line":36,"column":36}},{"start":{"line":36,"column":40},"end":{"line":36,"column":65}}],"line":36},"7":{"loc":{"start":{"line":38,"column":15},"end":{"line":42,"column":9}},"type":"if","locations":[{"start":{"line":38,"column":15},"end":{"line":42,"column":9}},{"start":{"line":40,"column":15},"end":{"line":42,"column":9}}],"line":38},"8":{"loc":{"start":{"line":46,"column":17},"end":{"line":46,"column":58}},"type":"binary-expr","locations":[{"start":{"line":46,"column":17},"end":{"line":46,"column":38}},{"start":{"line":46,"column":42},"end":{"line":46,"column":58}}],"line":46},"9":{"loc":{"start":{"line":49,"column":23},"end":{"line":49,"column":91}},"type":"binary-expr","locations":[{"start":{"line":49,"column":23},"end":{"line":49,"column":52}},{"start":{"line":49,"column":56},"end":{"line":49,"column":91}}],"line":49},"10":{"loc":{"start":{"line":56,"column":2},"end":{"line":56,"column":27}},"type":"if","locations":[{"start":{"line":56,"column":2},"end":{"line":56,"column":27}},{"start":{},"end":{}}],"line":56},"11":{"loc":{"start":{"line":81,"column":37},"end":{"line":81,"column":70}},"type":"binary-expr","locations":[{"start":{"line":81,"column":37},"end":{"line":81,"column":48}},{"start":{"line":81,"column":52},"end":{"line":81,"column":70}}],"line":81},"12":{"loc":{"start":{"line":96,"column":22},"end":{"line":96,"column":60}},"type":"binary-expr","locations":[{"start":{"line":96,"column":22},"end":{"line":96,"column":43}},{"start":{"line":96,"column":47},"end":{"line":96,"column":60}}],"line":96},"13":{"loc":{"start":{"line":102,"column":15},"end":{"line":102,"column":59}},"type":"binary-expr","locations":[{"start":{"line":102,"column":15},"end":{"line":102,"column":39}},{"start":{"line":102,"column":43},"end":{"line":102,"column":59}}],"line":102},"14":{"loc":{"start":{"line":123,"column":11},"end":{"line":143,"column":11}},"type":"binary-expr","locations":[{"start":{"line":123,"column":12},"end":{"line":123,"column":37}},{"start":{"line":123,"column":41},"end":{"line":123,"column":67}},{"start":{"line":124,"column":12},"end":{"line":142,"column":18}}],"line":123},"15":{"loc":{"start":{"line":126,"column":17},"end":{"line":126,"column":57}},"type":"binary-expr","locations":[{"start":{"line":126,"column":17},"end":{"line":126,"column":39}},{"start":{"line":126,"column":43},"end":{"line":126,"column":57}}],"line":126},"16":{"loc":{"start":{"line":145,"column":11},"end":{"line":155,"column":11}},"type":"binary-expr","locations":[{"start":{"line":145,"column":11},"end":{"line":145,"column":16}},{"start":{"line":146,"column":12},"end":{"line":154,"column":18}}],"line":145},"17":{"loc":{"start":{"line":170,"column":15},"end":{"line":170,"column":44}},"type":"binary-expr","locations":[{"start":{"line":170,"column":15},"end":{"line":170,"column":32}},{"start":{"line":170,"column":36},"end":{"line":170,"column":44}}],"line":170},"18":{"loc":{"start":{"line":178,"column":15},"end":{"line":178,"column":102}},"type":"cond-expr","locations":[{"start":{"line":178,"column":26},"end":{"line":178,"column":66}},{"start":{"line":178,"column":71},"end":{"line":178,"column":101}}],"line":178},"19":{"loc":{"start":{"line":178,"column":26},"end":{"line":178,"column":66}},"type":"binary-expr","locations":[{"start":{"line":178,"column":26},"end":{"line":178,"column":47}},{"start":{"line":178,"column":51},"end":{"line":178,"column":66}}],"line":178},"20":{"loc":{"start":{"line":178,"column":71},"end":{"line":178,"column":101}},"type":"binary-expr","locations":[{"start":{"line":178,"column":71},"end":{"line":178,"column":88}},{"start":{"line":178,"column":92},"end":{"line":178,"column":101}}],"line":178}},"s":{"0":0,"1":0,"2":0,"3":0,"4":0,"5":0,"6":0,"7":0,"8":0,"9":0,"10":0,"11":0,"12":0,"13":0,"14":0,"15":0,"16":0,"17":0,"18":0,"19":0,"20":0,"21":0,"22":0,"23":0,"24":0,"25":0,"26":0,"27":0,"28":0,"29":0,"30":0,"31":0,"32":0,"33":0,"34":0,"35":0,"36":0},"f":{"0":0,"1":0,"2":0,"3":0},"b":{"0":[0,0],"1":[0,0,0],"2":[0,0],"3":[0,0],"4":[0,0],"5":[0,0],"6":[0,0],"7":[0,0],"8":[0,0],"9":[0,0],"10":[0,0],"11":[0,0],"12":[0,0],"13":[0,0],"14":[0,0,0],"15":[0,0],"16":[0,0],"17":[0,0],"18":[0,0],"19":[0,0],"20":[0,0]}}
,"C:\\ecommerce-app\\frontend\\src\\components\\ProductCard.js": {"path":"C:\\ecommerce-app\\frontend\\src\\components\\ProductCard.js","statementMap":{"0":{"start":{"line":7,"column":20},"end":{"line":70,"column":1}},"1":{"start":{"line":8,"column":16},"end":{"line":8,"column":32}},"2":{"start":{"line":10,"column":2},"end":{"line":16,"column":3}},"3":{"start":{"line":11,"column":4},"end":{"line":15,"column":6}},"4":{"start":{"line":18,"column":2},"end":{"line":69,"column":4}},"5":{"start":{"line":58,"column":27},"end":{"line":58,"column":47}},"6":{"start":{"line":72,"column":0},"end":{"line":83,"column":2}}},"fnMap":{"0":{"name":"(anonymous_0)","decl":{"start":{"line":7,"column":20},"end":{"line":7,"column":21}},"loc":{"start":{"line":7,"column":67},"end":{"line":70,"column":1}},"line":7},"1":{"name":"(anonymous_1)","decl":{"start":{"line":58,"column":21},"end":{"line":58,"column":22}},"loc":{"start":{"line":58,"column":27},"end":{"line":58,"column":47}},"line":58}},"branchMap":{"0":{"loc":{"start":{"line":7,"column":45},"end":{"line":7,"column":60}},"type":"default-arg","locations":[{"start":{"line":7,"column":55},"end":{"line":7,"column":60}}],"line":7},"1":{"loc":{"start":{"line":10,"column":2},"end":{"line":16,"column":3}},"type":"if","locations":[{"start":{"line":10,"column":2},"end":{"line":16,"column":3}},{"start":{},"end":{}}],"line":10},"2":{"loc":{"start":{"line":23,"column":17},"end":{"line":23,"column":60}},"type":"binary-expr","locations":[{"start":{"line":23,"column":17},"end":{"line":23,"column":30}},{"start":{"line":23,"column":34},"end":{"line":23,"column":60}}],"line":23},"3":{"loc":{"start":{"line":46,"column":13},"end":{"line":54,"column":13}},"type":"cond-expr","locations":[{"start":{"line":47,"column":14},"end":{"line":49,"column":21}},{"start":{"line":51,"column":14},"end":{"line":53,"column":21}}],"line":46},"4":{"loc":{"start":{"line":59,"column":22},"end":{"line":59,"column":52}},"type":"binary-expr","locations":[{"start":{"line":59,"column":22},"end":{"line":59,"column":41}},{"start":{"line":59,"column":45},"end":{"line":59,"column":52}}],"line":59}},"s":{"0":0,"1":0,"2":0,"3":0,"4":0,"5":0,"6":0},"f":{"0":0,"1":0},"b":{"0":[0],"1":[0,0],"2":[0,0],"3":[0,0],"4":[0,0]}}
,"C:\\ecommerce-app\\frontend\\src\\components\\ProductEditModal.js": {"path":"C:\\ecommerce-app\\frontend\\src\\components\\ProductEditModal.js","statementMap":{"0":{"start":{"line":4,"column":25},"end":{"line":306,"column":1}},"1":{"start":{"line":5,"column":34},"end":{"line":12,"column":4}},"2":{"start":{"line":13,"column":38},"end":{"line":13,"column":50}},"3":{"start":{"line":14,"column":32},"end":{"line":14,"column":47}},"4":{"start":{"line":15,"column":28},"end":{"line":15,"column":40}},"5":{"start":{"line":17,"column":2},"end":{"line":29,"column":16}},"6":{"start":{"line":18,"column":4},"end":{"line":27,"column":5}},"7":{"start":{"line":19,"column":6},"end":{"line":26,"column":9}},"8":{"start":{"line":28,"column":4},"end":{"line":28,"column":22}},"9":{"start":{"line":31,"column":26},"end":{"line":38,"column":3}},"10":{"start":{"line":32,"column":4},"end":{"line":37,"column":5}},"11":{"start":{"line":33,"column":23},"end":{"line":33,"column":56}},"12":{"start":{"line":34,"column":6},"end":{"line":34,"column":35}},"13":{"start":{"line":36,"column":6},"end":{"line":36,"column":57}},"14":{"start":{"line":40,"column":23},"end":{"line":46,"column":3}},"15":{"start":{"line":41,"column":43},"end":{"line":41,"column":51}},"16":{"start":{"line":42,"column":4},"end":{"line":45,"column":8}},"17":{"start":{"line":42,"column":25},"end":{"line":45,"column":5}},"18":{"start":{"line":48,"column":23},"end":{"line":100,"column":3}},"19":{"start":{"line":49,"column":4},"end":{"line":49,"column":23}},"20":{"start":{"line":50,"column":4},"end":{"line":50,"column":21}},"21":{"start":{"line":51,"column":4},"end":{"line":51,"column":17}},"22":{"start":{"line":54,"column":4},"end":{"line":58,"column":5}},"23":{"start":{"line":55,"column":6},"end":{"line":55,"column":43}},"24":{"start":{"line":56,"column":6},"end":{"line":56,"column":24}},"25":{"start":{"line":57,"column":6},"end":{"line":57,"column":13}},"26":{"start":{"line":59,"column":4},"end":{"line":63,"column":5}},"27":{"start":{"line":60,"column":6},"end":{"line":60,"column":42}},"28":{"start":{"line":61,"column":6},"end":{"line":61,"column":24}},"29":{"start":{"line":62,"column":6},"end":{"line":62,"column":13}},"30":{"start":{"line":64,"column":4},"end":{"line":68,"column":5}},"31":{"start":{"line":65,"column":6},"end":{"line":65,"column":51}},"32":{"start":{"line":66,"column":6},"end":{"line":66,"column":24}},"33":{"start":{"line":67,"column":6},"end":{"line":67,"column":13}},"34":{"start":{"line":70,"column":4},"end":{"line":99,"column":5}},"35":{"start":{"line":71,"column":25},"end":{"line":75,"column":7}},"36":{"start":{"line":77,"column":23},"end":{"line":84,"column":8}},"37":{"start":{"line":86,"column":6},"end":{"line":93,"column":7}},"38":{"start":{"line":87,"column":31},"end":{"line":87,"column":52}},"39":{"start":{"line":88,"column":8},"end":{"line":88,"column":33}},"40":{"start":{"line":89,"column":8},"end":{"line":89,"column":18}},"41":{"start":{"line":90,"column":8},"end":{"line":90,"column":49}},"42":{"start":{"line":92,"column":8},"end":{"line":92,"column":52}},"43":{"start":{"line":95,"column":6},"end":{"line":95,"column":43}},"44":{"start":{"line":96,"column":6},"end":{"line":96,"column":54}},"45":{"start":{"line":98,"column":6},"end":{"line":98,"column":24}},"46":{"start":{"line":102,"column":2},"end":{"line":102,"column":27}},"47":{"start":{"line":102,"column":15},"end":{"line":102,"column":27}},"48":{"start":{"line":104,"column":2},"end":{"line":305,"column":4}},"49":{"start":{"line":257,"column":18},"end":{"line":259,"column":27}}},"fnMap":{"0":{"name":"(anonymous_0)","decl":{"start":{"line":4,"column":25},"end":{"line":4,"column":26}},"loc":{"start":{"line":4,"column":69},"end":{"line":306,"column":1}},"line":4},"1":{"name":"(anonymous_1)","decl":{"start":{"line":17,"column":12},"end":{"line":17,"column":13}},"loc":{"start":{"line":17,"column":18},"end":{"line":29,"column":3}},"line":17},"2":{"name":"(anonymous_2)","decl":{"start":{"line":31,"column":26},"end":{"line":31,"column":27}},"loc":{"start":{"line":31,"column":38},"end":{"line":38,"column":3}},"line":31},"3":{"name":"(anonymous_3)","decl":{"start":{"line":40,"column":23},"end":{"line":40,"column":24}},"loc":{"start":{"line":40,"column":30},"end":{"line":46,"column":3}},"line":40},"4":{"name":"(anonymous_4)","decl":{"start":{"line":42,"column":16},"end":{"line":42,"column":17}},"loc":{"start":{"line":42,"column":25},"end":{"line":45,"column":5}},"line":42},"5":{"name":"(anonymous_5)","decl":{"start":{"line":48,"column":23},"end":{"line":48,"column":24}},"loc":{"start":{"line":48,"column":36},"end":{"line":100,"column":3}},"line":48},"6":{"name":"(anonymous_6)","decl":{"start":{"line":256,"column":32},"end":{"line":256,"column":33}},"loc":{"start":{"line":257,"column":18},"end":{"line":259,"column":27}},"line":257}},"branchMap":{"0":{"loc":{"start":{"line":18,"column":4},"end":{"line":27,"column":5}},"type":"if","locations":[{"start":{"line":18,"column":4},"end":{"line":27,"column":5}},{"start":{},"end":{}}],"line":18},"1":{"loc":{"start":{"line":20,"column":14},"end":{"line":20,"column":32}},"type":"binary-expr","locations":[{"start":{"line":20,"column":14},"end":{"line":20,"column":26}},{"start":{"line":20,"column":30},"end":{"line":20,"column":32}}],"line":20},"2":{"loc":{"start":{"line":21,"column":21},"end":{"line":21,"column":46}},"type":"binary-expr","locations":[{"start":{"line":21,"column":21},"end":{"line":21,"column":40}},{"start":{"line":21,"column":44},"end":{"line":21,"column":46}}],"line":21},"3":{"loc":{"start":{"line":22,"column":15},"end":{"line":22,"column":34}},"type":"binary-expr","locations":[{"start":{"line":22,"column":15},"end":{"line":22,"column":28}},{"start":{"line":22,"column":32},"end":{"line":22,"column":34}}],"line":22},"4":{"loc":{"start":{"line":23,"column":18},"end":{"line":23,"column":40}},"type":"binary-expr","locations":[{"start":{"line":23,"column":18},"end":{"line":23,"column":34}},{"start":{"line":23,"column":38},"end":{"line":23,"column":40}}],"line":23},"5":{"loc":{"start":{"line":24,"column":15},"end":{"line":24,"column":34}},"type":"binary-expr","locations":[{"start":{"line":24,"column":15},"end":{"line":24,"column":28}},{"start":{"line":24,"column":32},"end":{"line":24,"column":34}}],"line":24},"6":{"loc":{"start":{"line":25,"column":19},"end":{"line":25,"column":77}},"type":"cond-expr","locations":[{"start":{"line":25,"column":53},"end":{"line":25,"column":70}},{"start":{"line":25,"column":73},"end":{"line":25,"column":77}}],"line":25},"7":{"loc":{"start":{"line":44,"column":14},"end":{"line":44,"column":51}},"type":"cond-expr","locations":[{"start":{"line":44,"column":36},"end":{"line":44,"column":43}},{"start":{"line":44,"column":46},"end":{"line":44,"column":51}}],"line":44},"8":{"loc":{"start":{"line":54,"column":4},"end":{"line":58,"column":5}},"type":"if","locations":[{"start":{"line":54,"column":4},"end":{"line":58,"column":5}},{"start":{},"end":{}}],"line":54},"9":{"loc":{"start":{"line":59,"column":4},"end":{"line":63,"column":5}},"type":"if","locations":[{"start":{"line":59,"column":4},"end":{"line":63,"column":5}},{"start":{},"end":{}}],"line":59},"10":{"loc":{"start":{"line":59,"column":8},"end":{"line":59,"column":58}},"type":"binary-expr","locations":[{"start":{"line":59,"column":8},"end":{"line":59,"column":23}},{"start":{"line":59,"column":27},"end":{"line":59,"column":58}}],"line":59},"11":{"loc":{"start":{"line":64,"column":4},"end":{"line":68,"column":5}},"type":"if","locations":[{"start":{"line":64,"column":4},"end":{"line":68,"column":5}},{"start":{},"end":{}}],"line":64},"12":{"loc":{"start":{"line":64,"column":8},"end":{"line":64,"column":55}},"type":"binary-expr","locations":[{"start":{"line":64,"column":8},"end":{"line":64,"column":23}},{"start":{"line":64,"column":27},"end":{"line":64,"column":55}}],"line":64},"13":{"loc":{"start":{"line":86,"column":6},"end":{"line":93,"column":7}},"type":"if","locations":[{"start":{"line":86,"column":6},"end":{"line":93,"column":7}},{"start":{"line":91,"column":13},"end":{"line":93,"column":7}}],"line":86},"14":{"loc":{"start":{"line":102,"column":2},"end":{"line":102,"column":27}},"type":"if","locations":[{"start":{"line":102,"column":2},"end":{"line":102,"column":27}},{"start":{},"end":{}}],"line":102},"15":{"loc":{"start":{"line":141,"column":11},"end":{"line":152,"column":11}},"type":"binary-expr","locations":[{"start":{"line":141,"column":11},"end":{"line":141,"column":16}},{"start":{"line":142,"column":12},"end":{"line":151,"column":18}}],"line":141},"16":{"loc":{"start":{"line":298,"column":17},"end":{"line":298,"column":59}},"type":"cond-expr","locations":[{"start":{"line":298,"column":27},"end":{"line":298,"column":40}},{"start":{"line":298,"column":43},"end":{"line":298,"column":59}}],"line":298}},"s":{"0":0,"1":0,"2":0,"3":0,"4":0,"5":0,"6":0,"7":0,"8":0,"9":0,"10":0,"11":0,"12":0,"13":0,"14":0,"15":0,"16":0,"17":0,"18":0,"19":0,"20":0,"21":0,"22":0,"23":0,"24":0,"25":0,"26":0,"27":0,"28":0,"29":0,"30":0,"31":0,"32":0,"33":0,"34":0,"35":0,"36":0,"37":0,"38":0,"39":0,"40":0,"41":0,"42":0,"43":0,"44":0,"45":0,"46":0,"47":0,"48":0,"49":0},"f":{"0":0,"1":0,"2":0,"3":0,"4":0,"5":0,"6":0},"b":{"0":[0,0],"1":[0,0],"2":[0,0],"3":[0,0],"4":[0,0],"5":[0,0],"6":[0,0],"7":[0,0],"8":[0,0],"9":[0,0],"10":[0,0],"11":[0,0],"12":[0,0],"13":[0,0],"14":[0,0],"15":[0,0],"16":[0,0]}}
,"C:\\ecommerce-app\\frontend\\src\\components\\SEOHead.js": {"path":"C:\\ecommerce-app\\frontend\\src\\components\\SEOHead.js","statementMap":{"0":{"start":{"line":3,"column":16},"end":{"line":53,"column":1}},"1":{"start":{"line":9,"column":2},"end":{"line":50,"column":44}},"2":{"start":{"line":11,"column":4},"end":{"line":11,"column":27}},"3":{"start":{"line":14,"column":23},"end":{"line":22,"column":5}},"4":{"start":{"line":15,"column":17},"end":{"line":15,"column":63}},"5":{"start":{"line":16,"column":6},"end":{"line":20,"column":7}},"6":{"start":{"line":17,"column":8},"end":{"line":17,"column":46}},"7":{"start":{"line":18,"column":8},"end":{"line":18,"column":25}},"8":{"start":{"line":19,"column":8},"end":{"line":19,"column":40}},"9":{"start":{"line":21,"column":6},"end":{"line":21,"column":29}},"10":{"start":{"line":24,"column":27},"end":{"line":32,"column":5}},"11":{"start":{"line":25,"column":17},"end":{"line":25,"column":71}},"12":{"start":{"line":26,"column":6},"end":{"line":30,"column":7}},"13":{"start":{"line":27,"column":8},"end":{"line":27,"column":46}},"14":{"start":{"line":28,"column":8},"end":{"line":28,"column":48}},"15":{"start":{"line":29,"column":8},"end":{"line":29,"column":40}},"16":{"start":{"line":31,"column":6},"end":{"line":31,"column":29}},"17":{"start":{"line":35,"column":4},"end":{"line":35,"column":43}},"18":{"start":{"line":36,"column":4},"end":{"line":36,"column":37}},"19":{"start":{"line":39,"column":4},"end":{"line":39,"column":38}},"20":{"start":{"line":40,"column":4},"end":{"line":40,"column":50}},"21":{"start":{"line":41,"column":4},"end":{"line":41,"column":38}},"22":{"start":{"line":42,"column":4},"end":{"line":42,"column":41}},"23":{"start":{"line":45,"column":4},"end":{"line":45,"column":54}},"24":{"start":{"line":46,"column":4},"end":{"line":46,"column":39}},"25":{"start":{"line":47,"column":4},"end":{"line":47,"column":51}},"26":{"start":{"line":48,"column":4},"end":{"line":48,"column":39}},"27":{"start":{"line":52,"column":2},"end":{"line":52,"column":14}}},"fnMap":{"0":{"name":"(anonymous_0)","decl":{"start":{"line":3,"column":16},"end":{"line":3,"column":17}},"loc":{"start":{"line":8,"column":6},"end":{"line":53,"column":1}},"line":8},"1":{"name":"(anonymous_1)","decl":{"start":{"line":9,"column":12},"end":{"line":9,"column":13}},"loc":{"start":{"line":9,"column":18},"end":{"line":50,"column":3}},"line":9},"2":{"name":"(anonymous_2)","decl":{"start":{"line":14,"column":23},"end":{"line":14,"column":24}},"loc":{"start":{"line":14,"column":42},"end":{"line":22,"column":5}},"line":14},"3":{"name":"(anonymous_3)","decl":{"start":{"line":24,"column":27},"end":{"line":24,"column":28}},"loc":{"start":{"line":24,"column":50},"end":{"line":32,"column":5}},"line":24}},"branchMap":{"0":{"loc":{"start":{"line":4,"column":2},"end":{"line":4,"column":46}},"type":"default-arg","locations":[{"start":{"line":4,"column":10},"end":{"line":4,"column":46}}],"line":4},"1":{"loc":{"start":{"line":5,"column":2},"end":{"line":5,"column":131}},"type":"default-arg","locations":[{"start":{"line":5,"column":16},"end":{"line":5,"column":131}}],"line":5},"2":{"loc":{"start":{"line":6,"column":2},"end":{"line":6,"column":76}},"type":"default-arg","locations":[{"start":{"line":6,"column":13},"end":{"line":6,"column":76}}],"line":6},"3":{"loc":{"start":{"line":7,"column":2},"end":{"line":7,"column":24}},"type":"default-arg","locations":[{"start":{"line":7,"column":10},"end":{"line":7,"column":24}}],"line":7},"4":{"loc":{"start":{"line":16,"column":6},"end":{"line":20,"column":7}},"type":"if","locations":[{"start":{"line":16,"column":6},"end":{"line":20,"column":7}},{"start":{},"end":{}}],"line":16},"5":{"loc":{"start":{"line":26,"column":6},"end":{"line":30,"column":7}},"type":"if","locations":[{"start":{"line":26,"column":6},"end":{"line":30,"column":7}},{"start":{},"end":{}}],"line":26}},"s":{"0":0,"1":0,"2":0,"3":0,"4":0,"5":0,"6":0,"7":0,"8":0,"9":0,"10":0,"11":0,"12":0,"13":0,"14":0,"15":0,"16":0,"17":0,"18":0,"19":0,"20":0,"21":0,"22":0,"23":0,"24":0,"25":0,"26":0,"27":0},"f":{"0":0,"1":0,"2":0,"3":0},"b":{"0":[0],"1":[0],"2":[0],"3":[0],"4":[0,0],"5":[0,0]}}
,"C:\\ecommerce-app\\frontend\\src\\components\\WishlistButton.js": {"path":"C:\\ecommerce-app\\frontend\\src\\components\\WishlistButton.js","statementMap":{"0":{"start":{"line":7,"column":23},"end":{"line":61,"column":1}},"1":{"start":{"line":8,"column":72},"end":{"line":8,"column":85}},"2":{"start":{"line":9,"column":30},"end":{"line":9,"column":39}},"3":{"start":{"line":10,"column":32},"end":{"line":10,"column":47}},"4":{"start":{"line":12,"column":23},"end":{"line":12,"column":72}},"5":{"start":{"line":12,"column":45},"end":{"line":12,"column":71}},"6":{"start":{"line":13,"column":30},"end":{"line":13,"column":53}},"7":{"start":{"line":15,"column":31},"end":{"line":36,"column":3}},"8":{"start":{"line":16,"column":4},"end":{"line":19,"column":5}},"9":{"start":{"line":17,"column":6},"end":{"line":17,"column":58}},"10":{"start":{"line":18,"column":6},"end":{"line":18,"column":13}},"11":{"start":{"line":21,"column":4},"end":{"line":21,"column":21}},"12":{"start":{"line":22,"column":4},"end":{"line":35,"column":5}},"13":{"start":{"line":23,"column":6},"end":{"line":29,"column":7}},"14":{"start":{"line":24,"column":8},"end":{"line":24,"column":50}},"15":{"start":{"line":25,"column":8},"end":{"line":25,"column":47}},"16":{"start":{"line":27,"column":8},"end":{"line":27,"column":39}},"17":{"start":{"line":28,"column":8},"end":{"line":28,"column":43}},"18":{"start":{"line":31,"column":6},"end":{"line":31,"column":55}},"19":{"start":{"line":32,"column":6},"end":{"line":32,"column":64}},"20":{"start":{"line":34,"column":6},"end":{"line":34,"column":24}},"21":{"start":{"line":38,"column":2},"end":{"line":60,"column":4}}},"fnMap":{"0":{"name":"(anonymous_0)","decl":{"start":{"line":7,"column":23},"end":{"line":7,"column":24}},"loc":{"start":{"line":7,"column":92},"end":{"line":61,"column":1}},"line":7},"1":{"name":"(anonymous_1)","decl":{"start":{"line":12,"column":37},"end":{"line":12,"column":38}},"loc":{"start":{"line":12,"column":45},"end":{"line":12,"column":71}},"line":12},"2":{"name":"(anonymous_2)","decl":{"start":{"line":15,"column":31},"end":{"line":15,"column":32}},"loc":{"start":{"line":15,"column":43},"end":{"line":36,"column":3}},"line":15}},"branchMap":{"0":{"loc":{"start":{"line":7,"column":37},"end":{"line":7,"column":48}},"type":"default-arg","locations":[{"start":{"line":7,"column":44},"end":{"line":7,"column":48}}],"line":7},"1":{"loc":{"start":{"line":7,"column":50},"end":{"line":7,"column":69}},"type":"default-arg","locations":[{"start":{"line":7,"column":60},"end":{"line":7,"column":69}}],"line":7},"2":{"loc":{"start":{"line":7,"column":71},"end":{"line":7,"column":85}},"type":"default-arg","locations":[{"start":{"line":7,"column":83},"end":{"line":7,"column":85}}],"line":7},"3":{"loc":{"start":{"line":16,"column":4},"end":{"line":19,"column":5}},"type":"if","locations":[{"start":{"line":16,"column":4},"end":{"line":19,"column":5}},{"start":{},"end":{}}],"line":16},"4":{"loc":{"start":{"line":23,"column":6},"end":{"line":29,"column":7}},"type":"if","locations":[{"start":{"line":23,"column":6},"end":{"line":29,"column":7}},{"start":{"line":26,"column":13},"end":{"line":29,"column":7}}],"line":23},"5":{"loc":{"start":{"line":23,"column":10},"end":{"line":23,"column":45}},"type":"binary-expr","locations":[{"start":{"line":23,"column":10},"end":{"line":23,"column":29}},{"start":{"line":23,"column":33},"end":{"line":23,"column":45}}],"line":23},"6":{"loc":{"start":{"line":32,"column":18},"end":{"line":32,"column":62}},"type":"binary-expr","locations":[{"start":{"line":32,"column":18},"end":{"line":32,"column":31}},{"start":{"line":32,"column":35},"end":{"line":32,"column":62}}],"line":32},"7":{"loc":{"start":{"line":46,"column":13},"end":{"line":46,"column":77}},"type":"cond-expr","locations":[{"start":{"line":46,"column":35},"end":{"line":46,"column":57}},{"start":{"line":46,"column":60},"end":{"line":46,"column":77}}],"line":46},"8":{"loc":{"start":{"line":48,"column":7},"end":{"line":58,"column":7}},"type":"cond-expr","locations":[{"start":{"line":49,"column":8},"end":{"line":52,"column":15}},{"start":{"line":54,"column":8},"end":{"line":57,"column":15}}],"line":48}},"s":{"0":0,"1":0,"2":0,"3":0,"4":0,"5":0,"6":0,"7":0,"8":0,"9":0,"10":0,"11":0,"12":0,"13":0,"14":0,"15":0,"16":0,"17":0,"18":0,"19":0,"20":0,"21":0},"f":{"0":0,"1":0,"2":0},"b":{"0":[0],"1":[0],"2":[0],"3":[0,0],"4":[0,0],"5":[0,0],"6":[0,0],"7":[0,0],"8":[0,0]}}
,"C:\\ecommerce-app\\frontend\\src\\components\\Admin\\AdminAuth.js": {"path":"C:\\ecommerce-app\\frontend\\src\\components\\Admin\\AdminAuth.js","statementMap":{"0":{"start":{"line":4,"column":18},"end":{"line":58,"column":1}},"1":{"start":{"line":5,"column":40},"end":{"line":5,"column":103}},"2":{"start":{"line":6,"column":32},"end":{"line":6,"column":47}},"3":{"start":{"line":8,"column":22},"end":{"line":20,"column":3}},"4":{"start":{"line":9,"column":4},"end":{"line":9,"column":23}},"5":{"start":{"line":10,"column":4},"end":{"line":10,"column":21}},"6":{"start":{"line":11,"column":4},"end":{"line":18,"column":5}},"7":{"start":{"line":12,"column":23},"end":{"line":12,"column":55}},"8":{"start":{"line":13,"column":6},"end":{"line":13,"column":64}},"9":{"start":{"line":14,"column":6},"end":{"line":14,"column":71}},"10":{"start":{"line":15,"column":6},"end":{"line":15,"column":34}},"11":{"start":{"line":17,"column":6},"end":{"line":17,"column":83}},"12":{"start":{"line":19,"column":4},"end":{"line":19,"column":22}},"13":{"start":{"line":22,"column":2},"end":{"line":57,"column":4}},"14":{"start":{"line":30,"column":27},"end":{"line":30,"column":82}},"15":{"start":{"line":37,"column":27},"end":{"line":37,"column":85}}},"fnMap":{"0":{"name":"(anonymous_0)","decl":{"start":{"line":4,"column":18},"end":{"line":4,"column":19}},"loc":{"start":{"line":4,"column":35},"end":{"line":58,"column":1}},"line":4},"1":{"name":"(anonymous_1)","decl":{"start":{"line":8,"column":22},"end":{"line":8,"column":23}},"loc":{"start":{"line":8,"column":35},"end":{"line":20,"column":3}},"line":8},"2":{"name":"(anonymous_2)","decl":{"start":{"line":30,"column":20},"end":{"line":30,"column":21}},"loc":{"start":{"line":30,"column":27},"end":{"line":30,"column":82}},"line":30},"3":{"name":"(anonymous_3)","decl":{"start":{"line":37,"column":20},"end":{"line":37,"column":21}},"loc":{"start":{"line":37,"column":27},"end":{"line":37,"column":85}},"line":37}},"branchMap":{"0":{"loc":{"start":{"line":17,"column":32},"end":{"line":17,"column":80}},"type":"binary-expr","locations":[{"start":{"line":17,"column":32},"end":{"line":17,"column":61}},{"start":{"line":17,"column":65},"end":{"line":17,"column":80}}],"line":17},"1":{"loc":{"start":{"line":50,"column":20},"end":{"line":50,"column":55}},"type":"cond-expr","locations":[{"start":{"line":50,"column":30},"end":{"line":50,"column":43}},{"start":{"line":50,"column":46},"end":{"line":50,"column":55}}],"line":50},"2":{"loc":{"start":{"line":53,"column":11},"end":{"line":53,"column":55}},"type":"cond-expr","locations":[{"start":{"line":53,"column":21},"end":{"line":53,"column":36}},{"start":{"line":53,"column":39},"end":{"line":53,"column":55}}],"line":53}},"s":{"0":0,"1":0,"2":0,"3":0,"4":0,"5":0,"6":0,"7":0,"8":0,"9":0,"10":0,"11":0,"12":0,"13":0,"14":0,"15":0},"f":{"0":0,"1":0,"2":0,"3":0},"b":{"0":[0,0],"1":[0,0],"2":[0,0]}}
,"C:\\ecommerce-app\\frontend\\src\\components\\Admin\\ProductManager.js": {"path":"C:\\ecommerce-app\\frontend\\src\\components\\Admin\\ProductManager.js","statementMap":{"0":{"start":{"line":5,"column":23},"end":{"line":237,"column":1}},"1":{"start":{"line":6,"column":34},"end":{"line":6,"column":46}},"2":{"start":{"line":7,"column":40},"end":{"line":7,"column":55}},"3":{"start":{"line":8,"column":26},"end":{"line":8,"column":40}},"4":{"start":{"line":9,"column":32},"end":{"line":9,"column":47}},"5":{"start":{"line":10,"column":34},"end":{"line":13,"column":4}},"6":{"start":{"line":15,"column":21},"end":{"line":15,"column":136}},"7":{"start":{"line":17,"column":2},"end":{"line":27,"column":9}},"8":{"start":{"line":18,"column":18},"end":{"line":18,"column":54}},"9":{"start":{"line":19,"column":21},"end":{"line":19,"column":49}},"10":{"start":{"line":20,"column":4},"end":{"line":26,"column":5}},"11":{"start":{"line":21,"column":25},"end":{"line":21,"column":45}},"12":{"start":{"line":22,"column":6},"end":{"line":25,"column":7}},"13":{"start":{"line":23,"column":8},"end":{"line":23,"column":28}},"14":{"start":{"line":24,"column":8},"end":{"line":24,"column":24}},"15":{"start":{"line":29,"column":24},"end":{"line":36,"column":3}},"16":{"start":{"line":30,"column":4},"end":{"line":35,"column":5}},"17":{"start":{"line":31,"column":23},"end":{"line":31,"column":54}},"18":{"start":{"line":32,"column":6},"end":{"line":32,"column":47}},"19":{"start":{"line":34,"column":6},"end":{"line":34,"column":56}},"20":{"start":{"line":38,"column":23},"end":{"line":59,"column":3}},"21":{"start":{"line":39,"column":4},"end":{"line":39,"column":23}},"22":{"start":{"line":40,"column":4},"end":{"line":40,"column":21}},"23":{"start":{"line":41,"column":4},"end":{"line":57,"column":5}},"24":{"start":{"line":42,"column":26},"end":{"line":46,"column":7}},"25":{"start":{"line":47,"column":6},"end":{"line":47,"column":51}},"26":{"start":{"line":48,"column":6},"end":{"line":48,"column":28}},"27":{"start":{"line":49,"column":6},"end":{"line":52,"column":9}},"28":{"start":{"line":53,"column":6},"end":{"line":53,"column":28}},"29":{"start":{"line":54,"column":6},"end":{"line":54,"column":43}},"30":{"start":{"line":56,"column":6},"end":{"line":56,"column":92}},"31":{"start":{"line":58,"column":4},"end":{"line":58,"column":22}},"32":{"start":{"line":61,"column":24},"end":{"line":71,"column":3}},"33":{"start":{"line":62,"column":4},"end":{"line":70,"column":5}},"34":{"start":{"line":63,"column":6},"end":{"line":69,"column":7}},"35":{"start":{"line":64,"column":8},"end":{"line":64,"column":44}},"36":{"start":{"line":65,"column":8},"end":{"line":65,"column":30}},"37":{"start":{"line":66,"column":8},"end":{"line":66,"column":47}},"38":{"start":{"line":68,"column":8},"end":{"line":68,"column":42}},"39":{"start":{"line":73,"column":2},"end":{"line":75,"column":3}},"40":{"start":{"line":74,"column":4},"end":{"line":74,"column":43}},"41":{"start":{"line":77,"column":2},"end":{"line":236,"column":4}},"42":{"start":{"line":85,"column":23},"end":{"line":85,"column":43}},"43":{"start":{"line":105,"column":33},"end":{"line":105,"column":81}},"44":{"start":{"line":112,"column":33},"end":{"line":112,"column":82}},"45":{"start":{"line":118,"column":33},"end":{"line":118,"column":85}},"46":{"start":{"line":122,"column":18},"end":{"line":122,"column":62}},"47":{"start":{"line":128,"column":33},"end":{"line":128,"column":82}},"48":{"start":{"line":135,"column":33},"end":{"line":135,"column":82}},"49":{"start":{"line":141,"column":33},"end":{"line":141,"column":83}},"50":{"start":{"line":148,"column":31},"end":{"line":148,"column":86}},"51":{"start":{"line":158,"column":31},"end":{"line":158,"column":80}},"52":{"start":{"line":177,"column":31},"end":{"line":177,"column":52}},"53":{"start":{"line":195,"column":10},"end":{"line":222,"column":16}},"54":{"start":{"line":213,"column":29},"end":{"line":213,"column":55}}},"fnMap":{"0":{"name":"(anonymous_0)","decl":{"start":{"line":5,"column":23},"end":{"line":5,"column":24}},"loc":{"start":{"line":5,"column":29},"end":{"line":237,"column":1}},"line":5},"1":{"name":"(anonymous_1)","decl":{"start":{"line":17,"column":12},"end":{"line":17,"column":13}},"loc":{"start":{"line":17,"column":18},"end":{"line":27,"column":3}},"line":17},"2":{"name":"(anonymous_2)","decl":{"start":{"line":29,"column":24},"end":{"line":29,"column":25}},"loc":{"start":{"line":29,"column":36},"end":{"line":36,"column":3}},"line":29},"3":{"name":"(anonymous_3)","decl":{"start":{"line":38,"column":23},"end":{"line":38,"column":24}},"loc":{"start":{"line":38,"column":36},"end":{"line":59,"column":3}},"line":38},"4":{"name":"(anonymous_4)","decl":{"start":{"line":61,"column":24},"end":{"line":61,"column":25}},"loc":{"start":{"line":61,"column":38},"end":{"line":71,"column":3}},"line":61},"5":{"name":"(anonymous_5)","decl":{"start":{"line":85,"column":17},"end":{"line":85,"column":18}},"loc":{"start":{"line":85,"column":23},"end":{"line":85,"column":43}},"line":85},"6":{"name":"(anonymous_6)","decl":{"start":{"line":105,"column":26},"end":{"line":105,"column":27}},"loc":{"start":{"line":105,"column":33},"end":{"line":105,"column":81}},"line":105},"7":{"name":"(anonymous_7)","decl":{"start":{"line":112,"column":26},"end":{"line":112,"column":27}},"loc":{"start":{"line":112,"column":33},"end":{"line":112,"column":82}},"line":112},"8":{"name":"(anonymous_8)","decl":{"start":{"line":118,"column":26},"end":{"line":118,"column":27}},"loc":{"start":{"line":118,"column":33},"end":{"line":118,"column":85}},"line":118},"9":{"name":"(anonymous_9)","decl":{"start":{"line":121,"column":32},"end":{"line":121,"column":33}},"loc":{"start":{"line":122,"column":18},"end":{"line":122,"column":62}},"line":122},"10":{"name":"(anonymous_10)","decl":{"start":{"line":128,"column":26},"end":{"line":128,"column":27}},"loc":{"start":{"line":128,"column":33},"end":{"line":128,"column":82}},"line":128},"11":{"name":"(anonymous_11)","decl":{"start":{"line":135,"column":26},"end":{"line":135,"column":27}},"loc":{"start":{"line":135,"column":33},"end":{"line":135,"column":82}},"line":135},"12":{"name":"(anonymous_12)","decl":{"start":{"line":141,"column":26},"end":{"line":141,"column":27}},"loc":{"start":{"line":141,"column":33},"end":{"line":141,"column":83}},"line":141},"13":{"name":"(anonymous_13)","decl":{"start":{"line":148,"column":24},"end":{"line":148,"column":25}},"loc":{"start":{"line":148,"column":31},"end":{"line":148,"column":86}},"line":148},"14":{"name":"(anonymous_14)","decl":{"start":{"line":158,"column":24},"end":{"line":158,"column":25}},"loc":{"start":{"line":158,"column":31},"end":{"line":158,"column":80}},"line":158},"15":{"name":"(anonymous_15)","decl":{"start":{"line":177,"column":25},"end":{"line":177,"column":26}},"loc":{"start":{"line":177,"column":31},"end":{"line":177,"column":52}},"line":177},"16":{"name":"(anonymous_16)","decl":{"start":{"line":194,"column":22},"end":{"line":194,"column":23}},"loc":{"start":{"line":195,"column":10},"end":{"line":222,"column":16}},"line":195},"17":{"name":"(anonymous_17)","decl":{"start":{"line":213,"column":23},"end":{"line":213,"column":24}},"loc":{"start":{"line":213,"column":29},"end":{"line":213,"column":55}},"line":213}},"branchMap":{"0":{"loc":{"start":{"line":20,"column":4},"end":{"line":26,"column":5}},"type":"if","locations":[{"start":{"line":20,"column":4},"end":{"line":26,"column":5}},{"start":{},"end":{}}],"line":20},"1":{"loc":{"start":{"line":20,"column":8},"end":{"line":20,"column":25}},"type":"binary-expr","locations":[{"start":{"line":20,"column":8},"end":{"line":20,"column":13}},{"start":{"line":20,"column":17},"end":{"line":20,"column":25}}],"line":20},"2":{"loc":{"start":{"line":22,"column":6},"end":{"line":25,"column":7}},"type":"if","locations":[{"start":{"line":22,"column":6},"end":{"line":25,"column":7}},{"start":{},"end":{}}],"line":22},"3":{"loc":{"start":{"line":32,"column":18},"end":{"line":32,"column":45}},"type":"binary-expr","locations":[{"start":{"line":32,"column":18},"end":{"line":32,"column":39}},{"start":{"line":32,"column":43},"end":{"line":32,"column":45}}],"line":32},"4":{"loc":{"start":{"line":56,"column":41},"end":{"line":56,"column":89}},"type":"binary-expr","locations":[{"start":{"line":56,"column":41},"end":{"line":56,"column":70}},{"start":{"line":56,"column":74},"end":{"line":56,"column":89}}],"line":56},"5":{"loc":{"start":{"line":62,"column":4},"end":{"line":70,"column":5}},"type":"if","locations":[{"start":{"line":62,"column":4},"end":{"line":70,"column":5}},{"start":{},"end":{}}],"line":62},"6":{"loc":{"start":{"line":73,"column":2},"end":{"line":75,"column":3}},"type":"if","locations":[{"start":{"line":73,"column":2},"end":{"line":75,"column":3}},{"start":{},"end":{}}],"line":73},"7":{"loc":{"start":{"line":94,"column":7},"end":{"line":188,"column":7}},"type":"binary-expr","locations":[{"start":{"line":94,"column":7},"end":{"line":94,"column":18}},{"start":{"line":95,"column":8},"end":{"line":187,"column":14}}],"line":94},"8":{"loc":{"start":{"line":226,"column":7},"end":{"line":234,"column":7}},"type":"binary-expr","locations":[{"start":{"line":226,"column":7},"end":{"line":226,"column":28}},{"start":{"line":227,"column":8},"end":{"line":233,"column":14}}],"line":226}},"s":{"0":0,"1":0,"2":0,"3":0,"4":0,"5":0,"6":0,"7":0,"8":0,"9":0,"10":0,"11":0,"12":0,"13":0,"14":0,"15":0,"16":0,"17":0,"18":0,"19":0,"20":0,"21":0,"22":0,"23":0,"24":0,"25":0,"26":0,"27":0,"28":0,"29":0,"30":0,"31":0,"32":0,"33":0,"34":0,"35":0,"36":0,"37":0,"38":0,"39":0,"40":0,"41":0,"42":0,"43":0,"44":0,"45":0,"46":0,"47":0,"48":0,"49":0,"50":0,"51":0,"52":0,"53":0,"54":0},"f":{"0":0,"1":0,"2":0,"3":0,"4":0,"5":0,"6":0,"7":0,"8":0,"9":0,"10":0,"11":0,"12":0,"13":0,"14":0,"15":0,"16":0,"17":0},"b":{"0":[0,0],"1":[0,0],"2":[0,0],"3":[0,0],"4":[0,0],"5":[0,0],"6":[0,0],"7":[0,0],"8":[0,0]}}
,"C:\\ecommerce-app\\frontend\\src\\components\\Chat\\SupportChat.js": {"path":"C:\\ecommerce-app\\frontend\\src\\components\\Chat\\SupportChat.js","statementMap":{"0":{"start":{"line":3,"column":20},"end":{"line":109,"column":1}},"1":{"start":{"line":4,"column":30},"end":{"line":4,"column":45}},"2":{"start":{"line":5,"column":34},"end":{"line":7,"column":4}},"3":{"start":{"line":8,"column":38},"end":{"line":8,"column":50}},"4":{"start":{"line":9,"column":25},"end":{"line":9,"column":37}},"5":{"start":{"line":11,"column":2},"end":{"line":13,"column":17}},"6":{"start":{"line":12,"column":4},"end":{"line":12,"column":67}},"7":{"start":{"line":15,"column":24},"end":{"line":19,"column":3}},"8":{"start":{"line":16,"column":4},"end":{"line":18,"column":24}},"9":{"start":{"line":21,"column":22},"end":{"line":45,"column":3}},"10":{"start":{"line":22,"column":4},"end":{"line":22,"column":23}},"11":{"start":{"line":23,"column":29},"end":{"line":23,"column":54}},"12":{"start":{"line":24,"column":4},"end":{"line":24,"column":34}},"13":{"start":{"line":24,"column":27},"end":{"line":24,"column":34}},"14":{"start":{"line":26,"column":20},"end":{"line":31,"column":5}},"15":{"start":{"line":33,"column":4},"end":{"line":33,"column":44}},"16":{"start":{"line":33,"column":24},"end":{"line":33,"column":42}},"17":{"start":{"line":35,"column":4},"end":{"line":42,"column":13}},"18":{"start":{"line":36,"column":6},"end":{"line":41,"column":10}},"19":{"start":{"line":36,"column":26},"end":{"line":41,"column":8}},"20":{"start":{"line":44,"column":4},"end":{"line":44,"column":22}},"21":{"start":{"line":47,"column":2},"end":{"line":60,"column":3}},"22":{"start":{"line":48,"column":4},"end":{"line":59,"column":6}},"23":{"start":{"line":50,"column":23},"end":{"line":50,"column":38}},"24":{"start":{"line":62,"column":2},"end":{"line":108,"column":4}},"25":{"start":{"line":73,"column":31},"end":{"line":73,"column":47}},"26":{"start":{"line":82,"column":10},"end":{"line":90,"column":16}},"27":{"start":{"line":97,"column":58},"end":{"line":97,"column":87}}},"fnMap":{"0":{"name":"(anonymous_0)","decl":{"start":{"line":3,"column":20},"end":{"line":3,"column":21}},"loc":{"start":{"line":3,"column":26},"end":{"line":109,"column":1}},"line":3},"1":{"name":"(anonymous_1)","decl":{"start":{"line":11,"column":12},"end":{"line":11,"column":13}},"loc":{"start":{"line":11,"column":18},"end":{"line":13,"column":3}},"line":11},"2":{"name":"(anonymous_2)","decl":{"start":{"line":15,"column":24},"end":{"line":15,"column":25}},"loc":{"start":{"line":15,"column":35},"end":{"line":19,"column":3}},"line":15},"3":{"name":"(anonymous_3)","decl":{"start":{"line":21,"column":22},"end":{"line":21,"column":23}},"loc":{"start":{"line":21,"column":29},"end":{"line":45,"column":3}},"line":21},"4":{"name":"(anonymous_4)","decl":{"start":{"line":33,"column":16},"end":{"line":33,"column":17}},"loc":{"start":{"line":33,"column":24},"end":{"line":33,"column":42}},"line":33},"5":{"name":"(anonymous_5)","decl":{"start":{"line":35,"column":15},"end":{"line":35,"column":16}},"loc":{"start":{"line":35,"column":21},"end":{"line":42,"column":5}},"line":35},"6":{"name":"(anonymous_6)","decl":{"start":{"line":36,"column":18},"end":{"line":36,"column":19}},"loc":{"start":{"line":36,"column":26},"end":{"line":41,"column":8}},"line":36},"7":{"name":"(anonymous_7)","decl":{"start":{"line":50,"column":17},"end":{"line":50,"column":18}},"loc":{"start":{"line":50,"column":23},"end":{"line":50,"column":38}},"line":50},"8":{"name":"(anonymous_8)","decl":{"start":{"line":73,"column":25},"end":{"line":73,"column":26}},"loc":{"start":{"line":73,"column":31},"end":{"line":73,"column":47}},"line":73},"9":{"name":"(anonymous_9)","decl":{"start":{"line":81,"column":22},"end":{"line":81,"column":23}},"loc":{"start":{"line":82,"column":10},"end":{"line":90,"column":16}},"line":82},"10":{"name":"(anonymous_10)","decl":{"start":{"line":97,"column":51},"end":{"line":97,"column":52}},"loc":{"start":{"line":97,"column":58},"end":{"line":97,"column":87}},"line":97}},"branchMap":{"0":{"loc":{"start":{"line":24,"column":4},"end":{"line":24,"column":34}},"type":"if","locations":[{"start":{"line":24,"column":4},"end":{"line":24,"column":34}},{"start":{},"end":{}}],"line":24},"1":{"loc":{"start":{"line":47,"column":2},"end":{"line":60,"column":3}},"type":"if","locations":[{"start":{"line":47,"column":2},"end":{"line":60,"column":3}},{"start":{},"end":{}}],"line":47},"2":{"loc":{"start":{"line":82,"column":52},"end":{"line":82,"column":105}},"type":"cond-expr","locations":[{"start":{"line":82,"column":80},"end":{"line":82,"column":90}},{"start":{"line":82,"column":93},"end":{"line":82,"column":105}}],"line":82},"3":{"loc":{"start":{"line":85,"column":31},"end":{"line":85,"column":80}},"type":"cond-expr","locations":[{"start":{"line":85,"column":59},"end":{"line":85,"column":68}},{"start":{"line":85,"column":71},"end":{"line":85,"column":80}}],"line":85},"4":{"loc":{"start":{"line":86,"column":21},"end":{"line":86,"column":66}},"type":"cond-expr","locations":[{"start":{"line":86,"column":49},"end":{"line":86,"column":56}},{"start":{"line":86,"column":59},"end":{"line":86,"column":66}}],"line":86}},"s":{"0":0,"1":0,"2":0,"3":0,"4":0,"5":0,"6":0,"7":0,"8":0,"9":0,"10":0,"11":0,"12":0,"13":0,"14":0,"15":0,"16":0,"17":0,"18":0,"19":0,"20":0,"21":0,"22":0,"23":0,"24":0,"25":0,"26":0,"27":0},"f":{"0":0,"1":0,"2":0,"3":0,"4":0,"5":0,"6":0,"7":0,"8":0,"9":0,"10":0},"b":{"0":[0,0],"1":[0,0],"2":[0,0],"3":[0,0],"4":[0,0]}}
,"C:\\ecommerce-app\\frontend\\src\\components\\Performance\\LazyImage.js": {"path":"C:\\ecommerce-app\\frontend\\src\\components\\Performance\\LazyImage.js","statementMap":{"0":{"start":{"line":3,"column":18},"end":{"line":41,"column":1}},"1":{"start":{"line":4,"column":34},"end":{"line":4,"column":49}},"2":{"start":{"line":5,"column":34},"end":{"line":5,"column":49}},"3":{"start":{"line":6,"column":17},"end":{"line":6,"column":25}},"4":{"start":{"line":8,"column":2},"end":{"line":24,"column":9}},"5":{"start":{"line":9,"column":21},"end":{"line":17,"column":5}},"6":{"start":{"line":11,"column":8},"end":{"line":14,"column":9}},"7":{"start":{"line":12,"column":10},"end":{"line":12,"column":28}},"8":{"start":{"line":13,"column":10},"end":{"line":13,"column":32}},"9":{"start":{"line":19,"column":4},"end":{"line":21,"column":5}},"10":{"start":{"line":20,"column":6},"end":{"line":20,"column":39}},"11":{"start":{"line":23,"column":4},"end":{"line":23,"column":39}},"12":{"start":{"line":23,"column":17},"end":{"line":23,"column":38}},"13":{"start":{"line":26,"column":2},"end":{"line":40,"column":4}},"14":{"start":{"line":32,"column":24},"end":{"line":32,"column":41}}},"fnMap":{"0":{"name":"(anonymous_0)","decl":{"start":{"line":3,"column":18},"end":{"line":3,"column":19}},"loc":{"start":{"line":3,"column":54},"end":{"line":41,"column":1}},"line":3},"1":{"name":"(anonymous_1)","decl":{"start":{"line":8,"column":12},"end":{"line":8,"column":13}},"loc":{"start":{"line":8,"column":18},"end":{"line":24,"column":3}},"line":8},"2":{"name":"(anonymous_2)","decl":{"start":{"line":10,"column":6},"end":{"line":10,"column":7}},"loc":{"start":{"line":10,"column":19},"end":{"line":15,"column":7}},"line":10},"3":{"name":"(anonymous_3)","decl":{"start":{"line":23,"column":11},"end":{"line":23,"column":12}},"loc":{"start":{"line":23,"column":17},"end":{"line":23,"column":38}},"line":23},"4":{"name":"(anonymous_4)","decl":{"start":{"line":32,"column":18},"end":{"line":32,"column":19}},"loc":{"start":{"line":32,"column":24},"end":{"line":32,"column":41}},"line":32}},"branchMap":{"0":{"loc":{"start":{"line":11,"column":8},"end":{"line":14,"column":9}},"type":"if","locations":[{"start":{"line":11,"column":8},"end":{"line":14,"column":9}},{"start":{},"end":{}}],"line":11},"1":{"loc":{"start":{"line":19,"column":4},"end":{"line":21,"column":5}},"type":"if","locations":[{"start":{"line":19,"column":4},"end":{"line":21,"column":5}},{"start":{},"end":{}}],"line":19},"2":{"loc":{"start":{"line":28,"column":7},"end":{"line":38,"column":7}},"type":"binary-expr","locations":[{"start":{"line":28,"column":7},"end":{"line":28,"column":15}},{"start":{"line":29,"column":8},"end":{"line":37,"column":10}}],"line":28},"3":{"loc":{"start":{"line":35,"column":49},"end":{"line":35,"column":67}},"type":"cond-expr","locations":[{"start":{"line":35,"column":60},"end":{"line":35,"column":61}},{"start":{"line":35,"column":64},"end":{"line":35,"column":67}}],"line":35}},"s":{"0":0,"1":0,"2":0,"3":0,"4":0,"5":0,"6":0,"7":0,"8":0,"9":0,"10":0,"11":0,"12":0,"13":0,"14":0},"f":{"0":0,"1":0,"2":0,"3":0,"4":0},"b":{"0":[0,0],"1":[0,0],"2":[0,0],"3":[0,0]}}
,"C:\\ecommerce-app\\frontend\\src\\components\\ui\\Button.js": {"path":"C:\\ecommerce-app\\frontend\\src\\components\\ui\\Button.js","statementMap":{"0":{"start":{"line":3,"column":15},"end":{"line":43,"column":1}},"1":{"start":{"line":13,"column":21},"end":{"line":13,"column":202}},"2":{"start":{"line":15,"column":19},"end":{"line":20,"column":3}},"3":{"start":{"line":22,"column":16},"end":{"line":26,"column":3}},"4":{"start":{"line":28,"column":2},"end":{"line":42,"column":4}}},"fnMap":{"0":{"name":"(anonymous_0)","decl":{"start":{"line":3,"column":15},"end":{"line":3,"column":16}},"loc":{"start":{"line":12,"column":6},"end":{"line":43,"column":1}},"line":12}},"branchMap":{"0":{"loc":{"start":{"line":5,"column":2},"end":{"line":5,"column":21}},"type":"default-arg","locations":[{"start":{"line":5,"column":12},"end":{"line":5,"column":21}}],"line":5},"1":{"loc":{"start":{"line":6,"column":2},"end":{"line":6,"column":13}},"type":"default-arg","locations":[{"start":{"line":6,"column":9},"end":{"line":6,"column":13}}],"line":6},"2":{"loc":{"start":{"line":7,"column":2},"end":{"line":7,"column":17}},"type":"default-arg","locations":[{"start":{"line":7,"column":12},"end":{"line":7,"column":17}}],"line":7},"3":{"loc":{"start":{"line":8,"column":2},"end":{"line":8,"column":18}},"type":"default-arg","locations":[{"start":{"line":8,"column":13},"end":{"line":8,"column":18}}],"line":8},"4":{"loc":{"start":{"line":9,"column":2},"end":{"line":9,"column":16}},"type":"default-arg","locations":[{"start":{"line":9,"column":14},"end":{"line":9,"column":16}}],"line":9},"5":{"loc":{"start":{"line":10,"column":6},"end":{"line":10,"column":26}},"type":"default-arg","locations":[{"start":{"line":10,"column":18},"end":{"line":10,"column":26}}],"line":10},"6":{"loc":{"start":{"line":31,"column":16},"end":{"line":31,"column":35}},"type":"binary-expr","locations":[{"start":{"line":31,"column":16},"end":{"line":31,"column":24}},{"start":{"line":31,"column":28},"end":{"line":31,"column":35}}],"line":31},"7":{"loc":{"start":{"line":34,"column":7},"end":{"line":39,"column":7}},"type":"binary-expr","locations":[{"start":{"line":34,"column":7},"end":{"line":34,"column":14}},{"start":{"line":35,"column":8},"end":{"line":38,"column":14}}],"line":34}},"s":{"0":0,"1":0,"2":0,"3":0,"4":0},"f":{"0":0},"b":{"0":[0],"1":[0],"2":[0],"3":[0],"4":[0],"5":[0],"6":[0,0],"7":[0,0]}}
,"C:\\ecommerce-app\\frontend\\src\\components\\ui\\Card.js": {"path":"C:\\ecommerce-app\\frontend\\src\\components\\ui\\Card.js","statementMap":{"0":{"start":{"line":3,"column":13},"end":{"line":12,"column":1}},"1":{"start":{"line":4,"column":21},"end":{"line":4,"column":75}},"2":{"start":{"line":5,"column":22},"end":{"line":5,"column":101}},"3":{"start":{"line":7,"column":2},"end":{"line":11,"column":4}},"4":{"start":{"line":14,"column":19},"end":{"line":18,"column":1}},"5":{"start":{"line":15,"column":2},"end":{"line":17,"column":8}},"6":{"start":{"line":20,"column":20},"end":{"line":24,"column":1}},"7":{"start":{"line":21,"column":2},"end":{"line":23,"column":8}},"8":{"start":{"line":26,"column":19},"end":{"line":30,"column":1}},"9":{"start":{"line":27,"column":2},"end":{"line":29,"column":8}},"10":{"start":{"line":32,"column":0},"end":{"line":32,"column":25}},"11":{"start":{"line":33,"column":0},"end":{"line":33,"column":27}},"12":{"start":{"line":34,"column":0},"end":{"line":34,"column":25}}},"fnMap":{"0":{"name":"(anonymous_0)","decl":{"start":{"line":3,"column":13},"end":{"line":3,"column":14}},"loc":{"start":{"line":3,"column":72},"end":{"line":12,"column":1}},"line":3},"1":{"name":"(anonymous_1)","decl":{"start":{"line":14,"column":19},"end":{"line":14,"column":20}},"loc":{"start":{"line":15,"column":2},"end":{"line":17,"column":8}},"line":15},"2":{"name":"(anonymous_2)","decl":{"start":{"line":20,"column":20},"end":{"line":20,"column":21}},"loc":{"start":{"line":21,"column":2},"end":{"line":23,"column":8}},"line":21},"3":{"name":"(anonymous_3)","decl":{"start":{"line":26,"column":19},"end":{"line":26,"column":20}},"loc":{"start":{"line":27,"column":2},"end":{"line":29,"column":8}},"line":27}},"branchMap":{"0":{"loc":{"start":{"line":3,"column":26},"end":{"line":3,"column":40}},"type":"default-arg","locations":[{"start":{"line":3,"column":38},"end":{"line":3,"column":40}}],"line":3},"1":{"loc":{"start":{"line":3,"column":42},"end":{"line":3,"column":55}},"type":"default-arg","locations":[{"start":{"line":3,"column":50},"end":{"line":3,"column":55}}],"line":3},"2":{"loc":{"start":{"line":5,"column":22},"end":{"line":5,"column":101}},"type":"cond-expr","locations":[{"start":{"line":5,"column":30},"end":{"line":5,"column":96}},{"start":{"line":5,"column":99},"end":{"line":5,"column":101}}],"line":5},"3":{"loc":{"start":{"line":14,"column":32},"end":{"line":14,"column":46}},"type":"default-arg","locations":[{"start":{"line":14,"column":44},"end":{"line":14,"column":46}}],"line":14},"4":{"loc":{"start":{"line":20,"column":33},"end":{"line":20,"column":47}},"type":"default-arg","locations":[{"start":{"line":20,"column":45},"end":{"line":20,"column":47}}],"line":20},"5":{"loc":{"start":{"line":26,"column":32},"end":{"line":26,"column":46}},"type":"default-arg","locations":[{"start":{"line":26,"column":44},"end":{"line":26,"column":46}}],"line":26}},"s":{"0":0,"1":0,"2":0,"3":0,"4":0,"5":0,"6":0,"7":0,"8":0,"9":0,"10":0,"11":0,"12":0},"f":{"0":0,"1":0,"2":0,"3":0},"b":{"0":[0],"1":[0],"2":[0,0],"3":[0],"4":[0],"5":[0]}}
,"C:\\ecommerce-app\\frontend\\src\\components\\ui\\CartBadge.js": {"path":"C:\\ecommerce-app\\frontend\\src\\components\\ui\\CartBadge.js","statementMap":{"0":{"start":{"line":3,"column":18},"end":{"line":11,"column":1}},"1":{"start":{"line":4,"column":2},"end":{"line":4,"column":31}},"2":{"start":{"line":4,"column":19},"end":{"line":4,"column":31}},"3":{"start":{"line":6,"column":2},"end":{"line":10,"column":4}}},"fnMap":{"0":{"name":"(anonymous_0)","decl":{"start":{"line":3,"column":18},"end":{"line":3,"column":19}},"loc":{"start":{"line":3,"column":49},"end":{"line":11,"column":1}},"line":3}},"branchMap":{"0":{"loc":{"start":{"line":3,"column":28},"end":{"line":3,"column":42}},"type":"default-arg","locations":[{"start":{"line":3,"column":40},"end":{"line":3,"column":42}}],"line":3},"1":{"loc":{"start":{"line":4,"column":2},"end":{"line":4,"column":31}},"type":"if","locations":[{"start":{"line":4,"column":2},"end":{"line":4,"column":31}},{"start":{},"end":{}}],"line":4},"2":{"loc":{"start":{"line":8,"column":7},"end":{"line":8,"column":33}},"type":"cond-expr","locations":[{"start":{"line":8,"column":20},"end":{"line":8,"column":25}},{"start":{"line":8,"column":28},"end":{"line":8,"column":33}}],"line":8}},"s":{"0":0,"1":0,"2":0,"3":0},"f":{"0":0},"b":{"0":[0],"1":[0,0],"2":[0,0]}}
,"C:\\ecommerce-app\\frontend\\src\\components\\ui\\ErrorBoundary.js": {"path":"C:\\ecommerce-app\\frontend\\src\\components\\ui\\ErrorBoundary.js","statementMap":{"0":{"start":{"line":5,"column":4},"end":{"line":5,"column":17}},"1":{"start":{"line":6,"column":4},"end":{"line":6,"column":65}},"2":{"start":{"line":10,"column":4},"end":{"line":10,"column":37}},"3":{"start":{"line":14,"column":4},"end":{"line":14,"column":65}},"4":{"start":{"line":17,"column":16},"end":{"line":27,"column":3}},"5":{"start":{"line":18,"column":4},"end":{"line":26,"column":5}},"6":{"start":{"line":19,"column":6},"end":{"line":23,"column":9}},"7":{"start":{"line":25,"column":6},"end":{"line":25,"column":33}},"8":{"start":{"line":30,"column":4},"end":{"line":60,"column":5}},"9":{"start":{"line":31,"column":6},"end":{"line":59,"column":8}},"10":{"start":{"line":51,"column":31},"end":{"line":51,"column":57}},"11":{"start":{"line":62,"column":4},"end":{"line":62,"column":31}}},"fnMap":{"0":{"name":"(anonymous_0)","decl":{"start":{"line":4,"column":2},"end":{"line":4,"column":3}},"loc":{"start":{"line":4,"column":21},"end":{"line":7,"column":3}},"line":4},"1":{"name":"(anonymous_1)","decl":{"start":{"line":9,"column":2},"end":{"line":9,"column":3}},"loc":{"start":{"line":9,"column":41},"end":{"line":11,"column":3}},"line":9},"2":{"name":"(anonymous_2)","decl":{"start":{"line":13,"column":2},"end":{"line":13,"column":3}},"loc":{"start":{"line":13,"column":38},"end":{"line":15,"column":3}},"line":13},"3":{"name":"(anonymous_3)","decl":{"start":{"line":17,"column":16},"end":{"line":17,"column":17}},"loc":{"start":{"line":17,"column":22},"end":{"line":27,"column":3}},"line":17},"4":{"name":"(anonymous_4)","decl":{"start":{"line":29,"column":2},"end":{"line":29,"column":3}},"loc":{"start":{"line":29,"column":11},"end":{"line":63,"column":3}},"line":29},"5":{"name":"(anonymous_5)","decl":{"start":{"line":51,"column":25},"end":{"line":51,"column":26}},"loc":{"start":{"line":51,"column":31},"end":{"line":51,"column":57}},"line":51}},"branchMap":{"0":{"loc":{"start":{"line":18,"column":4},"end":{"line":26,"column":5}},"type":"if","locations":[{"start":{"line":18,"column":4},"end":{"line":26,"column":5}},{"start":{"line":24,"column":11},"end":{"line":26,"column":5}}],"line":18},"1":{"loc":{"start":{"line":30,"column":4},"end":{"line":60,"column":5}},"type":"if","locations":[{"start":{"line":30,"column":4},"end":{"line":60,"column":5}},{"start":{},"end":{}}],"line":30},"2":{"loc":{"start":{"line":37,"column":15},"end":{"line":39,"column":73}},"type":"cond-expr","locations":[{"start":{"line":38,"column":18},"end":{"line":38,"column":77}},{"start":{"line":39,"column":18},"end":{"line":39,"column":73}}],"line":37},"3":{"loc":{"start":{"line":42,"column":13},"end":{"line":56,"column":13}},"type":"cond-expr","locations":[{"start":{"line":43,"column":14},"end":{"line":48,"column":23}},{"start":{"line":50,"column":14},"end":{"line":55,"column":23}}],"line":42}},"s":{"0":0,"1":0,"2":0,"3":0,"4":0,"5":0,"6":0,"7":0,"8":0,"9":0,"10":0,"11":0},"f":{"0":0,"1":0,"2":0,"3":0,"4":0,"5":0},"b":{"0":[0,0],"1":[0,0],"2":[0,0],"3":[0,0]}}
,"C:\\ecommerce-app\\frontend\\src\\components\\ui\\Input.js": {"path":"C:\\ecommerce-app\\frontend\\src\\components\\ui\\Input.js","statementMap":{"0":{"start":{"line":3,"column":14},"end":{"line":34,"column":1}},"1":{"start":{"line":10,"column":22},"end":{"line":15,"column":3}},"2":{"start":{"line":17,"column":2},"end":{"line":33,"column":4}}},"fnMap":{"0":{"name":"(anonymous_0)","decl":{"start":{"line":3,"column":14},"end":{"line":3,"column":15}},"loc":{"start":{"line":9,"column":6},"end":{"line":34,"column":1}},"line":9}},"branchMap":{"0":{"loc":{"start":{"line":6,"column":2},"end":{"line":6,"column":16}},"type":"default-arg","locations":[{"start":{"line":6,"column":14},"end":{"line":6,"column":16}}],"line":6},"1":{"loc":{"start":{"line":7,"column":2},"end":{"line":7,"column":15}},"type":"default-arg","locations":[{"start":{"line":7,"column":9},"end":{"line":7,"column":15}}],"line":7},"2":{"loc":{"start":{"line":13,"column":6},"end":{"line":13,"column":50}},"type":"cond-expr","locations":[{"start":{"line":13,"column":14},"end":{"line":13,"column":30}},{"start":{"line":13,"column":33},"end":{"line":13,"column":50}}],"line":13},"3":{"loc":{"start":{"line":14,"column":6},"end":{"line":14,"column":39}},"type":"cond-expr","locations":[{"start":{"line":14,"column":14},"end":{"line":14,"column":34}},{"start":{"line":14,"column":37},"end":{"line":14,"column":39}}],"line":14},"4":{"loc":{"start":{"line":19,"column":7},"end":{"line":23,"column":7}},"type":"binary-expr","locations":[{"start":{"line":19,"column":7},"end":{"line":19,"column":12}},{"start":{"line":20,"column":8},"end":{"line":22,"column":16}}],"line":19},"5":{"loc":{"start":{"line":29,"column":7},"end":{"line":31,"column":7}},"type":"binary-expr","locations":[{"start":{"line":29,"column":7},"end":{"line":29,"column":12}},{"start":{"line":30,"column":8},"end":{"line":30,"column":55}}],"line":29}},"s":{"0":0,"1":0,"2":0},"f":{"0":0},"b":{"0":[0],"1":[0],"2":[0,0],"3":[0,0],"4":[0,0],"5":[0,0]}}
,"C:\\ecommerce-app\\frontend\\src\\components\\ui\\Loading.js": {"path":"C:\\ecommerce-app\\frontend\\src\\components\\ui\\Loading.js","statementMap":{"0":{"start":{"line":3,"column":16},"end":{"line":15,"column":1}},"1":{"start":{"line":4,"column":16},"end":{"line":8,"column":3}},"2":{"start":{"line":10,"column":2},"end":{"line":14,"column":4}}},"fnMap":{"0":{"name":"(anonymous_0)","decl":{"start":{"line":3,"column":16},"end":{"line":3,"column":17}},"loc":{"start":{"line":3,"column":53},"end":{"line":15,"column":1}},"line":3}},"branchMap":{"0":{"loc":{"start":{"line":3,"column":19},"end":{"line":3,"column":30}},"type":"default-arg","locations":[{"start":{"line":3,"column":26},"end":{"line":3,"column":30}}],"line":3},"1":{"loc":{"start":{"line":3,"column":32},"end":{"line":3,"column":46}},"type":"default-arg","locations":[{"start":{"line":3,"column":44},"end":{"line":3,"column":46}}],"line":3}},"s":{"0":0,"1":0,"2":0},"f":{"0":0},"b":{"0":[0],"1":[0]}}
,"C:\\ecommerce-app\\frontend\\src\\components\\ui\\ProductCard.js": {"path":"C:\\ecommerce-app\\frontend\\src\\components\\ui\\ProductCard.js","statementMap":{"0":{"start":{"line":7,"column":20},"end":{"line":80,"column":1}},"1":{"start":{"line":8,"column":22},"end":{"line":15,"column":3}},"2":{"start":{"line":9,"column":4},"end":{"line":14,"column":7}},"3":{"start":{"line":10,"column":6},"end":{"line":13,"column":8}},"4":{"start":{"line":17,"column":2},"end":{"line":79,"column":4}},"5":{"start":{"line":36,"column":25},"end":{"line":36,"column":53}},"6":{"start":{"line":69,"column":25},"end":{"line":69,"column":48}}},"fnMap":{"0":{"name":"(anonymous_0)","decl":{"start":{"line":7,"column":20},"end":{"line":7,"column":21}},"loc":{"start":{"line":7,"column":90},"end":{"line":80,"column":1}},"line":7},"1":{"name":"(anonymous_1)","decl":{"start":{"line":8,"column":22},"end":{"line":8,"column":23}},"loc":{"start":{"line":8,"column":34},"end":{"line":15,"column":3}},"line":8},"2":{"name":"(anonymous_2)","decl":{"start":{"line":9,"column":29},"end":{"line":9,"column":30}},"loc":{"start":{"line":10,"column":6},"end":{"line":13,"column":8}},"line":10},"3":{"name":"(anonymous_3)","decl":{"start":{"line":36,"column":19},"end":{"line":36,"column":20}},"loc":{"start":{"line":36,"column":25},"end":{"line":36,"column":53}},"line":36},"4":{"name":"(anonymous_4)","decl":{"start":{"line":69,"column":19},"end":{"line":69,"column":20}},"loc":{"start":{"line":69,"column":25},"end":{"line":69,"column":48}},"line":69}},"branchMap":{"0":{"loc":{"start":{"line":7,"column":63},"end":{"line":7,"column":83}},"type":"default-arg","locations":[{"start":{"line":7,"column":78},"end":{"line":7,"column":83}}],"line":7},"1":{"loc":{"start":{"line":12,"column":30},"end":{"line":12,"column":103}},"type":"cond-expr","locations":[{"start":{"line":12,"column":55},"end":{"line":12,"column":85}},{"start":{"line":12,"column":88},"end":{"line":12,"column":103}}],"line":12},"2":{"loc":{"start":{"line":26,"column":15},"end":{"line":26,"column":58}},"type":"binary-expr","locations":[{"start":{"line":26,"column":15},"end":{"line":26,"column":28}},{"start":{"line":26,"column":32},"end":{"line":26,"column":58}}],"line":26},"3":{"loc":{"start":{"line":30,"column":9},"end":{"line":34,"column":9}},"type":"binary-expr","locations":[{"start":{"line":30,"column":9},"end":{"line":30,"column":27}},{"start":{"line":31,"column":10},"end":{"line":33,"column":16}}],"line":30},"4":{"loc":{"start":{"line":39,"column":11},"end":{"line":43,"column":11}},"type":"cond-expr","locations":[{"start":{"line":40,"column":12},"end":{"line":40,"column":63}},{"start":{"line":42,"column":12},"end":{"line":42,"column":59}}],"line":39},"5":{"loc":{"start":{"line":61,"column":13},"end":{"line":63,"column":13}},"type":"binary-expr","locations":[{"start":{"line":61,"column":13},"end":{"line":61,"column":34}},{"start":{"line":62,"column":14},"end":{"line":62,"column":98}}],"line":61},"6":{"loc":{"start":{"line":75,"column":11},"end":{"line":75,"column":63}},"type":"cond-expr","locations":[{"start":{"line":75,"column":33},"end":{"line":75,"column":47}},{"start":{"line":75,"column":50},"end":{"line":75,"column":63}}],"line":75}},"s":{"0":0,"1":0,"2":0,"3":0,"4":0,"5":0,"6":0},"f":{"0":0,"1":0,"2":0,"3":0,"4":0},"b":{"0":[0],"1":[0,0],"2":[0,0],"3":[0,0],"4":[0,0],"5":[0,0],"6":[0,0]}}
,"C:\\ecommerce-app\\frontend\\src\\components\\ui\\SearchInput.js": {"path":"C:\\ecommerce-app\\frontend\\src\\components\\ui\\SearchInput.js","statementMap":{"0":{"start":{"line":4,"column":20},"end":{"line":49,"column":1}},"1":{"start":{"line":5,"column":28},"end":{"line":5,"column":40}},"2":{"start":{"line":6,"column":40},"end":{"line":6,"column":52}},"3":{"start":{"line":8,"column":26},"end":{"line":13,"column":3}},"4":{"start":{"line":10,"column":6},"end":{"line":10,"column":28}},"5":{"start":{"line":15,"column":28},"end":{"line":19,"column":3}},"6":{"start":{"line":16,"column":18},"end":{"line":16,"column":32}},"7":{"start":{"line":17,"column":4},"end":{"line":17,"column":20}},"8":{"start":{"line":18,"column":4},"end":{"line":18,"column":27}},"9":{"start":{"line":21,"column":2},"end":{"line":48,"column":4}},"10":{"start":{"line":33,"column":12},"end":{"line":43,"column":18}},"11":{"start":{"line":37,"column":16},"end":{"line":37,"column":37}},"12":{"start":{"line":38,"column":16},"end":{"line":38,"column":37}},"13":{"start":{"line":39,"column":16},"end":{"line":39,"column":35}}},"fnMap":{"0":{"name":"(anonymous_0)","decl":{"start":{"line":4,"column":20},"end":{"line":4,"column":21}},"loc":{"start":{"line":4,"column":74},"end":{"line":49,"column":1}},"line":4},"1":{"name":"(anonymous_1)","decl":{"start":{"line":9,"column":13},"end":{"line":9,"column":14}},"loc":{"start":{"line":9,"column":30},"end":{"line":11,"column":5}},"line":9},"2":{"name":"(anonymous_2)","decl":{"start":{"line":15,"column":28},"end":{"line":15,"column":29}},"loc":{"start":{"line":15,"column":35},"end":{"line":19,"column":3}},"line":15},"3":{"name":"(anonymous_3)","decl":{"start":{"line":32,"column":27},"end":{"line":32,"column":28}},"loc":{"start":{"line":33,"column":12},"end":{"line":43,"column":18}},"line":33},"4":{"name":"(anonymous_4)","decl":{"start":{"line":36,"column":23},"end":{"line":36,"column":24}},"loc":{"start":{"line":36,"column":29},"end":{"line":40,"column":15}},"line":36}},"branchMap":{"0":{"loc":{"start":{"line":4,"column":33},"end":{"line":4,"column":67}},"type":"default-arg","locations":[{"start":{"line":4,"column":47},"end":{"line":4,"column":67}}],"line":4},"1":{"loc":{"start":{"line":30,"column":7},"end":{"line":46,"column":7}},"type":"binary-expr","locations":[{"start":{"line":30,"column":7},"end":{"line":30,"column":29}},{"start":{"line":31,"column":8},"end":{"line":45,"column":14}}],"line":30}},"s":{"0":1,"1":0,"2":0,"3":0,"4":0,"5":0,"6":0,"7":0,"8":0,"9":0,"10":0,"11":0,"12":0,"13":0},"f":{"0":0,"1":0,"2":0,"3":0,"4":0},"b":{"0":[0],"1":[0,0]},"_coverageSchema":"1a1c01bbd47fc00a2c39e90264f33305004495a9","hash":"4f2cacc4aeb7a281ff12abe26f45217b9c148e91"}
[...]
35,"column":17},"end":{"line":135,"column":18}},"loc":{"start":{"line":135,"column":27},"end":{"line":135,"column":66}},"line":135},"24":{"name":"(anonymous_24)","decl":{"start":{"line":139,"column":15},"end":{"line":139,"column":16}},"loc":{"start":{"line":139,"column":27},"end":{"line":139,"column":115}},"line":139},"25":{"name":"(anonymous_25)","decl":{"start":{"line":140,"column":14},"end":{"line":140,"column":15}},"loc":{"start":{"line":140,"column":22},"end":{"line":140,"column":98}},"line":140},"26":{"name":"(anonymous_26)","decl":{"start":{"line":141,"column":17},"end":{"line":141,"column":18}},"loc":{"start":{"line":141,"column":23},"end":{"line":141,"column":100}},"line":141},"27":{"name":"(anonymous_27)","decl":{"start":{"line":142,"column":17},"end":{"line":142,"column":18}},"loc":{"start":{"line":142,"column":27},"end":{"line":142,"column":54}},"line":142},"28":{"name":"(anonymous_28)","decl":{"start":{"line":143,"column":17},"end":{"line":143,"column":18}},"loc":{"start":{"line":143,"column":25},"end":{"line":143,"column":107}},"line":143},"29":{"name":"(anonymous_29)","decl":{"start":{"line":144,"column":17},"end":{"line":144,"column":18}},"loc":{"start":{"line":144,"column":31},"end":{"line":144,"column":119}},"line":144},"30":{"name":"(anonymous_30)","decl":{"start":{"line":148,"column":13},"end":{"line":148,"column":14}},"loc":{"start":{"line":148,"column":19},"end":{"line":148,"column":38}},"line":148},"31":{"name":"(anonymous_31)","decl":{"start":{"line":149,"column":12},"end":{"line":149,"column":13}},"loc":{"start":{"line":149,"column":20},"end":{"line":149,"column":45}},"line":149},"32":{"name":"(anonymous_32)","decl":{"start":{"line":150,"column":11},"end":{"line":150,"column":12}},"loc":{"start":{"line":150,"column":17},"end":{"line":150,"column":41}},"line":150},"33":{"name":"(anonymous_33)","decl":{"start":{"line":151,"column":13},"end":{"line":151,"column":14}},"loc":{"start":{"line":151,"column":23},"end":{"line":151,"column":58}},"line":151},"34":{"name":"(anonymous_34)","decl":{"start":{"line":152,"column":18},"end":{"line":152,"column":19}},"loc":{"start":{"line":152,"column":30},"end":{"line":152,"column":74}},"line":152},"35":{"name":"(anonymous_35)","decl":{"start":{"line":153,"column":12},"end":{"line":153,"column":13}},"loc":{"start":{"line":153,"column":22},"end":{"line":153,"column":57}},"line":153},"36":{"name":"(anonymous_36)","decl":{"start":{"line":154,"column":19},"end":{"line":154,"column":20}},"loc":{"start":{"line":154,"column":29},"end":{"line":154,"column":72}},"line":154},"37":{"name":"(anonymous_37)","decl":{"start":{"line":155,"column":20},"end":{"line":155,"column":21}},"loc":{"start":{"line":155,"column":33},"end":{"line":155,"column":78}},"line":155},"38":{"name":"(anonymous_38)","decl":{"start":{"line":156,"column":21},"end":{"line":156,"column":22}},"loc":{"start":{"line":156,"column":40},"end":{"line":156,"column":78}},"line":156},"39":{"name":"(anonymous_39)","decl":{"start":{"line":160,"column":15},"end":{"line":160,"column":16}},"loc":{"start":{"line":160,"column":21},"end":{"line":160,"column":51}},"line":160},"40":{"name":"(anonymous_40)","decl":{"start":{"line":161,"column":17},"end":{"line":161,"column":18}},"loc":{"start":{"line":161,"column":32},"end":{"line":161,"column":94}},"line":161},"41":{"name":"(anonymous_41)","decl":{"start":{"line":162,"column":22},"end":{"line":162,"column":23}},"loc":{"start":{"line":162,"column":34},"end":{"line":162,"column":84}},"line":162},"42":{"name":"(anonymous_42)","decl":{"start":{"line":163,"column":23},"end":{"line":163,"column":24}},"loc":{"start":{"line":163,"column":38},"end":{"line":163,"column":87}},"line":163},"43":{"name":"(anonymous_43)","decl":{"start":{"line":167,"column":21},"end":{"line":167,"column":22}},"loc":{"start":{"line":167,"column":36},"end":{"line":167,"column":78}},"line":167},"44":{"name":"(anonymous_44)","decl":{"start":{"line":168,"column":16},"end":{"line":168,"column":17}},"loc":{"start":{"line":168,"column":26},"end":{"line":168,"column":69}},"line":168},"45":{"name":"(anonymous_45)","decl":{"start":{"line":169,"column":21},"end":{"line":169,"column":22}},"loc":{"start":{"line":169,"column":53},"end":{"line":172,"column":4}},"line":169},"46":{"name":"(anonymous_46)","decl":{"start":{"line":176,"column":21},"end":{"line":176,"column":22}},"loc":{"start":{"line":176,"column":36},"end":{"line":176,"column":77}},"line":176},"47":{"name":"(anonymous_47)","decl":{"start":{"line":177,"column":18},"end":{"line":177,"column":19}},"loc":{"start":{"line":177,"column":30},"end":{"line":177,"column":67}},"line":177},"48":{"name":"(anonymous_48)","decl":{"start":{"line":178,"column":21},"end":{"line":178,"column":22}},"loc":{"start":{"line":178,"column":37},"end":{"line":178,"column":82}},"line":178}},"branchMap":{"0":{"loc":{"start":{"line":4,"column":21},"end":{"line":4,"column":91}},"type":"binary-expr","locations":[{"start":{"line":4,"column":21},"end":{"line":4,"column":50}},{"start":{"line":4,"column":54},"end":{"line":4,"column":91}}],"line":4},"1":{"loc":{"start":{"line":13,"column":13},"end":{"line":13,"column":24}},"type":"default-arg","locations":[{"start":{"line":13,"column":22},"end":{"line":13,"column":24}}],"line":13},"2":{"loc":{"start":{"line":14,"column":4},"end":{"line":96,"column":5}},"type":"if","locations":[{"start":{"line":14,"column":4},"end":{"line":96,"column":5}},{"start":{},"end":{}}],"line":14},"3":{"loc":{"start":{"line":16,"column":21},"end":{"line":16,"column":40}},"type":"binary-expr","locations":[{"start":{"line":16,"column":21},"end":{"line":16,"column":34}},{"start":{"line":16,"column":38},"end":{"line":16,"column":40}}],"line":16},"4":{"loc":{"start":{"line":19,"column":6},"end":{"line":27,"column":7}},"type":"if","locations":[{"start":{"line":19,"column":6},"end":{"line":27,"column":7}},{"start":{},"end":{}}],"line":19},"5":{"loc":{"start":{"line":22,"column":10},"end":{"line":25,"column":58}},"type":"binary-expr","locations":[{"start":{"line":22,"column":10},"end":{"line":22,"column":57}},{"start":{"line":23,"column":10},"end":{"line":23,"column":64}},{"start":{"line":24,"column":10},"end":{"line":24,"column":61}},{"start":{"line":25,"column":10},"end":{"line":25,"column":58}}],"line":22},"6":{"loc":{"start":{"line":30,"column":6},"end":{"line":34,"column":7}},"type":"if","locations":[{"start":{"line":30,"column":6},"end":{"line":34,"column":7}},{"start":{},"end":{}}],"line":30},"7":{"loc":{"start":{"line":37,"column":6},"end":{"line":41,"column":7}},"type":"if","locations":[{"start":{"line":37,"column":6},"end":{"line":41,"column":7}},{"start":{},"end":{}}],"line":37},"8":{"loc":{"start":{"line":42,"column":6},"end":{"line":46,"column":7}},"type":"if","locations":[{"start":{"line":42,"column":6},"end":{"line":46,"column":7}},{"start":{},"end":{}}],"line":42},"9":{"loc":{"start":{"line":49,"column":6},"end":{"line":53,"column":7}},"type":"if","locations":[{"start":{"line":49,"column":6},"end":{"line":53,"column":7}},{"start":{},"end":{}}],"line":49},"10":{"loc":{"start":{"line":56,"column":6},"end":{"line":79,"column":7}},"type":"if","locations":[{"start":{"line":56,"column":6},"end":{"line":79,"column":7}},{"start":{},"end":{}}],"line":56},"11":{"loc":{"start":{"line":57,"column":8},"end":{"line":78,"column":9}},"type":"switch","locations":[{"start":{"line":58,"column":10},"end":{"line":60,"column":18}},{"start":{"line":61,"column":10},"end":{"line":63,"column":18}},{"start":{"line":64,"column":10},"end":{"line":66,"column":18}},{"start":{"line":67,"column":10},"end":{"line":69,"column":18}},{"start":{"line":70,"column":10},"end":{"line":72,"column":18}},{"start":{"line":73,"column":10},"end":{"line":75,"column":18}},{"start":{"line":76,"column":10},"end":{"line":77,"column":18}}],"line":57},"12":{"loc":{"start":{"line":82,"column":19},"end":{"line":82,"column":45}},"type":"binary-expr","locations":[{"start":{"line":82,"column":19},"end":{"line":82,"column":40}},{"start":{"line":82,"column":44},"end":{"line":82,"column":45}}],"line":82},"13":{"loc":{"start":{"line":83,"column":23},"end":{"line":83,"column":55}},"type":"binary-expr","locations":[{"start":{"line":83,"column":23},"end":{"line":83,"column":49}},{"start":{"line":83,"column":53},"end":{"line":83,"column":55}}],"line":83},"14":{"loc":{"start":{"line":92,"column":16},"end":{"line":92,"column":79}},"type":"cond-expr","locations":[{"start":{"line":92,"column":53},"end":{"line":92,"column":72}},{"start":{"line":92,"column":75},"end":{"line":92,"column":79}}],"line":92},"15":{"loc":{"start":{"line":93,"column":20},"end":{"line":93,"column":57}},"type":"cond-expr","locations":[{"start":{"line":93,"column":31},"end":{"line":93,"column":50}},{"start":{"line":93,"column":53},"end":{"line":93,"column":57}}],"line":93},"16":{"loc":{"start":{"line":98,"column":4},"end":{"line":100,"column":5}},"type":"if","locations":[{"start":{"line":98,"column":4},"end":{"line":100,"column":5}},{"start":{},"end":{}}],"line":98},"17":{"loc":{"start":{"line":102,"column":4},"end":{"line":106,"column":5}},"type":"if","locations":[{"start":{"line":102,"column":4},"end":{"line":106,"column":5}},{"start":{},"end":{}}],"line":102},"18":{"loc":{"start":{"line":102,"column":8},"end":{"line":102,"column":57}},"type":"binary-expr","locations":[{"start":{"line":102,"column":8},"end":{"line":102,"column":36}},{"start":{"line":102,"column":40},"end":{"line":102,"column":57}}],"line":102},"19":{"loc":{"start":{"line":105,"column":13},"end":{"line":105,"column":91}},"type":"cond-expr","locations":[{"start":{"line":105,"column":23},"end":{"line":105,"column":57}},{"start":{"line":105,"column":60},"end":{"line":105,"column":91}}],"line":105},"20":{"loc":{"start":{"line":118,"column":2},"end":{"line":120,"column":3}},"type":"if","locations":[{"start":{"line":118,"column":2},"end":{"line":120,"column":3}},{"start":{},"end":{}}],"line":118},"21":{"loc":{"start":{"line":122,"column":2},"end":{"line":125,"column":3}},"type":"if","locations":[{"start":{"line":122,"column":2},"end":{"line":125,"column":3}},{"start":{},"end":{}}],"line":122},"22":{"loc":{"start":{"line":139,"column":27},"end":{"line":139,"column":115}},"type":"cond-expr","locations":[{"start":{"line":139,"column":43},"end":{"line":139,"column":80}},{"start":{"line":139,"column":83},"end":{"line":139,"column":115}}],"line":139},"23":{"loc":{"start":{"line":140,"column":22},"end":{"line":140,"column":98}},"type":"cond-expr","locations":[{"start":{"line":140,"column":38},"end":{"line":140,"column":69}},{"start":{"line":140,"column":72},"end":{"line":140,"column":98}}],"line":140},"24":{"loc":{"start":{"line":141,"column":23},"end":{"line":141,"column":100}},"type":"cond-expr","locations":[{"start":{"line":141,"column":39},"end":{"line":141,"column":75}},{"start":{"line":141,"column":78},"end":{"line":141,"column":100}}],"line":141},"25":{"loc":{"start":{"line":143,"column":25},"end":{"line":143,"column":107}},"type":"cond-expr","locations":[{"start":{"line":143,"column":41},"end":{"line":143,"column":75}},{"start":{"line":143,"column":78},"end":{"line":143,"column":107}}],"line":143},"26":{"loc":{"start":{"line":144,"column":31},"end":{"line":144,"column":119}},"type":"cond-expr","locations":[{"start":{"line":144,"column":47},"end":{"line":144,"column":84}},{"start":{"line":144,"column":87},"end":{"line":144,"column":119}}],"line":144},"27":{"loc":{"start":{"line":169,"column":32},"end":{"line":169,"column":48}},"type":"default-arg","locations":[{"start":{"line":169,"column":44},"end":{"line":169,"column":48}}],"line":169},"28":{"loc":{"start":{"line":176,"column":22},"end":{"line":176,"column":31}},"type":"default-arg","locations":[{"start":{"line":176,"column":29},"end":{"line":176,"column":31}}],"line":176}},"s":{"0":1,"1":1,"2":1,"3":1,"4":0,"5":0,"6":0,"7":0,"8":0,"9":0,"10":0,"11":0,"12":0,"13":0,"14":0,"15":0,"16":0,"17":0,"18":0,"19":0,"20":0,"21":0,"22":0,"23":0,"24":0,"25":0,"26":0,"27":0,"28":0,"29":0,"30":0,"31":0,"32":0,"33":0,"34":0,"35":0,"36":0,"37":0,"38":0,"39":0,"40":0,"41":0,"42":0,"43":0,"44":0,"45":0,"46":0,"47":0,"48":0,"49":0,"50":0,"51":0,"52":0,"53":0,"54":0,"55":0,"56":0,"57":0,"58":0,"59":0,"60":0,"61":0,"62":1,"63":0,"64":0,"65":0,"66":0,"67":0,"68":0,"69":0,"70":1,"71":0,"72":0,"73":0,"74":0,"75":0,"76":0,"77":1,"78":0,"79":0,"80":0,"81":0,"82":0,"83":0,"84":1,"85":0,"86":0,"87":0,"88":0,"89":0,"90":0,"91":0,"92":0,"93":0,"94":1,"95":0,"96":0,"97":0,"98":0,"99":1,"100":0,"101":0,"102":0,"103":1,"104":0,"105":0,"106":0},"f":{"0":0,"1":0,"2":0,"3":0,"4":0,"5":0,"6":0,"7":0,"8":0,"9":0,"10":0,"11":0,"12":0,"13":0,"14":0,"15":0,"16":0,"17":0,"18":0,"19":0,"20":0,"21":0,"22":0,"23":0,"24":0,"25":0,"26":0,"27":0,"28":0,"29":0,"30":0,"31":0,"32":0,"33":0,"34":0,"35":0,"36":0,"37":0,"38":0,"39":0,"40":0,"41":0,"42":0,"43":0,"44":0,"45":0,"46":0,"47":0,"48":0},"b":{"0":[1,0],"1":[0],"2":[0,0],"3":[0,0],"4":[0,0],"5":[0,0,0,0],"6":[0,0],"7":[0,0],"8":[0,0],"9":[0,0],"10":[0,0],"11":[0,0,0,0,0,0,0],"12":[0,0],"13":[0,0],"14":[0,0],"15":[0,0],"16":[0,0],"17":[0,0],"18":[0,0],"19":[0,0],"20":[0,0],"21":[0,0],"22":[0,0],"23":[0,0],"24":[0,0],"25":[0,0],"26":[0,0],"27":[0],"28":[0]},"_coverageSchema":"1a1c01bbd47fc00a2c39e90264f33305004495a9","hash":"efc656d22058576f64d4676cf0f2b8baa63e9cf2"}
,"C:\\ecommerce-app\\frontend\\src\\services\\firebase.js": {"path":"C:\\ecommerce-app\\frontend\\src\\services\\firebase.js","statementMap":{"0":{"start":{"line":6,"column":23},"end":{"line":13,"column":1}},"1":{"start":{"line":15,"column":12},"end":{"line":15,"column":41}},"2":{"start":{"line":16,"column":20},"end":{"line":16,"column":32}},"3":{"start":{"line":17,"column":18},"end":{"line":17,"column":35}},"4":{"start":{"line":18,"column":25},"end":{"line":18,"column":81}}},"fnMap":{},"branchMap":{"0":{"loc":{"start":{"line":7,"column":10},"end":{"line":7,"column":62}},"type":"binary-expr","locations":[{"start":{"line":7,"column":10},"end":{"line":7,"column":48}},{"start":{"line":7,"column":52},"end":{"line":7,"column":62}}],"line":7},"1":{"loc":{"start":{"line":8,"column":14},"end":{"line":8,"column":91}},"type":"binary-expr","locations":[{"start":{"line":8,"column":14},"end":{"line":8,"column":56}},{"start":{"line":8,"column":60},"end":{"line":8,"column":91}}],"line":8},"2":{"loc":{"start":{"line":9,"column":13},"end":{"line":9,"column":73}},"type":"binary-expr","locations":[{"start":{"line":9,"column":13},"end":{"line":9,"column":54}},{"start":{"line":9,"column":58},"end":{"line":9,"column":73}}],"line":9},"3":{"loc":{"start":{"line":10,"column":17},"end":{"line":10,"column":93}},"type":"binary-expr","locations":[{"start":{"line":10,"column":17},"end":{"line":10,"column":62}},{"start":{"line":10,"column":66},"end":{"line":10,"column":93}}],"line":10},"4":{"loc":{"start":{"line":11,"column":21},"end":{"line":11,"column":86}},"type":"binary-expr","locations":[{"start":{"line":11,"column":21},"end":{"line":11,"column":71}},{"start":{"line":11,"column":75},"end":{"line":11,"column":86}}],"line":11},"5":{"loc":{"start":{"line":12,"column":9},"end":{"line":12,"column":74}},"type":"binary-expr","locations":[{"start":{"line":12,"column":9},"end":{"line":12,"column":46}},{"start":{"line":12,"column":50},"end":{"line":12,"column":74}}],"line":12},"6":{"loc":{"start":{"line":18,"column":25},"end":{"line":18,"column":81}},"type":"cond-expr","locations":[{"start":{"line":18,"column":57},"end":{"line":18,"column":74}},{"start":{"line":18,"column":77},"end":{"line":18,"column":81}}],"line":18}},"s":{"0":0,"1":0,"2":0,"3":0,"4":0},"f":{},"b":{"0":[0,0],"1":[0,0],"2":[0,0],"3":[0,0],"4":[0,0],"5":[0,0],"6":[0,0]}}
,"C:\\ecommerce-app\\frontend\\src\\services\\mockData.js": {"path":"C:\\ecommerce-app\\frontend\\src\\services\\mockData.js","statementMap":{"0":{"start":{"line":2,"column":28},"end":{"line":476,"column":1}},"1":{"start":{"line":478,"column":30},"end":{"line":486,"column":1}}},"fnMap":{},"branchMap":{},"s":{"0":1,"1":1},"f":{},"b":{},"_coverageSchema":"1a1c01bbd47fc00a2c39e90264f33305004495a9","hash":"4d3c9e8a7a6c1f152f515431622e78e79a8f58e2"}
,"C:\\ecommerce-app\\frontend\\src\\utils\\validation.js": {"path":"C:\\ecommerce-app\\frontend\\src\\utils\\validation.js","statementMap":{"0":{"start":{"line":2,"column":29},"end":{"line":5,"column":1}},"1":{"start":{"line":3,"column":21},"end":{"line":3,"column":49}},"2":{"start":{"line":4,"column":2},"end":{"line":4,"column":32}},"3":{"start":{"line":7,"column":32},"end":{"line":9,"column":1}},"4":{"start":{"line":8,"column":2},"end":{"line":8,"column":30}},"5":{"start":{"line":11,"column":29},"end":{"line":14,"column":1}},"6":{"start":{"line":12,"column":21},"end":{"line":12,"column":41}},"7":{"start":{"line":13,"column":2},"end":{"line":13,"column":32}},"8":{"start":{"line":16,"column":29},"end":{"line":24,"column":1}},"9":{"start":{"line":17,"column":2},"end":{"line":17,"column":46}},"10":{"start":{"line":17,"column":33},"end":{"line":17,"column":46}},"11":{"start":{"line":19,"column":2},"end":{"line":23,"column":12}},"12":{"start":{"line":26,"column":32},"end":{"line":28,"column":1}},"13":{"start":{"line":27,"column":2},"end":{"line":27,"column":81}},"14":{"start":{"line":30,"column":31},"end":{"line":32,"column":1}},"15":{"start":{"line":31,"column":2},"end":{"line":31,"column":42}},"16":{"start":{"line":34,"column":29},"end":{"line":37,"column":1}},"17":{"start":{"line":35,"column":19},"end":{"line":35,"column":36}},"18":{"start":{"line":36,"column":2},"end":{"line":36,"column":52}}},"fnMap":{"0":{"name":"(anonymous_0)","decl":{"start":{"line":2,"column":29},"end":{"line":2,"column":30}},"loc":{"start":{"line":2,"column":40},"end":{"line":5,"column":1}},"line":2},"1":{"name":"(anonymous_1)","decl":{"start":{"line":7,"column":32},"end":{"line":7,"column":33}},"loc":{"start":{"line":7,"column":46},"end":{"line":9,"column":1}},"line":7},"2":{"name":"(anonymous_2)","decl":{"start":{"line":11,"column":29},"end":{"line":11,"column":30}},"loc":{"start":{"line":11,"column":40},"end":{"line":14,"column":1}},"line":11},"3":{"name":"(anonymous_3)","decl":{"start":{"line":16,"column":29},"end":{"line":16,"column":30}},"loc":{"start":{"line":16,"column":40},"end":{"line":24,"column":1}},"line":16},"4":{"name":"(anonymous_4)","decl":{"start":{"line":26,"column":32},"end":{"line":26,"column":33}},"loc":{"start":{"line":26,"column":43},"end":{"line":28,"column":1}},"line":26},"5":{"name":"(anonymous_5)","decl":{"start":{"line":30,"column":31},"end":{"line":30,"column":32}},"loc":{"start":{"line":30,"column":42},"end":{"line":32,"column":1}},"line":30},"6":{"name":"(anonymous_6)","decl":{"start":{"line":34,"column":29},"end":{"line":34,"column":30}},"loc":{"start":{"line":34,"column":40},"end":{"line":37,"column":1}},"line":34}},"branchMap":{"0":{"loc":{"start":{"line":17,"column":2},"end":{"line":17,"column":46}},"type":"if","locations":[{"start":{"line":17,"column":2},"end":{"line":17,"column":46}},{"start":{},"end":{}}],"line":17},"1":{"loc":{"start":{"line":27,"column":9},"end":{"line":27,"column":80}},"type":"binary-expr","locations":[{"start":{"line":27,"column":9},"end":{"line":27,"column":23}},{"start":{"line":27,"column":27},"end":{"line":27,"column":46}},{"start":{"line":27,"column":50},"end":{"line":27,"column":80}}],"line":27},"2":{"loc":{"start":{"line":31,"column":9},"end":{"line":31,"column":41}},"type":"binary-expr","locations":[{"start":{"line":31,"column":9},"end":{"line":31,"column":22}},{"start":{"line":31,"column":26},"end":{"line":31,"column":41}}],"line":31},"3":{"loc":{"start":{"line":36,"column":9},"end":{"line":36,"column":51}},"type":"binary-expr","locations":[{"start":{"line":36,"column":9},"end":{"line":36,"column":34}},{"start":{"line":36,"column":38},"end":{"line":36,"column":51}}],"line":36}},"s":{"0":0,"1":0,"2":0,"3":0,"4":0,"5":0,"6":0,"7":0,"8":0,"9":0,"10":0,"11":0,"12":0,"13":0,"14":0,"15":0,"16":0,"17":0,"18":0},"f":{"0":0,"1":0,"2":0,"3":0,"4":0,"5":0,"6":0},"b":{"0":[0,0],"1":[0,0,0],"2":[0,0],"3":[0,0]}}
}
