TN:
SF:src/pages/Products.js
FN:9,(anonymous_0)
FN:23,(anonymous_1)
FN:33,(anonymous_2)
FN:34,(anonymous_3)
FN:37,(anonymous_4)
FN:40,(anonymous_5)
FN:41,(anonymous_6)
FN:53,(anonymous_7)
FN:67,(anonymous_8)
FN:71,(anonymous_9)
FN:83,(anonymous_10)
FN:114,(anonymous_11)
FN:139,(anonymous_12)
FN:145,(anonymous_13)
FN:180,(anonymous_14)
FN:183,(anonymous_15)
FN:194,(anonymous_16)
FN:212,(anonymous_17)
FN:215,(anonymous_18)
FN:227,(anonymous_19)
FN:230,(anonymous_20)
FN:240,(anonymous_21)
FN:260,(anonymous_22)
FN:341,(anonymous_23)
FN:373,(anonymous_24)
FNF:25
FNH:15
FNDA:22,(anonymous_0)
FNDA:9,(anonymous_1)
FNDA:9,(anonymous_2)
FNDA:2,(anonymous_3)
FNDA:9,(anonymous_4)
FNDA:10,(anonymous_5)
FNDA:10,(anonymous_6)
FNDA:18,(anonymous_7)
FNDA:7,(anonymous_8)
FNDA:7,(anonymous_9)
FNDA:0,(anonymous_10)
FNDA:4,(anonymous_11)
FNDA:4,(anonymous_12)
FNDA:0,(anonymous_13)
FNDA:1,(anonymous_14)
FNDA:28,(anonymous_15)
FNDA:0,(anonymous_16)
FNDA:0,(anonymous_17)
FNDA:0,(anonymous_18)
FNDA:0,(anonymous_19)
FNDA:0,(anonymous_20)
FNDA:28,(anonymous_21)
FNDA:0,(anonymous_22)
FNDA:0,(anonymous_23)
FNDA:0,(anonymous_24)
DA:9,1
DA:10,22
DA:11,22
DA:12,22
DA:13,22
DA:14,22
DA:15,22
DA:16,22
DA:17,22
DA:19,22
DA:20,22
DA:21,22
DA:23,22
DA:25,9
DA:26,9
DA:27,9
DA:28,0
DA:33,22
DA:34,9
DA:35,2
DA:37,9
DA:40,22
DA:41,10
DA:42,10
DA:43,10
DA:44,10
DA:45,10
DA:46,10
DA:47,10
DA:48,10
DA:50,10
DA:51,9
DA:52,9
DA:53,18
DA:55,9
DA:57,1
DA:58,1
DA:60,10
DA:64,10
DA:67,22
DA:68,7
DA:71,22
DA:72,7
DA:73,7
DA:75,6
DA:76,6
DA:78,1
DA:79,1
DA:83,22
DA:84,0
DA:85,0
DA:86,0
DA:89,0
DA:90,0
DA:91,0
DA:92,0
DA:94,0
DA:95,0
DA:99,22
DA:100,7
DA:108,15
DA:114,4
DA:139,4
DA:146,0
DA:147,0
DA:148,0
DA:149,0
DA:150,0
DA:180,1
DA:184,28
DA:194,0
DA:213,0
DA:214,0
DA:215,0
DA:228,0
DA:229,0
DA:230,0
DA:241,28
DA:261,0
DA:262,0
DA:341,0
DA:374,0
DA:375,0
LF:83
LH:56
BRDA:27,0,0,0
BRDA:27,0,1,9
BRDA:27,1,0,9
BRDA:27,1,1,0
BRDA:44,2,0,1
BRDA:44,2,1,9
BRDA:45,3,0,2
BRDA:45,3,1,8
BRDA:46,4,0,0
BRDA:46,4,1,10
BRDA:47,5,0,0
BRDA:47,5,1,10
BRDA:48,6,0,0
BRDA:48,6,1,10
BRDA:51,7,0,9
BRDA:51,7,1,0
BRDA:52,8,0,9
BRDA:52,8,1,0
BRDA:53,9,0,18
BRDA:53,9,1,18
BRDA:53,10,0,18
BRDA:53,10,1,0
BRDA:55,11,0,9
BRDA:55,11,1,0
BRDA:75,12,0,6
BRDA:75,12,1,6
BRDA:76,13,0,6
BRDA:76,13,1,0
BRDA:84,14,0,0
BRDA:84,14,1,0
BRDA:99,15,0,7
BRDA:99,15,1,15
BRDA:113,16,0,2
BRDA:113,16,1,13
BRDA:114,17,0,2
BRDA:114,17,1,2
BRDA:119,18,0,4
BRDA:119,18,1,11
BRDA:127,19,0,15
BRDA:127,19,1,13
BRDA:127,19,2,9
BRDA:127,19,3,9
BRDA:127,19,4,9
BRDA:127,19,5,6
BRDA:139,20,0,6
BRDA:139,20,1,2
BRDA:140,21,0,6
BRDA:140,21,1,4
BRDA:141,22,0,6
BRDA:141,22,1,0
BRDA:142,23,0,6
BRDA:142,23,1,6
BRDA:142,23,2,0
BRDA:142,24,0,0
BRDA:142,24,1,0
BRDA:142,25,0,0
BRDA:142,25,1,0
BRDA:183,26,0,15
BRDA:183,26,1,15
BRDA:214,27,0,0
BRDA:214,27,1,0
BRDA:214,28,0,0
BRDA:214,28,1,0
BRDA:214,28,2,0
BRDA:229,29,0,0
BRDA:229,29,1,0
BRDA:229,30,0,0
BRDA:229,30,1,0
BRDA:229,30,2,0
BRDA:251,31,0,28
BRDA:251,31,1,0
BRDA:253,32,0,0
BRDA:253,32,1,28
BRDA:267,33,0,28
BRDA:267,33,1,0
BRDA:277,34,0,28
BRDA:277,34,1,14
BRDA:347,35,0,14
BRDA:347,35,1,14
BRDA:350,36,0,14
BRDA:350,36,1,14
BRDA:359,37,0,15
BRDA:359,37,1,1
BRDA:359,37,2,1
BRDA:363,38,0,0
BRDA:363,38,1,1
BRDA:366,39,0,0
BRDA:366,39,1,1
BRDA:371,40,0,1
BRDA:371,40,1,0
BRF:90
BRH:56
end_of_record
TN:
SF:src/services/api.js
FN:22,(anonymous_0)
FN:30,(anonymous_1)
FN:38,(anonymous_2)
FN:39,(anonymous_3)
FN:40,(anonymous_4)
FN:41,(anonymous_5)
FN:45,(anonymous_6)
FN:46,(anonymous_7)
FN:47,(anonymous_8)
FN:48,(anonymous_9)
FN:49,(anonymous_10)
FN:50,(anonymous_11)
FN:54,(anonymous_12)
FN:55,(anonymous_13)
FN:56,(anonymous_14)
FN:57,(anonymous_15)
FN:58,(anonymous_16)
FN:59,(anonymous_17)
FN:60,(anonymous_18)
FN:61,(anonymous_19)
FN:62,(anonymous_20)
FN:66,(anonymous_21)
FN:67,(anonymous_22)
FN:68,(anonymous_23)
FN:69,(anonymous_24)
FN:73,(anonymous_25)
FN:74,(anonymous_26)
FN:75,(anonymous_27)
FN:82,(anonymous_28)
FN:83,(anonymous_29)
FN:84,(anonymous_30)
FNF:31
FNH:0
FNDA:0,(anonymous_0)
FNDA:0,(anonymous_1)
FNDA:0,(anonymous_2)
FNDA:0,(anonymous_3)
FNDA:0,(anonymous_4)
FNDA:0,(anonymous_5)
FNDA:0,(anonymous_6)
FNDA:0,(anonymous_7)
FNDA:0,(anonymous_8)
FNDA:0,(anonymous_9)
FNDA:0,(anonymous_10)
FNDA:0,(anonymous_11)
FNDA:0,(anonymous_12)
FNDA:0,(anonymous_13)
FNDA:0,(anonymous_14)
FNDA:0,(anonymous_15)
FNDA:0,(anonymous_16)
FNDA:0,(anonymous_17)
FNDA:0,(anonymous_18)
FNDA:0,(anonymous_19)
FNDA:0,(anonymous_20)
FNDA:0,(anonymous_21)
FNDA:0,(anonymous_22)
FNDA:0,(anonymous_23)
FNDA:0,(anonymous_24)
FNDA:0,(anonymous_25)
FNDA:0,(anonymous_26)
FNDA:0,(anonymous_27)
FNDA:0,(anonymous_28)
FNDA:0,(anonymous_29)
FNDA:0,(anonymous_30)
DA:4,1
DA:5,1
DA:21,1
DA:23,0
DA:24,0
DA:26,0
DA:27,0
DA:31,0
DA:32,0
DA:34,0
DA:35,0
DA:38,0
DA:39,0
DA:40,0
DA:41,0
DA:44,1
DA:45,0
DA:46,0
DA:47,0
DA:48,0
DA:49,0
DA:50,0
DA:53,1
DA:54,0
DA:55,0
DA:56,0
DA:57,0
DA:58,0
DA:59,0
DA:60,0
DA:61,0
DA:62,0
DA:65,1
DA:66,0
DA:67,0
DA:68,0
DA:69,0
DA:72,1
DA:73,0
DA:74,0
DA:75,0
DA:81,1
DA:82,0
DA:83,0
DA:84,0
LF:45
LH:8
BRDA:4,0,0,1
BRDA:4,0,1,1
BRDA:75,1,0,0
BRDA:82,2,0,0
BRF:4
BRH:2
end_of_record
